44 1558540242.782560 [T_ST] 1564649212.85511 168 93
104 1558540242.844550 [T_ST] 1564649212.98086 168 93
159 1558540242.902550 [T_ST] 1564649213.09581 164 93
191 1558540242.940760 [T_ST] 1564649213.16457 162 92
208 1558540242.969020 [T_ST] 1564649213.20147 163 94
223 1558540242.991650 [T_ST] 1564649213.23388 160 94
241 1558540243.010070 [T_ST] 1564649213.27158 161 93
252 1558540243.025010 [T_ST] 1564649213.29338 162 94
263 1558540243.036260 [T_ST] 1564649213.32296 160 93
275 1558540243.048940 [T_ST] 1564649213.34332 159 92
284 1558540243.057710 [T_ST] 1564649213.36222 161 93
292 1558540243.068720 [T_ST] 1564649213.38039 159 91
296 1558540243.077640 [T_ST] 1564649213.39038 158 91
301 1558540243.085990 [T_ST] 1564649213.41452 158 91
308 1558540243.094320 [T_ST] 1564649213.42878 158 91
315 1558540243.103110 [T_ST] 1564649213.44267 158 91
320 1558540243.110820 [T_ST] 1564649213.45508 159 90
324 1558540243.118520 [T_ST] 1564649213.46497 159 91
327 1558540243.125100 [T_ST] 1564649213.4742 159 92
334 1558540243.134450 [T_ST] 1564649213.48987 160 92
340 1558540243.141300 [T_ST] 1564649213.50125 160 92
344 1558540243.148640 [T_ST] 1564649213.51338 162 93
350 1558540243.157520 [T_ST] 1564649213.5236 162 93
354 1558540243.164640 [T_ST] 1564649213.53276 161 93
358 1558540243.173580 [T_ST] 1564649213.54422 162 95
363 1558540243.180510 [T_ST] 1564649213.55311 160 93
368 1558540243.187570 [T_ST] 1564649213.56615 160 94
374 1558540243.196010 [T_ST] 1564649213.57692 158 93
380 1558540243.203660 [T_ST] 1564649213.58991 157 94
384 1558540243.212980 [T_ST] 1564649213.5986 157 93
387 1558540243.221670 [T_ST] 1564649213.60486 158 94
390 1558540243.231310 [T_ST] 1564649213.61147 157 92
396 1558540243.240470 [T_ST] 1564649213.62289 158 93
403 1558540243.250240 [T_ST] 1564649213.63816 158 92
410 1558540243.259710 [T_ST] 1564649213.65274 156 92
417 1558540243.268980 [T_ST] 1564649213.66822 158 91
424 1558540243.279780 [T_ST] 1564649213.68187 157 91
434 1558540243.290880 [T_ST] 1564649213.70333 158 90
445 1558540243.305130 [T_ST] 1564649213.72819 157 91
459 1558540243.321030 [T_ST] 1564649213.76965 156 92
487 1558540243.352570 [T_ST] 1564649213.82144 154 94
536 1558540243.408570 [T_ST] 1564649213.92553 154 94
612 1558540243.490570 [T_ST] 1564649214.09139 154 94
632 1558540243.513350 [T_ST] 1564649214.13326 153 95
642 1558540243.524650 [T_ST] 1564649214.15365 153 96
648 1558540243.537760 [T_ST] 1564649214.16705 156 96
658 1558540243.548230 [T_ST] 1564649214.18929 155 95
667 1558540243.557830 [T_ST] 1564649214.20908 157 95
676 1558540243.569570 [T_ST] 1564649214.23245 157 95
680 1558540243.579360 [T_ST] 1564649214.24189 159 95
687 1558540243.588000 [T_ST] 1564649214.25498 161 95
695 1558540243.596090 [T_ST] 1564649214.27268 161 96
700 1558540243.603710 [T_ST] 1564649214.28257 161 96
705 1558540243.614120 [T_ST] 1564649214.29381 162 97
707 1558540243.621750 [T_ST] 1564649214.29854 162 97
709 1558540243.629010 [T_ST] 1564649214.3037 163 98
712 1558540243.635650 [T_ST] 1564649214.30842 164 98
719 1558540243.644200 [T_ST] 1564649214.32293 165 98
724 1558540243.651340 [T_ST] 1564649214.33322 165 98
728 1558540243.657840 [T_ST] 1564649214.34501 165 98
731 1558540243.666740 [T_ST] 1564649214.35343 166 99
732 1558540243.671260 [T_ST] 1564649214.35631 165 98
735 1558540243.683680 [T_ST] 1564649214.36361 165 98
736 1558540243.689730 [T_ST] 1564649214.36665 165 97
737 1558540243.695260 [T_ST] 1564649214.3712 166 98
739 1558540243.702240 [T_ST] 1564649214.37765 165 99
741 1558540243.708380 [T_ST] 1564649214.38077 164 100
743 1558540243.717600 [T_ST] 1564649214.38541 164 100
744 1558540243.727570 [T_ST] 1564649214.3909 163 100
744 1558540243.727570 [T_ST] 1564649214.39121 163 101
745 1558540243.738570 [T_ST] 1564649214.39402 163 102
745 1558540243.738570 [T_ST] 1564649214.3943 164 102
746 1558540243.745610 [T_ST] 1564649214.39574 163 103
748 1558540243.753670 [T_ST] 1564649214.39893 163 103
751 1558540243.760910 [T_ST] 1564649214.40466 162 103
753 1558540243.766070 [T_ST] 1564649214.40907 162 104
756 1558540243.773080 [T_ST] 1564649214.41518 160 104
758 1558540243.779460 [T_ST] 1564649214.42022 159 104
761 1558540243.785960 [T_ST] 1564649214.42592 159 104
763 1558540243.791600 [T_ST] 1564649214.43461 160 103
767 1558540243.799660 [T_ST] 1564649214.44722 161 104
771 1558540243.806700 [T_ST] 1564649214.45667 162 104
776 1558540243.815620 [T_ST] 1564649214.47169 162 103
778 1558540243.823360 [T_ST] 1564649214.47987 162 104
779 1558540243.827860 [T_ST] 1564649214.48481 163 103
780 1558540243.834240 [T_ST] 1564649214.49269 163 104
781 1558540243.838600 [T_ST] 1564649214.50037 164 105
784 1558540243.846510 [T_ST] 1564649214.50915 165 105
787 1558540243.853740 [T_ST] 1564649214.5152 165 105
790 1558540243.859670 [T_ST] 1564649214.52047 164 105
793 1558540243.866510 [T_ST] 1564649214.52646 164 105
797 1558540243.877150 [T_ST] 1564649214.53597 165 106
798 1558540243.881510 [T_ST] 1564649214.53732 166 105
799 1558540243.884800 [T_ST] 1564649214.53956 166 105
801 1558540243.892440 [T_ST] 1564649214.54282 166 104
803 1558540243.899360 [T_ST] 1564649214.54724 169 105
805 1558540243.904890 [T_ST] 1564649214.55143 170 105
807 1558540243.909840 [T_ST] 1564649214.55512 170 106
809 1558540243.916280 [T_ST] 1564649214.55949 169 106
811 1558540243.923670 [T_ST] 1564649214.5642 169 105
812 1558540243.928220 [T_ST] 1564649214.56608 168 106
814 1558540243.935170 [T_ST] 1564649214.57187 168 106
817 1558540243.943520 [T_ST] 1564649214.57577 170 106
819 1558540243.947670 [T_ST] 1564649214.58456 170 106
823 1558540243.956160 [T_ST] 1564649214.59431 171 107
826 1558540243.961600 [T_ST] 1564649214.60213 171 108
829 1558540243.970380 [T_ST] 1564649214.61067 171 109
831 1558540243.979610 [T_ST] 1564649214.62114 172 109
832 1558540243.985880 [T_ST] 1564649214.62243 172 110
834 1558540243.993910 [T_ST] 1564649214.62714 172 110
837 1558540244.007290 [T_ST] 1564649214.63315 170 110
838 1558540244.013160 [T_ST] 1564649214.63619 170 111
840 1558540244.022340 [T_ST] 1564649214.63971 170 111
844 1558540244.033280 [T_ST] 1564649214.64738 170 112
853 1558540244.043480 [T_ST] 1564649214.66611 170 114
864 1558540244.055900 [T_ST] 1564649214.68934 170 114
879 1558540244.071030 [T_ST] 1564649214.7227 169 113
892 1558540244.086720 [T_ST] 1564649214.75316 170 114
916 1558540244.110590 [T_ST] 1564649214.81508 170 115
943 1558540244.143560 [T_ST] 1564649214.87256 169 115
1007 1558540244.218190 [T_ST] 1564649215.00845 170 116
1044 1558540244.258650 [T_ST] 1564649215.08736 169 117
1065 1558540244.285400 [T_ST] 1564649215.13259 170 116
1075 1558540244.300380 [T_ST] 1564649215.15436 169 117
1087 1558540244.316860 [T_ST] 1564649215.18151 167 118
1090 1558540244.328180 [T_ST] 1564649215.19206 166 117
1093 1558540244.339810 [T_ST] 1564649215.201 166 117
1097 1558540244.349710 [T_ST] 1564649215.21137 166 119
1102 1558540244.357130 [T_ST] 1564649215.22127 165 119
1110 1558540244.365580 [T_ST] 1564649215.23901 166 119
1118 1558540244.374390 [T_ST] 1564649215.25468 166 120
1123 1558540244.382070 [T_ST] 1564649215.26926 167 120
1129 1558540244.391330 [T_ST] 1564649215.28392 166 120
1135 1558540244.398390 [T_ST] 1564649215.29685 168 118
1140 1558540244.405110 [T_ST] 1564649215.30611 167 119
1147 1558540244.412320 [T_ST] 1564649215.32297 166 118
1151 1558540244.419990 [T_ST] 1564649215.33457 165 118
1155 1558540244.425570 [T_ST] 1564649215.34477 164 119
1159 1558540244.434180 [T_ST] 1564649215.35295 167 120
1164 1558540244.440020 [T_ST] 1564649215.36181 170 121
1171 1558540244.449760 [T_ST] 1564649215.37801 170 122
1173 1558540244.456230 [T_ST] 1564649215.38237 171 120
1176 1558540244.465110 [T_ST] 1564649215.38932 171 119
1179 1558540244.472590 [T_ST] 1564649215.39466 171 119
1183 1558540244.478880 [T_ST] 1564649215.40277 171 118
1185 1558540244.485960 [T_ST] 1564649215.40836 173 117
1189 1558540244.492850 [T_ST] 1564649215.4166 173 117
1193 1558540244.500590 [T_ST] 1564649215.42515 172 115
1198 1558540244.507520 [T_ST] 1564649215.43483 171 116
1204 1558540244.515720 [T_ST] 1564649215.45631 171 116
1207 1558540244.522970 [T_ST] 1564649215.46204 171 116
1211 1558540244.531850 [T_ST] 1564649215.47015 170 116
1214 1558540244.546580 [T_ST] 1564649215.48209 169 116
1215 1558540244.551590 [T_ST] 1564649215.4831 169 116
1218 1558540244.559630 [T_ST] 1564649215.49031 169 117
1220 1558540244.564680 [T_ST] 1564649215.4941 167 117
1223 1558540244.573070 [T_ST] 1564649215.49862 167 116
1227 1558540244.582100 [T_ST] 1564649215.50771 166 117
1229 1558540244.587480 [T_ST] 1564649215.5126 166 116
1234 1558540244.595110 [T_ST] 1564649215.5217 167 115
1239 1558540244.602390 [T_ST] 1564649215.53214 166 114
1245 1558540244.609730 [T_ST] 1564649215.54456 166 115
1251 1558540244.617540 [T_ST] 1564649215.55716 164 115
1255 1558540244.625300 [T_ST] 1564649215.56566 163 115
1259 1558540244.636070 [T_ST] 1564649215.57458 163 114
1264 1558540244.643810 [T_ST] 1564649215.58441 163 114
1268 1558540244.650300 [T_ST] 1564649215.5929 162 114
1273 1558540244.657450 [T_ST] 1564649215.60282 162 115
1281 1558540244.666700 [T_ST] 1564649215.62011 163 115
1287 1558540244.674520 [T_ST] 1564649215.63247 163 116
1292 1558540244.683050 [T_ST] 1564649215.64399 162 116
1297 1558540244.690850 [T_ST] 1564649215.65338 162 116
1305 1558540244.700820 [T_ST] 1564649215.67062 162 119
1314 1558540244.710660 [T_ST] 1564649215.69045 162 119
1321 1558540244.718640 [T_ST] 1564649215.70459 163 119
1327 1558540244.729890 [T_ST] 1564649215.71715 162 119
1330 1558540244.740260 [T_ST] 1564649215.72371 161 118
1333 1558540244.750200 [T_ST] 1564649215.73057 162 119
1338 1558540244.760430 [T_ST] 1564649215.74007 161 119
1347 1558540244.772240 [T_ST] 1564649215.75865 161 118
1356 1558540244.783930 [T_ST] 1564649215.77835 161 119
1369 1558540244.797700 [T_ST] 1564649215.80631 161 118
1383 1558540244.813160 [T_ST] 1564649215.83433 161 118
1399 1558540244.830340 [T_ST] 1564649215.86879 160 116
1413 1558540244.851300 [T_ST] 1564649215.89789 160 117
1442 1558540244.884620 [T_ST] 1564649215.96031 160 116
1543 1558540244.994740 [T_ST] 1564649216.18349 159 116
1578 1558540245.040060 [T_ST] 1564649216.25974 159 116
1597 1558540245.060590 [T_ST] 1564649216.29757 158 117
1609 1558540245.075540 [T_ST] 1564649216.3257 159 116
1616 1558540245.090360 [T_ST] 1564649216.33952 159 115
1620 1558540245.101400 [T_ST] 1564649216.34714 160 114
1626 1558540245.111100 [T_ST] 1564649216.35996 160 114
1634 1558540245.122340 [T_ST] 1564649216.37639 159 115
1641 1558540245.132590 [T_ST] 1564649216.39135 159 114
1646 1558540245.142250 [T_ST] 1564649216.40329 160 112
1653 1558540245.150690 [T_ST] 1564649216.41865 161 113
1660 1558540245.159700 [T_ST] 1564649216.43416 162 113
1667 1558540245.171830 [T_ST] 1564649216.44732 162 112
1669 1558540245.179220 [T_ST] 1564649216.45056 164 113
1672 1558540245.191440 [T_ST] 1564649216.45701 165 114
1674 1558540245.197120 [T_ST] 1564649216.46049 167 112
1679 1558540245.207330 [T_ST] 1564649216.47032 167 112
1686 1558540245.216560 [T_ST] 1564649216.48495 167 112
1693 1558540245.227990 [T_ST] 1564649216.49938 167 113
1698 1558540245.238170 [T_ST] 1564649216.51386 167 113
1706 1558540245.248890 [T_ST] 1564649216.5315 168 114
1713 1558540245.257690 [T_ST] 1564649216.54408 169 114
1719 1558540245.269630 [T_ST] 1564649216.55625 167 116
1726 1558540245.284430 [T_ST] 1564649216.57078 168 116
1733 1558540245.297940 [T_ST] 1564649216.58539 167 118
1745 1558540245.313880 [T_ST] 1564649216.61209 167 118
1764 1558540245.335470 [T_ST] 1564649216.65184 167 117
1784 1558540245.356660 [T_ST] 1564649216.69424 168 117
1809 1558540245.385090 [T_ST] 1564649216.75588 168 118
1850 1558540245.428600 [T_ST] 1564649216.84184 169 117
1888 1558540245.469670 [T_ST] 1564649216.92305 169 116
1912 1558540245.497610 [T_ST] 1564649216.97267 168 118
1930 1558540245.515920 [T_ST] 1564649217.0138 168 117
1943 1558540245.530150 [T_ST] 1564649217.04179 168 117
1951 1558540245.542640 [T_ST] 1564649217.05993 168 118
1959 1558540245.554620 [T_ST] 1564649217.07664 168 119
1970 1558540245.566730 [T_ST] 1564649217.09839 169 121
1975 1558540245.578110 [T_ST] 1564649217.10934 168 121
1979 1558540245.586160 [T_ST] 1564649217.11696 168 121
1983 1558540245.594810 [T_ST] 1564649217.12523 168 122
1989 1558540245.602530 [T_ST] 1564649217.13723 168 122
1994 1558540245.611360 [T_ST] 1564649217.14795 168 123
2001 1558540245.621130 [T_ST] 1564649217.16338 171 125
2004 1558540245.630180 [T_ST] 1564649217.16957 171 125
2008 1558540245.641950 [T_ST] 1564649217.18024 170 126
2010 1558540245.648760 [T_ST] 1564649217.18485 171 126
2014 1558540245.655700 [T_ST] 1564649217.19257 171 126
2019 1558540245.663040 [T_ST] 1564649217.20299 172 124
2023 1558540245.672590 [T_ST] 1564649217.21235 171 123
2026 1558540245.680220 [T_ST] 1564649217.21766 170 122
2029 1558540245.687890 [T_ST] 1564649217.22512 171 122
2031 1558540245.693190 [T_ST] 1564649217.22839 171 123
2036 1558540245.702630 [T_ST] 1564649217.239 172 123
2039 1558540245.708920 [T_ST] 1564649217.24461 172 123
2043 1558540245.716810 [T_ST] 1564649217.25287 173 123
2048 1558540245.725190 [T_ST] 1564649217.26325 173 122
2051 1558540245.733170 [T_ST] 1564649217.27008 170 122
2053 1558540245.740090 [T_ST] 1564649217.27481 167 121
2056 1558540245.750390 [T_ST] 1564649217.28066 166 120
2057 1558540245.754760 [T_ST] 1564649217.28309 165 119
2060 1558540245.763240 [T_ST] 1564649217.28865 166 119
2063 1558540245.770150 [T_ST] 1564649217.29462 166 119
2068 1558540245.778870 [T_ST] 1564649217.30536 166 120
2073 1558540245.789240 [T_ST] 1564649217.31589 166 120
2078 1558540245.796690 [T_ST] 1564649217.32606 166 120
2084 1558540245.805150 [T_ST] 1564649217.33899 166 120
2088 1558540245.812730 [T_ST] 1564649217.3468 165 120
2096 1558540245.822610 [T_ST] 1564649217.36541 164 120
2103 1558540245.832340 [T_ST] 1564649217.37958 165 121
2108 1558540245.841610 [T_ST] 1564649217.40599 165 122
2115 1558540245.852240 [T_ST] 1564649217.41809 163 122
2123 1558540245.862860 [T_ST] 1564649217.43505 162 123
2128 1558540245.870820 [T_ST] 1564649217.44585 162 123
2134 1558540245.880650 [T_ST] 1564649217.46038 163 123
2140 1558540245.892740 [T_ST] 1564649217.4742 163 125
2148 1558540245.906190 [T_ST] 1564649217.48865 162 124
2156 1558540245.916630 [T_ST] 1564649217.5056 162 125
2161 1558540245.925690 [T_ST] 1564649217.51576 161 125
2167 1558540245.938600 [T_ST] 1564649217.52852 161 125
2172 1558540245.948640 [T_ST] 1564649217.53869 161 126
2178 1558540245.959870 [T_ST] 1564649217.55112 160 124
2186 1558540245.972620 [T_ST] 1564649217.56951 158 123
2194 1558540245.985490 [T_ST] 1564649217.58902 157 123
2199 1558540245.996030 [T_ST] 1564649217.59998 159 123
2206 1558540246.007660 [T_ST] 1564649217.615 161 123
2211 1558540246.016710 [T_ST] 1564649217.62355 160 124
2218 1558540246.028430 [T_ST] 1564649217.63709 160 123
2225 1558540246.039360 [T_ST] 1564649217.65355 161 123
2231 1558540246.049080 [T_ST] 1564649217.66766 161 123
2237 1558540246.058590 [T_ST] 1564649217.67998 161 123
2242 1558540246.067030 [T_ST] 1564649217.69301 161 124
2248 1558540246.076870 [T_ST] 1564649217.70342 160 124
2253 1558540246.086000 [T_ST] 1564649217.71473 159 124
2257 1558540246.094880 [T_ST] 1564649217.72357 159 124
2261 1558540246.102940 [T_ST] 1564649217.73385 159 124
2266 1558540246.110530 [T_ST] 1564649217.74202 160 125
2272 1558540246.119640 [T_ST] 1564649217.75419 161 128
2276 1558540246.126690 [T_ST] 1564649217.76258 161 128
2280 1558540246.136670 [T_ST] 1564649217.77485 161 127
2282 1558540246.144060 [T_ST] 1564649217.78112 161 127
2285 1558540246.152060 [T_ST] 1564649217.78867 160 127
2287 1558540246.158250 [T_ST] 1564649217.79449 160 127
2292 1558540246.165050 [T_ST] 1564649217.80688 160 126
2297 1558540246.172680 [T_ST] 1564649217.8171 160 126
2301 1558540246.178750 [T_ST] 1564649217.82569 161 127
2306 1558540246.187690 [T_ST] 1564649217.83669 163 129
2308 1558540246.194800 [T_ST] 1564649217.84593 163 129
2312 1558540246.201470 [T_ST] 1564649217.85384 163 130
2315 1558540246.207020 [T_ST] 1564649217.86233 164 129
2320 1558540246.214930 [T_ST] 1564649217.87302 165 130
2324 1558540246.220770 [T_ST] 1564649217.88057 165 129
2328 1558540246.226710 [T_ST] 1564649217.88874 165 129
2331 1558540246.233010 [T_ST] 1564649217.89538 164 129
2335 1558540246.238780 [T_ST] 1564649217.90337 164 128
2338 1558540246.246240 [T_ST] 1564649217.91003 164 127
2341 1558540246.251830 [T_ST] 1564649217.91612 165 126
2346 1558540246.259290 [T_ST] 1564649217.92617 164 125
2351 1558540246.267530 [T_ST] 1564649217.93757 164 124
2353 1558540246.272470 [T_ST] 1564649217.94158 165 124
2357 1558540246.280990 [T_ST] 1564649217.95052 163 125
2359 1558540246.286150 [T_ST] 1564649217.95401 163 124
2362 1558540246.292620 [T_ST] 1564649217.96145 163 124
2365 1558540246.298650 [T_ST] 1564649217.96652 163 124
2370 1558540246.306500 [T_ST] 1564649217.97687 162 123
2373 1558540246.312620 [T_ST] 1564649217.98442 162 123
2376 1558540246.320210 [T_ST] 1564649217.98989 162 123
2379 1558540246.325800 [T_ST] 1564649217.99578 160 124
2383 1558540246.334640 [T_ST] 1564649218.00455 160 124
2387 1558540246.342160 [T_ST] 1564649218.01253 160 124
2391 1558540246.351820 [T_ST] 1564649218.02151 160 123
2393 1558540246.359490 [T_ST] 1564649218.02511 160 126
2398 1558540246.367230 [T_ST] 1564649218.03547 161 125
2405 1558540246.376230 [T_ST] 1564649218.04939 160 124
2414 1558540246.387010 [T_ST] 1564649218.07918 161 124
2421 1558540246.397280 [T_ST] 1564649218.09222 159 127
2433 1558540246.409030 [T_ST] 1564649218.11719 159 128
2447 1558540246.422620 [T_ST] 1564649218.14782 159 128
2465 1558540246.442140 [T_ST] 1564649218.18713 158 130
2484 1558540246.461050 [T_ST] 1564649218.22578 159 128
2508 1558540246.487220 [T_ST] 1564649218.27667 159 128
2528 1558540246.513620 [T_ST] 1564649218.32025 159 128
2546 1558540246.532550 [T_ST] 1564649218.35871 158 128
2554 1558540246.544990 [T_ST] 1564649218.37659 159 129
2563 1558540246.554810 [T_ST] 1564649218.3969 159 129
2572 1558540246.563700 [T_ST] 1564649218.41593 159 129
2579 1558540246.572270 [T_ST] 1564649218.4307 159 128
2585 1558540246.579400 [T_ST] 1564649218.44353 158 128
2590 1558540246.587470 [T_ST] 1564649218.45544 157 128
2593 1558540246.594480 [T_ST] 1564649218.46409 158 129
2596 1558540246.603340 [T_ST] 1564649218.47391 158 129
2599 1558540246.608470 [T_ST] 1564649218.48099 158 128
2602 1558540246.613700 [T_ST] 1564649218.48855 158 128
2608 1558540246.621480 [T_ST] 1564649218.49945 158 129
2612 1558540246.627510 [T_ST] 1564649218.50749 159 129
2615 1558540246.634090 [T_ST] 1564649218.51425 159 129
2617 1558540246.642490 [T_ST] 1564649218.51852 160 131
2618 1558540246.645680 [T_ST] 1564649218.52075 162 130
2620 1558540246.653810 [T_ST] 1564649218.52645 162 131
2622 1558540246.662180 [T_ST] 1564649218.53331 162 132
2623 1558540246.664810 [T_ST] 1564649218.53636 161 131
2625 1558540246.671400 [T_ST] 1564649218.53673 162 131
2628 1558540246.678380 [T_ST] 1564649218.54143 161 131
2630 1558540246.682750 [T_ST] 1564649218.54629 161 131
2632 1558540246.688740 [T_ST] 1564649218.55011 161 132
2635 1558540246.695740 [T_ST] 1564649218.55701 163 131
2637 1558540246.700650 [T_ST] 1564649218.56099 164 132
2640 1558540246.707500 [T_ST] 1564649218.56663 163 131
2643 1558540246.712870 [T_ST] 1564649218.57295 164 131
2646 1558540246.719760 [T_ST] 1564649218.57969 164 131
2648 1558540246.725770 [T_ST] 1564649218.58492 164 131
2650 1558540246.731870 [T_ST] 1564649218.58791 165 133
2652 1558540246.738560 [T_ST] 1564649218.59261 166 133
2653 1558540246.742060 [T_ST] 1564649218.59519 167 133
2655 1558540246.751370 [T_ST] 1564649218.59898 168 133
2656 1558540246.755110 [T_ST] 1564649218.60091 169 133
2658 1558540246.762500 [T_ST] 1564649218.60462 169 133
2660 1558540246.768830 [T_ST] 1564649218.61038 169 134
2661 1558540246.772440 [T_ST] 1564649218.6114 169 134
2663 1558540246.778120 [T_ST] 1564649218.61514 170 135
2665 1558540246.783890 [T_ST] 1564649218.61921 170 134
2668 1558540246.793190 [T_ST] 1564649218.62559 170 133
2669 1558540246.797030 [T_ST] 1564649218.6288 171 133
2671 1558540246.804290 [T_ST] 1564649218.63318 170 132
2673 1558540246.810650 [T_ST] 1564649218.63713 169 134
2674 1558540246.814190 [T_ST] 1564649218.63828 170 134
2676 1558540246.820510 [T_ST] 1564649218.64308 170 135
2678 1558540246.827900 [T_ST] 1564649218.64642 169 133
2679 1558540246.832530 [T_ST] 1564649218.64856 169 135
2681 1558540246.841520 [T_ST] 1564649218.65255 169 136
2682 1558540246.846370 [T_ST] 1564649218.65536 171 139
2683 1558540246.852670 [T_ST] 1564649218.65806 171 141
2684 1558540246.858020 [T_ST] 1564649218.65946 171 141
2686 1558540246.865540 [T_ST] 1564649218.66252 169 142
2688 1558540246.871290 [T_ST] 1564649218.66665 168 143
2690 1558540246.877340 [T_ST] 1564649218.67089 168 144
2692 1558540246.885830 [T_ST] 1564649218.6758 168 144
2693 1558540246.890000 [T_ST] 1564649218.67738 168 144
2695 1558540246.898440 [T_ST] 1564649218.68166 168 144
2697 1558540246.905630 [T_ST] 1564649218.68546 168 143
2699 1558540246.911530 [T_ST] 1564649218.68963 168 144
2701 1558540246.916650 [T_ST] 1564649218.69382 169 145
2704 1558540246.923730 [T_ST] 1564649218.70499 169 143
2707 1558540246.932670 [T_ST] 1564649218.71249 169 143
2709 1558540246.938990 [T_ST] 1564649218.72271 167 143
2711 1558540246.945400 [T_ST] 1564649218.72656 166 142
2713 1558540246.952740 [T_ST] 1564649218.72983 166 142
2715 1558540246.958860 [T_ST] 1564649218.73354 166 142
2718 1558540246.968020 [T_ST] 1564649218.74029 167 142
2720 1558540246.974530 [T_ST] 1564649218.74398 167 141
2722 1558540246.980370 [T_ST] 1564649218.74787 166 142
2724 1558540246.988260 [T_ST] 1564649218.75222 166 143
2727 1558540246.997680 [T_ST] 1564649218.75846 166 141
2728 1558540247.001620 [T_ST] 1564649218.76047 166 140
2731 1558540247.013070 [T_ST] 1564649218.77374 166 138
2733 1558540247.020180 [T_ST] 1564649218.779 165 139
2734 1558540247.023870 [T_ST] 1564649218.78102 165 139
2737 1558540247.032490 [T_ST] 1564649218.78617 166 139
2739 1558540247.039940 [T_ST] 1564649218.79053 166 138
2742 1558540247.050190 [T_ST] 1564649218.79642 167 137
2745 1558540247.058060 [T_ST] 1564649218.80228 169 136
2749 1558540247.065470 [T_ST] 1564649218.81024 169 135
2753 1558540247.072990 [T_ST] 1564649218.82218 171 134
2758 1558540247.082500 [T_ST] 1564649218.83283 170 134
2762 1558540247.090670 [T_ST] 1564649218.84432 170 134
2766 1558540247.102350 [T_ST] 1564649218.85473 170 135
2770 1558540247.110960 [T_ST] 1564649218.8627 170 134
2776 1558540247.123000 [T_ST] 1564649218.87437 169 136
2781 1558540247.132860 [T_ST] 1564649218.88495 168 138
2785 1558540247.142810 [T_ST] 1564649218.89276 167 137
2790 1558540247.155330 [T_ST] 1564649218.90326 166 138
2797 1558540247.169720 [T_ST] 1564649218.91804 166 139
2805 1558540247.183300 [T_ST] 1564649218.93473 165 139
2819 1558540247.203840 [T_ST] 1564649218.96676 164 139
2841 1558540247.229940 [T_ST] 1564649219.01254 164 139
2871 1558540247.266030 [T_ST] 1564649219.07644 163 138
2911 1558540247.311650 [T_ST] 1564649219.1584 162 138
2945 1558540247.352200 [T_ST] 1564649219.23202 162 138
2972 1558540247.385650 [T_ST] 1564649219.28784 161 137
2985 1558540247.410750 [T_ST] 1564649219.31444 162 135
3000 1558540247.430290 [T_ST] 1564649219.34746 162 135
3015 1558540247.452540 [T_ST] 1564649219.39037 162 134
3027 1558540247.467490 [T_ST] 1564649219.41667 162 134
3042 1558540247.483970 [T_ST] 1564649219.44688 162 135
3055 1558540247.501440 [T_ST] 1564649219.47486 162 134
3066 1558540247.516200 [T_ST] 1564649219.49717 162 136
3073 1558540247.528870 [T_ST] 1564649219.51217 161 135
3082 1558540247.545200 [T_ST] 1564649219.53281 161 136
3089 1558540247.561030 [T_ST] 1564649219.54672 160 136
3096 1558540247.573730 [T_ST] 1564649219.56068 159 136
3106 1558540247.587020 [T_ST] 1564649219.58416 159 134
3116 1558540247.604880 [T_ST] 1564649219.60549 159 135
3123 1558540247.614540 [T_ST] 1564649219.61753 160 134
3134 1558540247.628450 [T_ST] 1564649219.64058 160 135
3146 1558540247.641100 [T_ST] 1564649219.66541 161 135
3155 1558540247.653840 [T_ST] 1564649219.68496 160 135
3165 1558540247.665760 [T_ST] 1564649219.70557 160 134
3173 1558540247.676990 [T_ST] 1564649219.7239 163 134
3185 1558540247.689810 [T_ST] 1564649219.75098 163 135
3192 1558540247.703400 [T_ST] 1564649219.76509 164 135
3197 1558540247.712450 [T_ST] 1564649219.77451 164 135
3206 1558540247.724690 [T_ST] 1564649219.79296 164 134
3216 1558540247.736350 [T_ST] 1564649219.81382 163 133
3224 1558540247.747630 [T_ST] 1564649219.8308 163 134
3232 1558540247.760940 [T_ST] 1564649219.84743 163 134
3242 1558540247.775600 [T_ST] 1564649219.86839 163 134
3260 1558540247.794450 [T_ST] 1564649219.90627 162 135
3276 1558540247.812630 [T_ST] 1564649219.93977 161 134
3301 1558540247.838800 [T_ST] 1564649219.99433 161 134
3323 1558540247.867850 [T_ST] 1564649220.04609 161 134
3364 1558540247.917650 [T_ST] 1564649220.13279 162 134
3422 1558540247.979900 [T_ST] 1564649220.25286 163 133
3452 1558540248.017050 [T_ST] 1564649220.31608 164 134
3474 1558540248.046380 [T_ST] 1564649220.36232 164 132
3496 1558540248.077640 [T_ST] 1564649220.40793 164 133
3524 1558540248.108640 [T_ST] 1564649220.46858 165 134
3574 1558540248.160680 [T_ST] 1564649220.57253 164 134
3623 1558540248.224650 [T_ST] 1564649220.69067 163 133
3695 1558540248.303630 [T_ST] 1564649220.84197 163 134
3734 1558540248.350230 [T_ST] 1564649220.92402 164 133
3749 1558540248.373550 [T_ST] 1564649220.95566 165 133
3778 1558540248.401650 [T_ST] 1564649221.01789 166 133
3814 1558540248.439680 [T_ST] 1564649221.09336 165 132
3898 1558540248.530660 [T_ST] 1564649221.2716 165 131
