164 1558540260.671660 1564659725.20436 151 119
231 1558540260.744780 1564659725.34612 151 119
268 1558540260.799500 1564659725.42428 151 119
305 1558540260.841430 1564659725.50695 151 119
333 1558540260.876490 1564659725.56553 151 119
352 1558540260.905150 1564659725.60777 151 119
370 1558540260.930850 1564659725.64528 151 118
381 1558540260.956150 1564659725.66918 150 117
387 1558540260.975530 1564659725.68034 150 119
395 1558540260.997980 1564659725.69718 150 119
404 1558540261.016980 1564659725.71656 151 119
409 1558540261.030530 1564659725.72782 151 119
415 1558540261.047540 1564659725.73942 150 118
418 1558540261.060290 1564659725.74647 150 118
420 1558540261.068350 1564659725.75109 150 117
422 1558540261.084550 1564659725.75988 150 117
422 1558540261.084550 1564659725.76025 151 117
423 1558540261.099550 1564659725.76649 151 117
424 1558540261.120550 1564659725.77261 152 117
424 1558540261.120550 1564659725.773 151 117
425 1558540261.143550 1564659725.78113 151 116
425 1558540261.143550 1564659725.78137 150 116
426 1558540261.172560 1564659725.79068 149 116
426 1558540261.172560 1564659725.79088 149 117
426 1558540261.172560 1564659725.79102 150 118
426 1558540261.172560 1564659725.79115 150 118
427 1558540261.209020 1564659725.80752 149 118
427 1558540261.209020 1564659725.80807 149 119
428 1558540261.246590 1564659725.81982 150 120
428 1558540261.246590 1564659725.82018 149 119
428 1558540261.246590 1564659725.82034 149 119
428 1558540261.246590 1564659725.82051 150 118
429 1558540261.282800 1564659725.83409 152 118
429 1558540261.282800 1564659725.83442 151 118
429 1558540261.282800 1564659725.83466 152 118
429 1558540261.282800 1564659725.83486 153 119
430 1558540261.323280 1564659725.84449 152 118
430 1558540261.323280 1564659725.84589 154 119
430 1558540261.323280 1564659725.84627 153 118
430 1558540261.323280 1564659725.84681 151 118
430 1558540261.323280 1564659725.84707 151 117
431 1558540261.361930 1564659725.85526 152 116
431 1558540261.361930 1564659725.85551 152 117
431 1558540261.361930 1564659725.85574 152 118
431 1558540261.361930 1564659725.85591 153 117
432 1558540261.398480 1564659725.86618 153 117
432 1558540261.398480 1564659725.86654 153 118
432 1558540261.398480 1564659725.86671 151 116
432 1558540261.398480 1564659725.86685 150 115
432 1558540261.398480 1564659725.86698 151 115
433 1558540261.439730 1564659725.87925 152 117
433 1558540261.439730 1564659725.87941 153 116
433 1558540261.439730 1564659725.87965 152 115
434 1558540261.486460 1564659725.88996 151 114
434 1558540261.486460 1564659725.89013 150 116
434 1558540261.486460 1564659725.89032 149 115
434 1558540261.486460 1564659725.8906 148 115
435 1558540261.525940 1564659725.9058 149 116
435 1558540261.525940 1564659725.90597 149 115
435 1558540261.525940 1564659725.90612 149 115
435 1558540261.525940 1564659725.90623 149 116
435 1558540261.525940 1564659725.90642 150 117
436 1558540261.565840 1564659725.95036 149 115
436 1558540261.565840 1564659725.95049 148 114
436 1558540261.565840 1564659725.95064 148 115
437 1558540261.604480 1564659725.99242 144 113
437 1558540261.604480 1564659725.99275 143 111
437 1558540261.604480 1564659725.99288 141 109
437 1558540261.604480 1564659725.993 140 109
438 1558540261.642300 1564659726.03885 142 111
438 1558540261.642300 1564659726.03934 140 109
438 1558540261.642300 1564659726.0396 142 110
438 1558540261.642300 1564659726.0398 140 109
439 1558540261.684580 1564659726.11027 140 108
439 1558540261.684580 1564659726.11057 140 108
439 1558540261.684580 1564659726.11086 140 109
439 1558540261.684580 1564659726.11124 140 109
439 1558540261.684580 1564659726.11144 139 108
440 1558540261.732140 1564659726.17759 139 109
440 1558540261.732140 1564659726.17783 140 110
440 1558540261.732140 1564659726.1781 140 110
440 1558540261.732140 1564659726.17831 141 111
440 1558540261.732140 1564659726.17854 142 111
441 1558540261.779800 1564659726.25633 143 112
441 1558540261.779800 1564659726.25667 143 111
441 1558540261.779800 1564659726.25694 142 112
441 1558540261.779800 1564659726.25717 141 111
441 1558540261.779800 1564659726.25743 139 111
442 1558540261.821860 1564659726.30199 140 110
442 1558540261.821860 1564659726.30214 139 110
442 1558540261.821860 1564659726.30228 139 109
442 1558540261.821860 1564659726.30247 135 109
443 1558540261.860280 1564659726.35205 135 109
443 1558540261.860280 1564659726.35254 132 109
443 1558540261.860280 1564659726.35283 131 108
443 1558540261.860280 1564659726.35317 130 108
444 1558540261.896970 1564659726.42207 129 108
444 1558540261.896970 1564659726.42248 128 108
444 1558540261.896970 1564659726.42288 127 109
445 1558540261.935200 1564659726.46784 126 109
445 1558540261.935200 1564659726.46807 125 109
445 1558540261.935200 1564659726.46821 125 108
445 1558540261.935200 1564659726.46836 122 107
446 1558540261.973670 1564659726.51375 122 108
446 1558540261.973670 1564659726.51425 120 108
446 1558540261.973670 1564659726.5166 119 107
447 1558540262.013240 1564659726.55748 120 107
447 1558540262.013240 1564659726.55768 119 106
447 1558540262.013240 1564659726.55794 118 105
448 1558540262.048850 1564659726.61155 118 105
448 1558540262.048850 1564659726.61191 118 104
448 1558540262.048850 1564659726.61211 117 104
448 1558540262.048850 1564659726.6123 116 104
449 1558540262.086220 1564659726.6539 117 102
449 1558540262.086220 1564659726.65409 117 101
449 1558540262.086220 1564659726.65422 116 102
449 1558540262.086220 1564659726.65436 116 101
450 1558540262.124300 1564659726.69645 115 100
450 1558540262.124300 1564659726.69662 115 100
450 1558540262.124300 1564659726.69676 115 99
450 1558540262.124300 1564659726.69694 115 99
451 1558540262.161900 1564659726.73946 114 99
451 1558540262.161900 1564659726.73971 115 99
451 1558540262.161900 1564659726.73989 114 98
451 1558540262.161900 1564659726.74018 113 98
452 1558540262.198320 1564659726.78431 113 96
452 1558540262.198320 1564659726.78451 114 96
452 1558540262.198320 1564659726.7847 113 95
452 1558540262.198320 1564659726.78492 113 95
453 1558540262.236250 1564659726.84598 113 97
453 1558540262.236250 1564659726.84643 112 97
453 1558540262.236250 1564659726.84678 111 96
453 1558540262.236250 1564659726.84706 110 95
453 1558540262.236250 1564659726.84747 110 95
454 1558540262.275180 1564659726.89001 109 93
454 1558540262.275180 1564659726.89022 109 94
454 1558540262.275180 1564659726.89051 109 91
455 1558540262.317480 1564659726.94146 109 89
455 1558540262.317480 1564659726.94166 109 89
455 1558540262.317480 1564659726.94187 108 89
455 1558540262.317480 1564659726.94243 107 89
456 1558540262.359060 1564659726.99091 106 89
456 1558540262.359060 1564659726.99114 106 90
456 1558540262.359060 1564659726.99146 105 89
456 1558540262.359060 1564659726.99167 106 90
457 1558540262.405250 1564659727.06377 104 91
457 1558540262.405250 1564659727.06431 105 92
457 1558540262.405250 1564659727.06458 105 92
457 1558540262.405250 1564659727.06489 105 92
458 1558540262.444970 1564659727.10569 104 93
458 1558540262.444970 1564659727.1059 103 94
458 1558540262.444970 1564659727.10608 103 96
459 1558540262.487980 1564659727.15879 103 96
459 1558540262.487980 1564659727.15903 103 97
459 1558540262.487980 1564659727.15926 104 98
459 1558540262.487980 1564659727.1595 104 97
460 1558540262.527010 1564659727.21914 104 97
460 1558540262.527010 1564659727.21952 104 98
460 1558540262.527010 1564659727.21995 105 98
461 1558540262.565150 1564659727.26293 106 97
461 1558540262.565150 1564659727.26328 105 95
461 1558540262.565150 1564659727.26348 105 96
462 1558540262.601610 1564659727.30585 106 96
462 1558540262.601610 1564659727.30622 104 95
463 1558540262.640460 1564659727.37676 105 95
463 1558540262.640460 1564659727.37699 104 95
463 1558540262.640460 1564659727.37719 104 95
463 1558540262.640460 1564659727.37742 105 96
464 1558540262.679980 1564659727.45465 105 96
464 1558540262.679980 1564659727.45502 104 96
464 1558540262.679980 1564659727.45534 104 96
464 1558540262.679980 1564659727.45559 104 95
465 1558540262.720790 1564659727.5079 104 95
465 1558540262.720790 1564659727.50815 104 94
465 1558540262.720790 1564659727.50836 105 94
466 1558540262.758080 1564659727.57699 106 93
466 1558540262.758080 1564659727.57717 106 93
466 1558540262.758080 1564659727.57735 104 94
466 1558540262.758080 1564659727.57755 105 93
467 1558540262.796010 1564659727.61844 104 93
467 1558540262.796010 1564659727.61889 104 94
467 1558540262.796010 1564659727.6191 105 95
467 1558540262.796010 1564659727.61929 107 95
468 1558540262.836010 1564659727.66394 107 95
468 1558540262.836010 1564659727.66426 108 95
468 1558540262.836010 1564659727.66442 109 94
469 1558540262.874000 1564659727.71975 108 94
469 1558540262.874000 1564659727.71997 109 93
469 1558540262.874000 1564659727.72016 110 93
469 1558540262.874000 1564659727.72038 109 92
470 1558540262.913700 1564659727.7607 110 93
470 1558540262.913700 1564659727.76099 110 92
470 1558540262.913700 1564659727.76112 110 92
470 1558540262.913700 1564659727.76125 109 92
471 1558540262.950860 1564659727.80359 109 92
471 1558540262.950860 1564659727.80388 108 92
471 1558540262.950860 1564659727.80404 107 91
472 1558540262.989450 1564659727.85022 106 92
472 1558540262.989450 1564659727.85076 107 92
472 1558540262.989450 1564659727.85103 107 93
472 1558540262.989450 1564659727.85127 106 92
475 1558540263.036530 1564659727.89016 106 92
498 1558540263.078550 1564659727.94069 106 93
503 1558540263.091340 1564659727.95072 107 93
506 1558540263.105520 1564659727.9582 107 94
507 1558540263.113520 1564659727.96054 107 93
508 1558540263.124520 1564659727.97381 106 95
509 1558540263.136520 1564659727.98648 107 95
511 1558540263.158220 1564659728.00319 107 93
584 1558540263.244510 1564659728.15745 106 92
620 1558540263.289080 1564659728.23845 106 91
637 1558540263.313690 1564659728.27571 106 90
645 1558540263.335240 1564659728.2906 108 90
651 1558540263.347900 1564659728.30295 108 91
657 1558540263.362590 1564659728.31535 108 89
666 1558540263.379970 1564659728.34149 108 91
687 1558540263.407880 1564659728.3837 108 89
693 1558540263.418640 1564659728.39765 109 89
695 1558540263.428520 1564659728.40481 109 90
696 1558540263.438530 1564659728.41198 110 89
696 1558540263.438530 1564659728.4133 110 91
697 1558540263.450530 1564659728.41826 111 89
698 1558540263.467520 1564659728.42436 109 89
699 1558540263.485530 1564659728.43065 112 90
700 1558540263.499520 1564659728.43391 111 90
701 1558540263.509530 1564659728.43627 110 90
702 1558540263.520530 1564659728.44073 111 92
702 1558540263.520530 1564659728.44112 111 93
703 1558540263.535540 1564659728.44826 110 93
703 1558540263.535540 1564659728.44848 110 92
703 1558540263.535540 1564659728.4487 110 92
704 1558540263.564810 1564659728.45699 109 92
704 1558540263.564810 1564659728.4573 108 91
704 1558540263.564810 1564659728.45749 108 91
704 1558540263.564810 1564659728.45766 108 91
705 1558540263.604360 1564659728.46623 109 90
705 1558540263.604360 1564659728.4664 110 90
705 1558540263.604360 1564659728.46658 110 90
706 1558540263.643140 1564659728.4983 109 89
706 1558540263.643140 1564659728.49862 108 90
706 1558540263.643140 1564659728.49883 109 90
706 1558540263.643140 1564659728.49903 110 90
706 1558540263.643140 1564659728.49918 111 90
707 1558540263.681920 1564659728.54323 110 92
707 1558540263.681920 1564659728.54344 110 92
707 1558540263.681920 1564659728.54394 111 95
707 1558540263.681920 1564659728.54416 110 97
708 1558540263.719520 1564659728.58698 112 97
708 1558540263.719520 1564659728.58727 109 97
709 1558540263.755370 1564659728.64019 107 96
709 1558540263.755370 1564659728.64088 107 96
709 1558540263.755370 1564659728.64243 107 97
709 1558540263.755370 1564659728.64291 107 97
709 1558540263.755370 1564659728.64323 108 97
710 1558540263.793990 1564659728.68934 107 98
710 1558540263.793990 1564659728.68965 108 98
710 1558540263.793990 1564659728.68994 107 98
710 1558540263.793990 1564659728.6907 107 99
710 1558540263.793990 1564659728.69094 107 99
711 1558540263.833840 1564659728.75052 106 99
711 1558540263.833840 1564659728.75082 106 99
711 1558540263.833840 1564659728.75109 107 98
711 1558540263.833840 1564659728.75132 108 99
712 1558540263.877010 1564659728.80686 108 99
712 1558540263.877010 1564659728.8078 109 100
713 1558540263.914680 1564659728.85681 109 101
713 1558540263.914680 1564659728.85708 109 101
713 1558540263.914680 1564659728.85743 109 101
714 1558540263.951540 1564659728.90056 109 102
714 1558540263.951540 1564659728.90081 109 101
714 1558540263.951540 1564659728.901 110 102
714 1558540263.951540 1564659728.90118 109 101
714 1558540263.951540 1564659728.90135 107 101
715 1558540263.993240 1564659728.97277 107 100
715 1558540263.993240 1564659728.97297 106 101
715 1558540263.993240 1564659728.97316 106 100
715 1558540263.993240 1564659728.97334 108 99
715 1558540263.993240 1564659728.97352 107 99
716 1558540264.032220 1564659729.01572 105 98
716 1558540264.032220 1564659729.01602 104 98
716 1558540264.032220 1564659729.0164 104 99
717 1558540264.069930 1564659729.05891 104 98
717 1558540264.069930 1564659729.05907 106 96
717 1558540264.069930 1564659729.05922 106 96
717 1558540264.069930 1564659729.05948 107 95
718 1558540264.106870 1564659729.11699 107 95
718 1558540264.106870 1564659729.11728 108 95
718 1558540264.106870 1564659729.11746 107 96
718 1558540264.106870 1564659729.11765 108 95
719 1558540264.144510 1564659729.16575 108 94
719 1558540264.144510 1564659729.16602 109 95
719 1558540264.144510 1564659729.16622 111 97
719 1558540264.144510 1564659729.16642 111 97
720 1558540264.184390 1564659729.21268 112 96
720 1558540264.184390 1564659729.21307 111 96
720 1558540264.184390 1564659729.21344 111 95
720 1558540264.184390 1564659729.21364 110 95
720 1558540264.184390 1564659729.21382 110 95
721 1558540264.221980 1564659729.25822 110 95
721 1558540264.221980 1564659729.25851 110 96
721 1558540264.221980 1564659729.25875 109 95
721 1558540264.221980 1564659729.25894 110 96
722 1558540264.258010 1564659729.32521 110 97
722 1558540264.258010 1564659729.32554 109 97
722 1558540264.258010 1564659729.32581 108 97
722 1558540264.258010 1564659729.32615 108 98
723 1558540264.296280 1564659729.36782 108 96
723 1558540264.296280 1564659729.36818 108 94
724 1558540264.335570 1564659729.41142 107 92
724 1558540264.335570 1564659729.41172 106 89
724 1558540264.335570 1564659729.41196 105 90
724 1558540264.335570 1564659729.41222 105 90
724 1558540264.335570 1564659729.41238 104 90
725 1558540264.372550 1564659729.45338 104 89
725 1558540264.372550 1564659729.45373 104 89
725 1558540264.372550 1564659729.45393 105 89
726 1558540264.408140 1564659729.52196 106 89
726 1558540264.408140 1564659729.52244 107 90
726 1558540264.408140 1564659729.52262 107 90
726 1558540264.408140 1564659729.52278 108 89
727 1558540264.446850 1564659729.56354 108 90
727 1558540264.446850 1564659729.56387 111 89
727 1558540264.446850 1564659729.56405 111 88
728 1558540264.485280 1564659729.63681 112 89
728 1558540264.485280 1564659729.6373 112 89
728 1558540264.485280 1564659729.63776 110 90
729 1558540264.525970 1564659729.70269 112 89
729 1558540264.525970 1564659729.70292 112 89
729 1558540264.525970 1564659729.70311 113 89
729 1558540264.525970 1564659729.70329 113 89
729 1558540264.525970 1564659729.70348 113 89
730 1558540264.561680 1564659729.74556 113 88
730 1558540264.561680 1564659729.74574 115 88
730 1558540264.561680 1564659729.7459 116 88
730 1558540264.561680 1564659729.74605 117 87
731 1558540264.599460 1564659729.79404 118 88
731 1558540264.599460 1564659729.79453 119 87
731 1558540264.599460 1564659729.7949 119 87
731 1558540264.599460 1564659729.79517 119 87
731 1558540264.599460 1564659729.79543 119 87
732 1558540264.637300 1564659729.86375 120 88
732 1558540264.637300 1564659729.86439 120 89
732 1558540264.637300 1564659729.86476 122 90
732 1558540264.637300 1564659729.86502 121 90
732 1558540264.637300 1564659729.86525 121 90
733 1558540264.673730 1564659729.90645 121 90
733 1558540264.673730 1564659729.90666 121 92
733 1558540264.673730 1564659729.90687 121 92
733 1558540264.673730 1564659729.90705 120 92
734 1558540264.709870 1564659729.94846 121 92
734 1558540264.709870 1564659729.94859 121 92
734 1558540264.709870 1564659729.94872 122 92
735 1558540264.748610 1564659729.99697 122 93
735 1558540264.748610 1564659729.9972 122 91
735 1558540264.748610 1564659729.99736 122 92
735 1558540264.748610 1564659729.99752 122 91
735 1558540264.748610 1564659729.99773 122 91
736 1558540264.786920 1564659730.06584 122 92
736 1558540264.786920 1564659730.06627 122 93
736 1558540264.786920 1564659730.06654 123 93
736 1558540264.786920 1564659730.06672 123 94
737 1558540264.825290 1564659730.1072 123 92
737 1558540264.825290 1564659730.10734 122 92
737 1558540264.825290 1564659730.10751 121 92
737 1558540264.825290 1564659730.10772 121 93
737 1558540264.825290 1564659730.10788 122 93
738 1558540264.862060 1564659730.15027 120 94
738 1558540264.862060 1564659730.15048 121 93
738 1558540264.862060 1564659730.15063 121 93
738 1558540264.862060 1564659730.1508 121 94
739 1558540264.900000 1564659730.20742 121 94
739 1558540264.900000 1564659730.20771 122 94
739 1558540264.900000 1564659730.20859 122 93
740 1558540264.938330 1564659730.25223 124 93
740 1558540264.938330 1564659730.25245 124 93
740 1558540264.938330 1564659730.25264 125 93
740 1558540264.938330 1564659730.25287 124 93
741 1558540265.009040 1564659730.34335 125 93
741 1558540265.009040 1564659730.34391 126 94
741 1558540265.009040 1564659730.3443 126 94
741 1558540265.009040 1564659730.34459 127 94
741 1558540265.009040 1564659730.34487 126 94
742 1558540265.049330 1564659730.40827 127 93
742 1558540265.049330 1564659730.40867 126 92
742 1558540265.049330 1564659730.41022 126 92
743 1558540265.087040 1564659730.45108 125 91
743 1558540265.087040 1564659730.45137 124 91
743 1558540265.087040 1564659730.45149 123 91
743 1558540265.087040 1564659730.45162 125 92
744 1558540265.124220 1564659730.49826 125 91
744 1558540265.124220 1564659730.49863 123 90
744 1558540265.124220 1564659730.49887 122 91
744 1558540265.124220 1564659730.49904 121 90
745 1558540265.162150 1564659730.56462 119 90
745 1558540265.162150 1564659730.56498 119 89
745 1558540265.162150 1564659730.56518 118 89
746 1558540265.201560 1564659730.61059 118 89
746 1558540265.201560 1564659730.61107 118 88
746 1558540265.201560 1564659730.61175 117 88
746 1558540265.201560 1564659730.61214 117 87
747 1558540265.240650 1564659730.65463 116 87
747 1558540265.240650 1564659730.65478 116 87
747 1558540265.240650 1564659730.65494 117 87
747 1558540265.240650 1564659730.6551 117 88
748 1558540265.276930 1564659730.70491 117 87
748 1558540265.276930 1564659730.70528 116 85
748 1558540265.276930 1564659730.70554 116 85
748 1558540265.276930 1564659730.70582 116 84
748 1558540265.276930 1564659730.70607 115 83
749 1558540265.314770 1564659730.75625 114 81
749 1558540265.314770 1564659730.75651 115 80
749 1558540265.314770 1564659730.75674 115 78
749 1558540265.314770 1564659730.75698 115 80
750 1558540265.354030 1564659730.80665 116 81
750 1558540265.354030 1564659730.80705 116 81
750 1558540265.354030 1564659730.80736 118 81
751 1558540265.393340 1564659730.85317 118 81
751 1558540265.393340 1564659730.85352 119 80
751 1558540265.393340 1564659730.85369 118 80
751 1558540265.393340 1564659730.85389 119 80
752 1558540265.432570 1564659730.89922 118 80
752 1558540265.432570 1564659730.89939 118 81
752 1558540265.432570 1564659730.89962 119 81
753 1558540265.469040 1564659730.94845 119 81
753 1558540265.469040 1564659730.94889 119 81
754 1558540265.507900 1564659731.00496 119 82
754 1558540265.507900 1564659731.00554 119 82
754 1558540265.507900 1564659731.00604 119 81
754 1558540265.507900 1564659731.00636 118 82
755 1558540265.546050 1564659731.06673 117 81
755 1558540265.546050 1564659731.06723 117 80
755 1558540265.546050 1564659731.06757 117 81
755 1558540265.546050 1564659731.06782 117 80
756 1558540265.584260 1564659731.10998 118 80
756 1558540265.584260 1564659731.1106 117 79
756 1558540265.584260 1564659731.11087 116 78
756 1558540265.584260 1564659731.11104 116 78
757 1558540265.621810 1564659731.18234 117 77
757 1558540265.621810 1564659731.1826 116 75
757 1558540265.621810 1564659731.18278 115 73
757 1558540265.621810 1564659731.18295 115 73
758 1558540265.660220 1564659731.22417 116 74
758 1558540265.660220 1564659731.22448 117 75
758 1558540265.660220 1564659731.22473 118 76
759 1558540265.699070 1564659731.28745 120 78
759 1558540265.699070 1564659731.28772 119 78
759 1558540265.699070 1564659731.28799 120 78
759 1558540265.699070 1564659731.28829 120 78
760 1558540265.736990 1564659731.35883 118 76
760 1558540265.736990 1564659731.35919 119 75
760 1558540265.736990 1564659731.35939 119 76
760 1558540265.736990 1564659731.35961 119 75
761 1558540265.773910 1564659731.41283 119 75
761 1558540265.773910 1564659731.41328 119 75
761 1558540265.773910 1564659731.41364 119 74
761 1558540265.773910 1564659731.41389 119 74
762 1558540265.811770 1564659731.46296 120 73
762 1558540265.811770 1564659731.46318 120 74
762 1558540265.811770 1564659731.46336 120 75
762 1558540265.811770 1564659731.4635 120 76
763 1558540265.851340 1564659731.50724 120 76
763 1558540265.851340 1564659731.50763 119 76
763 1558540265.851340 1564659731.5078 119 75
764 1558540265.888370 1564659731.57318 119 76
764 1558540265.888370 1564659731.57338 120 76
764 1558540265.888370 1564659731.57356 120 76
764 1558540265.888370 1564659731.57375 120 76
765 1558540265.924870 1564659731.61374 119 77
765 1558540265.924870 1564659731.61405 119 77
765 1558540265.924870 1564659731.61427 118 78
766 1558540265.962930 1564659731.67387 119 80
766 1558540265.962930 1564659731.67412 119 79
766 1558540265.962930 1564659731.67432 118 80
767 1558540266.002500 1564659731.73051 118 82
767 1558540266.002500 1564659731.73101 118 81
767 1558540266.002500 1564659731.73132 117 81
767 1558540266.002500 1564659731.73164 115 80
768 1558540266.040970 1564659731.77908 115 80
768 1558540266.040970 1564659731.77931 115 79
768 1558540266.040970 1564659731.7795 115 79
769 1558540266.077190 1564659731.82953 116 80
769 1558540266.077190 1564659731.83009 115 79
769 1558540266.077190 1564659731.83052 115 79
769 1558540266.077190 1564659731.83082 115 80
770 1558540266.114240 1564659731.88351 115 81
770 1558540266.114240 1564659731.88374 115 82
770 1558540266.114240 1564659731.88413 114 82
771 1558540266.152060 1564659731.92901 114 83
771 1558540266.152060 1564659731.92923 114 82
771 1558540266.152060 1564659731.92944 114 83
771 1558540266.152060 1564659731.92963 111 82
772 1558540266.190080 1564659731.98061 111 81
772 1558540266.190080 1564659731.98087 112 81
772 1558540266.190080 1564659731.98112 111 80
772 1558540266.190080 1564659731.98135 111 80
773 1558540266.227740 1564659732.02999 111 80
773 1558540266.227740 1564659732.03046 110 80
773 1558540266.227740 1564659732.03082 110 81
773 1558540266.227740 1564659732.03107 111 80
774 1558540266.266170 1564659732.08079 110 80
774 1558540266.266170 1564659732.08107 110 80
774 1558540266.266170 1564659732.08139 112 80
774 1558540266.266170 1564659732.0817 113 80
775 1558540266.305630 1564659732.12777 113 80
775 1558540266.305630 1564659732.12795 115 81
775 1558540266.305630 1564659732.12818 115 81
776 1558540266.342990 1564659732.16836 117 82
776 1558540266.342990 1564659732.16866 117 83
776 1558540266.342990 1564659732.1688 118 83
777 1558540266.380230 1564659732.21499 118 83
777 1558540266.380230 1564659732.21528 118 83
777 1558540266.380230 1564659732.21554 119 83
777 1558540266.380230 1564659732.21573 119 82
778 1558540266.423320 1564659732.26272 120 83
778 1558540266.423320 1564659732.26289 120 83
778 1558540266.423320 1564659732.26302 120 82
778 1558540266.423320 1564659732.26315 120 82
779 1558540266.465600 1564659732.3133 119 82
779 1558540266.465600 1564659732.31355 119 81
779 1558540266.465600 1564659732.31376 120 81
779 1558540266.465600 1564659732.31396 119 81
780 1558540266.509710 1564659732.3736 118 81
780 1558540266.509710 1564659732.37395 119 81
780 1558540266.509710 1564659732.37425 118 80
780 1558540266.509710 1564659732.37454 117 79
879 1558540266.671650 1564659732.62878 117 79
892 1558540266.692300 1564659732.65352 117 78
898 1558540266.710580 1564659732.6662 117 79
902 1558540266.725510 1564659732.68381 118 80
903 1558540266.734530 1564659732.69393 118 79
904 1558540266.749530 1564659732.70315 119 79
904 1558540266.749530 1564659732.70342 119 79
905 1558540266.774520 1564659732.71278 119 79
905 1558540266.774520 1564659732.71303 118 79
906 1558540266.807920 1564659732.72222 118 79
906 1558540266.807920 1564659732.72262 118 78
906 1558540266.807920 1564659732.72282 118 79
907 1558540266.853610 1564659732.73155 118 80
907 1558540266.853610 1564659732.73173 120 80
907 1558540266.853610 1564659732.7319 119 79
907 1558540266.853610 1564659732.73202 119 78
907 1558540266.853610 1564659732.73214 119 77
908 1558540266.897000 1564659732.76578 119 77
908 1558540266.897000 1564659732.76601 119 77
908 1558540266.897000 1564659732.76614 119 78
909 1558540266.938790 1564659732.83671 119 78
909 1558540266.938790 1564659732.83719 120 78
909 1558540266.938790 1564659732.83748 120 78
909 1558540266.938790 1564659732.83771 120 78
910 1558540266.975560 1564659732.89092 120 77
910 1558540266.975560 1564659732.89135 121 77
910 1558540266.975560 1564659732.89192 121 78
910 1558540266.975560 1564659732.89258 123 78
911 1558540267.016830 1564659732.94845 123 79
911 1558540267.016830 1564659732.9487 121 79
911 1558540267.016830 1564659732.94895 121 78
911 1558540267.016830 1564659732.94917 119 79
912 1558540267.055170 1564659733.01834 119 78
912 1558540267.055170 1564659733.01853 123 77
912 1558540267.055170 1564659733.01872 122 79
912 1558540267.055170 1564659733.01895 125 81
913 1558540267.092600 1564659733.0795 126 80
913 1558540267.092600 1564659733.07991 126 79
913 1558540267.092600 1564659733.0802 127 78
913 1558540267.092600 1564659733.08044 126 79
914 1558540267.129120 1564659733.13901 127 80
914 1558540267.129120 1564659733.13933 127 81
914 1558540267.129120 1564659733.13962 128 80
914 1558540267.129120 1564659733.13989 128 80
914 1558540267.129120 1564659733.14018 128 80
915 1558540267.166920 1564659733.20364 127 81
915 1558540267.166920 1564659733.20484 126 83
915 1558540267.166920 1564659733.20547 128 80
915 1558540267.166920 1564659733.20574 130 78
916 1558540267.205680 1564659733.25007 130 78
916 1558540267.205680 1564659733.25043 131 78
916 1558540267.205680 1564659733.2508 131 79
917 1558540267.242030 1564659733.29779 131 79
917 1558540267.242030 1564659733.29819 131 78
917 1558540267.242030 1564659733.29857 133 79
918 1558540267.277970 1564659733.34421 133 80
918 1558540267.277970 1564659733.34449 133 80
918 1558540267.277970 1564659733.34476 134 81
918 1558540267.277970 1564659733.345 134 82
919 1558540267.320720 1564659733.41536 135 81
919 1558540267.320720 1564659733.41574 136 83
919 1558540267.320720 1564659733.41597 136 82
919 1558540267.320720 1564659733.4162 136 84
920 1558540267.359260 1564659733.47997 136 85
920 1558540267.359260 1564659733.48029 136 85
920 1558540267.359260 1564659733.48059 137 85
920 1558540267.359260 1564659733.4808 137 86
921 1558540267.396010 1564659733.52029 136 89
921 1558540267.396010 1564659733.52059 139 86
921 1558540267.396010 1564659733.52071 139 86
921 1558540267.396010 1564659733.52084 139 86
922 1558540267.432010 1564659733.56291 140 86
922 1558540267.432010 1564659733.56311 141 85
922 1558540267.432010 1564659733.56328 142 85
922 1558540267.432010 1564659733.56348 143 85
923 1558540267.468890 1564659733.61047 142 86
923 1558540267.468890 1564659733.61082 143 85
923 1558540267.468890 1564659733.61119 143 85
923 1558540267.468890 1564659733.61196 142 84
923 1558540267.468890 1564659733.61226 141 84
924 1558540267.509500 1564659733.67556 140 85
924 1558540267.509500 1564659733.67588 140 85
924 1558540267.509500 1564659733.67611 140 85
924 1558540267.509500 1564659733.67645 139 85
925 1558540267.546250 1564659733.71759 141 85
925 1558540267.546250 1564659733.71779 141 84
925 1558540267.546250 1564659733.71796 141 83
925 1558540267.546250 1564659733.71808 140 82
925 1558540267.546250 1564659733.71819 141 82
926 1558540267.581100 1564659733.76109 141 82
926 1558540267.581100 1564659733.76206 141 82
926 1558540267.581100 1564659733.76249 141 82
926 1558540267.581100 1564659733.7628 142 82
926 1558540267.581100 1564659733.76306 142 82
927 1558540267.618580 1564659733.83186 142 81
927 1558540267.618580 1564659733.83228 142 81
927 1558540267.618580 1564659733.83257 143 80
927 1558540267.618580 1564659733.83277 142 81
927 1558540267.618580 1564659733.83301 141 82
928 1558540267.656320 1564659733.8729 140 82
928 1558540267.656320 1564659733.87307 140 82
928 1558540267.656320 1564659733.87337 139 82
928 1558540267.656320 1564659733.87351 138 82
929 1558540267.693190 1564659733.93852 135 84
929 1558540267.693190 1564659733.9388 135 84
929 1558540267.693190 1564659733.93905 135 85
929 1558540267.693190 1564659733.93949 135 85
930 1558540267.729900 1564659733.9818 135 85
930 1558540267.729900 1564659733.98202 136 84
930 1558540267.729900 1564659733.98222 136 85
930 1558540267.729900 1564659733.98245 137 85
930 1558540267.729900 1564659733.98263 137 84
931 1558540267.767690 1564659734.02874 137 85
931 1558540267.767690 1564659734.029 136 84
931 1558540267.767690 1564659734.02926 136 84
931 1558540267.767690 1564659734.02954 135 83
931 1558540267.767690 1564659734.02977 135 83
932 1558540267.806100 1564659734.09669 135 82
932 1558540267.806100 1564659734.09721 136 82
932 1558540267.806100 1564659734.09751 136 81
932 1558540267.806100 1564659734.09773 136 81
933 1558540267.844610 1564659734.14044 137 81
933 1558540267.844610 1564659734.14063 137 81
933 1558540267.844610 1564659734.14078 138 81
933 1558540267.844610 1564659734.14098 137 82
933 1558540267.844610 1564659734.14118 138 81
934 1558540267.881820 1564659734.18652 139 80
934 1558540267.881820 1564659734.18687 138 79
934 1558540267.881820 1564659734.18712 138 77
935 1558540267.920640 1564659734.23579 138 78
935 1558540267.920640 1564659734.23636 137 81
935 1558540267.920640 1564659734.23658 138 83
935 1558540267.920640 1564659734.23674 138 82
935 1558540267.920640 1564659734.23692 136 80
936 1558540267.958870 1564659734.29219 136 81
936 1558540267.958870 1564659734.2924 137 83
936 1558540267.958870 1564659734.29259 137 85
936 1558540267.958870 1564659734.29283 135 84
936 1558540267.958870 1564659734.29305 135 83
937 1558540267.994960 1564659734.33226 135 82
937 1558540267.994960 1564659734.33255 134 84
937 1558540267.994960 1564659734.33269 134 84
937 1558540267.994960 1564659734.33287 134 85
938 1558540268.032230 1564659734.37511 135 86
938 1558540268.032230 1564659734.3753 135 86
938 1558540268.032230 1564659734.37546 134 86
938 1558540268.032230 1564659734.37568 134 87
938 1558540268.032230 1564659734.37589 135 85
939 1558540268.071010 1564659734.44595 135 85
939 1558540268.071010 1564659734.44642 135 85
939 1558540268.071010 1564659734.44671 135 85
939 1558540268.071010 1564659734.44697 136 85
939 1558540268.071010 1564659734.44718 135 84
939 1558540268.071010 1564659734.44739 135 84
940 1558540268.109900 1564659734.49346 136 84
940 1558540268.109900 1564659734.49369 136 84
940 1558540268.109900 1564659734.4939 135 83
940 1558540268.109900 1564659734.49405 135 83
940 1558540268.109900 1564659734.49421 135 83
941 1558540268.146690 1564659734.53947 134 84
941 1558540268.146690 1564659734.53994 136 81
941 1558540268.146690 1564659734.54018 137 80
941 1558540268.146690 1564659734.54051 137 79
941 1558540268.146690 1564659734.54077 137 79
942 1558540268.183000 1564659734.58978 140 78
942 1558540268.183000 1564659734.59037 141 78
942 1558540268.183000 1564659734.59068 141 78
942 1558540268.183000 1564659734.59095 141 78
943 1558540268.221540 1564659734.63448 141 79
943 1558540268.221540 1564659734.63487 141 79
943 1558540268.221540 1564659734.63513 142 79
943 1558540268.221540 1564659734.6353 141 78
943 1558540268.221540 1564659734.63547 141 77
944 1558540268.259600 1564659734.67886 141 77
944 1558540268.259600 1564659734.67906 142 78
944 1558540268.259600 1564659734.67927 144 77
944 1558540268.259600 1564659734.67944 144 76
944 1558540268.259600 1564659734.6796 143 74
945 1558540268.296060 1564659734.72758 143 74
945 1558540268.296060 1564659734.72786 143 73
945 1558540268.296060 1564659734.72814 144 75
945 1558540268.296060 1564659734.72839 144 74
945 1558540268.296060 1564659734.72863 144 74
946 1558540268.333220 1564659734.7959 144 73
946 1558540268.333220 1564659734.79615 145 73
946 1558540268.333220 1564659734.79641 146 72
946 1558540268.333220 1564659734.79667 145 72
946 1558540268.333220 1564659734.79695 144 73
946 1558540268.333220 1564659734.79723 144 72
947 1558540268.371590 1564659734.85295 144 72
947 1558540268.371590 1564659734.8535 144 71
947 1558540268.371590 1564659734.85397 143 74
948 1558540268.410890 1564659734.90011 143 77
948 1558540268.410890 1564659734.90032 143 77
948 1558540268.410890 1564659734.9005 143 76
948 1558540268.410890 1564659734.90069 143 77
948 1558540268.410890 1564659734.90094 143 76
949 1558540268.447270 1564659734.94738 143 75
949 1558540268.447270 1564659734.94769 144 76
949 1558540268.447270 1564659734.94799 142 75
949 1558540268.447270 1564659734.94831 145 75
949 1558540268.447270 1564659734.94859 146 75
950 1558540268.483840 1564659734.99203 145 75
950 1558540268.483840 1564659734.99235 144 76
950 1558540268.483840 1564659734.99254 142 75
950 1558540268.483840 1564659734.99272 141 74
950 1558540268.483840 1564659734.9929 141 74
951 1558540268.523710 1564659735.05757 142 73
951 1558540268.523710 1564659735.05817 141 74
951 1558540268.523710 1564659735.05853 141 75
951 1558540268.523710 1564659735.05874 141 74
951 1558540268.523710 1564659735.05893 142 74
952 1558540268.561570 1564659735.12484 143 75
952 1558540268.561570 1564659735.12525 142 74
952 1558540268.561570 1564659735.1255 144 75
952 1558540268.561570 1564659735.12575 146 77
952 1558540268.561570 1564659735.12598 146 78
953 1558540268.599970 1564659735.1694 145 77
953 1558540268.599970 1564659735.16965 144 78
953 1558540268.599970 1564659735.16981 143 76
953 1558540268.599970 1564659735.16996 144 75
953 1558540268.599970 1564659735.17014 144 75
953 1558540268.599970 1564659735.17028 143 75
954 1558540268.636280 1564659735.2369 143 75
954 1558540268.636280 1564659735.23716 145 76
954 1558540268.636280 1564659735.23747 146 75
954 1558540268.636280 1564659735.23766 146 75
954 1558540268.636280 1564659735.23782 146 75
955 1558540268.675720 1564659735.27814 147 74
955 1558540268.675720 1564659735.27841 148 75
955 1558540268.675720 1564659735.27872 150 75
956 1558540268.714810 1564659735.32756 151 73
956 1558540268.714810 1564659735.32778 150 73
956 1558540268.714810 1564659735.32822 152 72
956 1558540268.714810 1564659735.32842 151 71
957 1558540268.751570 1564659735.37638 151 70
957 1558540268.751570 1564659735.37684 150 68
957 1558540268.751570 1564659735.37714 150 68
957 1558540268.751570 1564659735.37743 150 68
957 1558540268.751570 1564659735.37772 150 69
958 1558540268.789150 1564659735.42956 150 69
958 1558540268.789150 1564659735.42985 149 68
958 1558540268.789150 1564659735.43 149 68
958 1558540268.789150 1564659735.43021 148 69
959 1558540268.827510 1564659735.47179 148 68
959 1558540268.827510 1564659735.47207 148 69
959 1558540268.827510 1564659735.47229 148 70
959 1558540268.827510 1564659735.47245 148 70
959 1558540268.827510 1564659735.47258 147 71
960 1558540268.866660 1564659735.51771 147 72
960 1558540268.866660 1564659735.51805 146 72
960 1558540268.866660 1564659735.51831 147 73
960 1558540268.866660 1564659735.51851 146 73
961 1558540268.904740 1564659735.57113 146 73
961 1558540268.904740 1564659735.57168 146 74
961 1558540268.904740 1564659735.57195 146 73
962 1558540268.941210 1564659735.62163 145 74
962 1558540268.941210 1564659735.62197 144 73
962 1558540268.941210 1564659735.62237 143 73
962 1558540268.941210 1564659735.62263 143 74
962 1558540268.941210 1564659735.62288 143 73
963 1558540268.978960 1564659735.67027 143 74
963 1558540268.978960 1564659735.67081 143 73
963 1558540268.978960 1564659735.67115 144 74
963 1558540268.978960 1564659735.67136 143 73
963 1558540268.978960 1564659735.67162 143 73
964 1558540269.017210 1564659735.73515 143 74
964 1558540269.017210 1564659735.73535 144 73
964 1558540269.017210 1564659735.73561 146 73
964 1558540269.017210 1564659735.73585 145 73
965 1558540269.054090 1564659735.77412 144 74
965 1558540269.054090 1564659735.77436 145 74
965 1558540269.054090 1564659735.77455 145 73
968 1558540269.112390 1564659735.82328 146 74
985 1558540269.136850 1564659735.85914 145 74
996 1558540269.160280 1564659735.88321 145 74
999 1558540269.180520 1564659735.89276 146 74
1000 1558540269.192510 1564659735.90225 148 74
1000 1558540269.192510 1564659735.9026 148 75
1001 1558540269.206500 1564659735.91881 148 76
1002 1558540269.221510 1564659735.93666 149 75
1002 1558540269.221510 1564659735.93705 148 76
1003 1558540269.235520 1564659735.96508 147 77
1004 1558540269.251520 1564659735.99151 148 79
1004 1558540269.251520 1564659735.99214 149 79
1005 1558540269.276840 1564659736.02697 149 80
1005 1558540269.276840 1564659736.0273 149 80
1005 1558540269.276840 1564659736.02756 147 79
1005 1558540269.276840 1564659736.02782 148 79
1005 1558540269.276840 1564659736.02811 148 78
1006 1558540269.317800 1564659736.07333 148 78
1006 1558540269.317800 1564659736.07374 149 76
1006 1558540269.317800 1564659736.07398 150 75
1006 1558540269.317800 1564659736.0742 150 75
1006 1558540269.317800 1564659736.07438 150 73
1007 1558540269.361920 1564659736.13367 152 71
1007 1558540269.361920 1564659736.134 153 71
1007 1558540269.361920 1564659736.13422 154 71
1007 1558540269.361920 1564659736.13447 153 70
1007 1558540269.361920 1564659736.1347 153 69
1008 1558540269.406690 1564659736.20679 153 68
1008 1558540269.406690 1564659736.20702 153 67
1008 1558540269.406690 1564659736.20744 153 68
1008 1558540269.406690 1564659736.20765 153 67
1009 1558540269.444680 1564659736.27341 154 67
1009 1558540269.444680 1564659736.27382 154 67
1009 1558540269.444680 1564659736.27409 153 69
1009 1558540269.444680 1564659736.27433 152 69
1009 1558540269.444680 1564659736.27455 153 71
1010 1558540269.482960 1564659736.31764 151 73
1010 1558540269.482960 1564659736.31788 151 73
1010 1558540269.482960 1564659736.31804 151 73
1010 1558540269.482960 1564659736.31821 152 72
1010 1558540269.482960 1564659736.31839 152 71
1011 1558540269.522560 1564659736.36266 152 70
1011 1558540269.522560 1564659736.36284 152 68
1011 1558540269.522560 1564659736.363 153 69
1011 1558540269.522560 1564659736.36315 152 69
1011 1558540269.522560 1564659736.36329 154 70
1011 1558540269.522560 1564659736.36344 154 70
1012 1558540269.560100 1564659736.41206 153 70
1012 1558540269.560100 1564659736.41227 154 70
1012 1558540269.560100 1564659736.41254 153 70
1013 1558540269.596520 1564659736.46246 153 67
1013 1558540269.596520 1564659736.46294 154 67
1013 1558540269.596520 1564659736.4633 155 69
1013 1558540269.596520 1564659736.46354 156 69
1013 1558540269.596520 1564659736.46383 156 69
1014 1558540269.633520 1564659736.51268 155 69
1014 1558540269.633520 1564659736.51303 155 69
1014 1558540269.633520 1564659736.51346 155 70
1014 1558540269.633520 1564659736.51368 155 70
1015 1558540269.671930 1564659736.58265 155 69
1015 1558540269.671930 1564659736.58286 155 70
1015 1558540269.671930 1564659736.58308 156 70
1015 1558540269.671930 1564659736.58332 156 71
1015 1558540269.671930 1564659736.5835 156 72
1016 1558540269.709250 1564659736.62427 156 71
1016 1558540269.709250 1564659736.62462 157 70
1016 1558540269.709250 1564659736.62489 158 69
1016 1558540269.709250 1564659736.62507 156 69
1017 1558540269.746150 1564659736.68589 157 69
1017 1558540269.746150 1564659736.68626 156 69
1017 1558540269.746150 1564659736.68654 156 69
1017 1558540269.746150 1564659736.68676 156 69
1017 1558540269.746150 1564659736.68698 156 68
1018 1558540269.784140 1564659736.72694 157 69
1018 1558540269.784140 1564659736.72714 156 69
1018 1558540269.784140 1564659736.72735 155 70
1018 1558540269.784140 1564659736.72752 155 71
1018 1558540269.784140 1564659736.72765 156 70
1019 1558540269.823970 1564659736.78372 155 70
1019 1558540269.823970 1564659736.78407 155 71
1019 1558540269.823970 1564659736.78427 155 70
1019 1558540269.823970 1564659736.78442 154 69
1020 1558540269.860780 1564659736.82257 155 70
1020 1558540269.860780 1564659736.82287 156 72
1020 1558540269.860780 1564659736.82308 155 68
1020 1558540269.860780 1564659736.82321 158 68
1021 1558540269.897570 1564659736.8852 157 67
1021 1558540269.897570 1564659736.88567 159 69
1021 1558540269.897570 1564659736.88587 159 68
1021 1558540269.897570 1564659736.88608 158 66
1021 1558540269.897570 1564659736.88625 159 67
1022 1558540269.935250 1564659736.9268 159 67
1022 1558540269.935250 1564659736.92711 160 68
1022 1558540269.935250 1564659736.92725 163 72
1022 1558540269.935250 1564659736.92739 163 71
1023 1558540269.974210 1564659736.96986 166 75
1023 1558540269.974210 1564659736.97005 167 76
1023 1558540269.974210 1564659736.97028 168 81
1023 1558540269.974210 1564659736.97041 168 84
1024 1558540270.013470 1564659737.01672 168 82
1024 1558540270.013470 1564659737.01706 168 83
1024 1558540270.013470 1564659737.01722 168 85
1024 1558540270.013470 1564659737.01736 169 85
1024 1558540270.013470 1564659737.01754 168 85
1025 1558540270.049600 1564659737.06483 169 86
1025 1558540270.049600 1564659737.06531 169 87
1025 1558540270.049600 1564659737.06561 171 90
1025 1558540270.049600 1564659737.06586 169 90
1025 1558540270.049600 1564659737.06606 169 89
1026 1558540270.087770 1564659737.12261 170 89
1026 1558540270.087770 1564659737.12285 171 89
1026 1558540270.087770 1564659737.12306 171 88
1026 1558540270.087770 1564659737.12336 170 90
1026 1558540270.087770 1564659737.12365 170 92
1026 1558540270.087770 1564659737.12392 170 91
1027 1558540270.127730 1564659737.17623 170 90
1027 1558540270.127730 1564659737.17669 170 91
1027 1558540270.127730 1564659737.17703 171 89
1027 1558540270.127730 1564659737.17734 171 91
1027 1558540270.127730 1564659737.17772 173 90
1027 1558540270.127730 1564659737.17805 172 88
1028 1558540270.165960 1564659737.22412 172 88
1028 1558540270.165960 1564659737.22433 172 89
1028 1558540270.165960 1564659737.22453 172 88
1028 1558540270.165960 1564659737.2254 172 87
1028 1558540270.165960 1564659737.22573 174 88
1028 1558540270.165960 1564659737.226 173 87
1029 1558540270.202490 1564659737.29179 175 87
1029 1558540270.202490 1564659737.29242 175 88
1029 1558540270.202490 1564659737.29274 175 89
1029 1558540270.202490 1564659737.29298 174 88
1029 1558540270.202490 1564659737.29319 175 89
1029 1558540270.202490 1564659737.29341 175 89
1030 1558540270.239910 1564659737.34264 174 89
1030 1558540270.239910 1564659737.34289 174 88
1030 1558540270.239910 1564659737.34316 172 90
1030 1558540270.239910 1564659737.34336 172 89
1030 1558540270.239910 1564659737.34352 172 89
1030 1558540270.239910 1564659737.34367 172 89
1031 1558540270.286740 1564659737.39276 172 88
1031 1558540270.286740 1564659737.39305 172 88
1031 1558540270.286740 1564659737.39319 172 88
1031 1558540270.286740 1564659737.39332 173 88
1032 1558540270.330450 1564659737.44054 172 88
1032 1558540270.330450 1564659737.44099 172 88
1032 1558540270.330450 1564659737.44125 173 87
1032 1558540270.330450 1564659737.44144 173 87
1032 1558540270.330450 1564659737.44164 172 87
1032 1558540270.330450 1564659737.44184 172 87
1033 1558540270.369720 1564659737.49539 172 87
1033 1558540270.369720 1564659737.49608 172 87
1033 1558540270.369720 1564659737.49642 171 88
1033 1558540270.369720 1564659737.49678 172 88
1033 1558540270.369720 1564659737.49717 172 87
1034 1558540270.406220 1564659737.53926 172 87
1034 1558540270.406220 1564659737.53967 174 87
1034 1558540270.406220 1564659737.53987 173 88
1034 1558540270.406220 1564659737.54006 173 89
1035 1558540270.445190 1564659737.59307 172 90
1035 1558540270.445190 1564659737.59332 171 90
1035 1558540270.445190 1564659737.59358 171 90
1035 1558540270.445190 1564659737.59385 172 91
1035 1558540270.445190 1564659737.59417 172 91
1035 1558540270.445190 1564659737.59451 172 91
1036 1558540270.486930 1564659737.64656 172 91
1036 1558540270.486930 1564659737.6476 172 91
1036 1558540270.486930 1564659737.64803 171 91
1036 1558540270.486930 1564659737.64839 171 90
1036 1558540270.486930 1564659737.6487 171 90
1037 1558540270.534470 1564659737.70562 171 90
1037 1558540270.534470 1564659737.70616 171 90
1037 1558540270.534470 1564659737.70647 172 89
1037 1558540270.534470 1564659737.70672 172 88
1037 1558540270.534470 1564659737.70702 172 87
1038 1558540270.573510 1564659737.76205 171 86
1038 1558540270.573510 1564659737.76244 173 85
1038 1558540270.573510 1564659737.76272 172 85
1038 1558540270.573510 1564659737.76301 172 85
1038 1558540270.573510 1564659737.76335 174 82
1038 1558540270.573510 1564659737.76356 174 81
1039 1558540270.612510 1564659737.83361 174 82
1039 1558540270.612510 1564659737.83397 174 82
1039 1558540270.612510 1564659737.83425 174 82
1039 1558540270.612510 1564659737.8345 175 82
1039 1558540270.612510 1564659737.83474 175 83
1040 1558540270.649040 1564659737.8771 175 83
1040 1558540270.649040 1564659737.87727 174 84
1040 1558540270.649040 1564659737.87742 173 85
1040 1558540270.649040 1564659737.87768 174 86
1040 1558540270.649040 1564659737.87787 174 87
1041 1558540270.688870 1564659737.92524 175 87
1041 1558540270.688870 1564659737.92564 175 87
1041 1558540270.688870 1564659737.92596 175 87
1041 1558540270.688870 1564659737.92618 175 87
1041 1558540270.688870 1564659737.92646 177 87
1042 1558540270.726120 1564659737.99422 177 87
1042 1558540270.726120 1564659737.99498 176 87
1042 1558540270.726120 1564659737.99525 175 87
1042 1558540270.726120 1564659737.99551 176 87
1042 1558540270.726120 1564659737.99573 176 87
1043 1558540270.765700 1564659738.03829 176 87
1043 1558540270.765700 1564659738.03867 175 87
1043 1558540270.765700 1564659738.03899 176 88
1044 1558540270.803910 1564659738.10492 176 87
1044 1558540270.803910 1564659738.10532 178 87
1044 1558540270.803910 1564659738.10552 178 87
1045 1558540270.843240 1564659738.15311 176 86
1045 1558540270.843240 1564659738.15334 174 86
1045 1558540270.843240 1564659738.15357 173 86
1045 1558540270.843240 1564659738.15378 172 86
1046 1558540270.882340 1564659738.21996 171 85
1046 1558540270.882340 1564659738.22028 172 86
1046 1558540270.882340 1564659738.22048 171 85
1047 1558540270.922570 1564659738.26641 171 85
1047 1558540270.922570 1564659738.26675 171 84
1049 1558540271.005700 1564659738.38574 173 84
1049 1558540271.005700 1564659738.38596 173 84
1050 1558540271.047130 1564659738.45179 173 85
1050 1558540271.047130 1564659738.45232 174 84
1051 1558540271.094120 1564659738.50606 173 84
1052 1558540271.137890 1564659738.56767 173 86
1052 1558540271.137890 1564659738.56801 172 86
1052 1558540271.137890 1564659738.5684 171 86
1052 1558540271.137890 1564659738.56864 172 86
1053 1558540271.185560 1564659738.64419 171 87
1053 1558540271.185560 1564659738.64468 170 88
1053 1558540271.185560 1564659738.64517 169 90
1053 1558540271.185560 1564659738.64558 169 91
1053 1558540271.185560 1564659738.6462 168 90
1054 1558540271.231550 1564659738.68967 170 91
1054 1558540271.231550 1564659738.68994 172 91
1055 1558540271.269530 1564659738.74133 173 91
1055 1558540271.269530 1564659738.74197 172 90
1057 1558540271.292190 1564659738.76436 172 91
1068 1558540271.310270 1564659738.78672 171 91
1101 1558540271.348550 1564659738.85607 172 92
1173 1558540271.431790 1564659739.01161 172 92
1251 1558540271.520040 1564659739.17853 171 93
1298 1558540271.596870 1564659739.27574 169 93
1339 1558540271.648880 1564659739.36373 168 94
1366 1558540271.692950 1564659739.41899 168 92
1391 1558540271.749000 1564659739.47157 167 92
1406 1558540271.826570 1564659739.50367 168 93
1414 1558540271.863870 1564659739.52089 169 94
1417 1558540271.890060 1564659739.52672 169 94
1439 1558540271.938540 1564659739.57207 170 94
1465 1558540271.990720 1564659739.62654 170 94
1479 1558540272.052040 1564659739.66379 171 94
1547 1558540272.184550 1564659739.80752 170 95
2068 1558540272.727560 1564659740.92924 168 95
2556 1558540273.262690 1564659742.00411 167 94
