21 1558540116.954150 [T_ST] 1564649277.69682 166 131
68 1558540117.012160 [T_ST] 1564649277.79714 168 133
116 1558540117.062150 [T_ST] 1564649277.89653 169 133
426 1558540117.391600 [T_ST] 1564649278.5537 168 133
766 1558540117.784520 [T_ST] 1564649279.29489 167 133
820 1558540117.872490 [T_ST] 1564649279.42563 167 134
836 1558540117.898340 [T_ST] 1564649279.45606 166 133
841 1558540117.913360 [T_ST] 1564649279.46679 168 132
844 1558540117.924510 [T_ST] 1564649279.47266 169 133
848 1558540117.934980 [T_ST] 1564649279.48063 169 133
853 1558540117.945450 [T_ST] 1564649279.49155 170 133
856 1558540117.953520 [T_ST] 1564649279.49818 170 133
859 1558540117.963680 [T_ST] 1564649279.50447 168 133
860 1558540117.968380 [T_ST] 1564649279.50673 168 133
862 1558540117.976540 [T_ST] 1564649279.51037 167 132
864 1558540117.982610 [T_ST] 1564649279.51449 168 132
866 1558540117.988620 [T_ST] 1564649279.51846 167 131
869 1558540117.994570 [T_ST] 1564649279.52421 167 132
871 1558540118.001810 [T_ST] 1564649279.52977 166 131
872 1558540118.005240 [T_ST] 1564649279.5314 166 132
874 1558540118.016190 [T_ST] 1564649279.53778 165 131
874 1558540118.016190 [T_ST] 1564649279.53819 167 133
875 1558540118.022050 [T_ST] 1564649279.53992 166 133
876 1558540118.028190 [T_ST] 1564649279.54338 165 133
877 1558540118.037200 [T_ST] 1564649279.54827 164 132
877 1558540118.037200 [T_ST] 1564649279.54881 162 132
878 1558540118.047190 [T_ST] 1564649279.55282 161 133
879 1558540118.061200 [T_ST] 1564649279.55818 161 131
879 1558540118.061200 [T_ST] 1564649279.55846 161 131
880 1558540118.075190 [T_ST] 1564649279.56525 161 132
880 1558540118.075190 [T_ST] 1564649279.56557 161 132
880 1558540118.075190 [T_ST] 1564649279.56608 160 131
881 1558540118.090190 [T_ST] 1564649279.5723 160 131
881 1558540118.090190 [T_ST] 1564649279.57264 160 130
881 1558540118.090190 [T_ST] 1564649279.57296 159 130
881 1558540118.090190 [T_ST] 1564649279.57319 160 131
882 1558540118.109200 [T_ST] 1564649279.57985 160 132
882 1558540118.109200 [T_ST] 1564649279.58006 160 131
882 1558540118.109200 [T_ST] 1564649279.58028 159 130
882 1558540118.109200 [T_ST] 1564649279.58054 160 130
883 1558540118.131210 [T_ST] 1564649279.58811 161 131
883 1558540118.131210 [T_ST] 1564649279.58835 161 132
883 1558540118.131210 [T_ST] 1564649279.58855 162 131
883 1558540118.131210 [T_ST] 1564649279.58877 162 130
883 1558540118.131210 [T_ST] 1564649279.58898 160 130
883 1558540118.131210 [T_ST] 1564649279.58915 160 129
884 1558540118.160200 [T_ST] 1564649279.59946 159 128
884 1558540118.160200 [T_ST] 1564649279.59965 159 129
884 1558540118.160200 [T_ST] 1564649279.59981 159 130
884 1558540118.160200 [T_ST] 1564649279.59996 160 130
884 1558540118.160200 [T_ST] 1564649279.60044 161 130
884 1558540118.160200 [T_ST] 1564649279.60093 159 131
885 1558540118.195280 [T_ST] 1564649279.61001 163 128
885 1558540118.195280 [T_ST] 1564649279.61028 160 129
885 1558540118.195280 [T_ST] 1564649279.61042 159 129
885 1558540118.195280 [T_ST] 1564649279.61058 162 126
885 1558540118.195280 [T_ST] 1564649279.61074 162 125
885 1558540118.195280 [T_ST] 1564649279.61087 162 125
885 1558540118.195280 [T_ST] 1564649279.61103 165 123
885 1558540118.195280 [T_ST] 1564649279.61119 167 122
886 1558540118.235090 [T_ST] 1564649279.62019 166 122
886 1558540118.235090 [T_ST] 1564649279.62046 167 121
886 1558540118.235090 [T_ST] 1564649279.62069 165 121
886 1558540118.235090 [T_ST] 1564649279.62093 164 122
886 1558540118.235090 [T_ST] 1564649279.62118 164 121
887 1558540118.272910 [T_ST] 1564649279.63013 163 121
887 1558540118.272910 [T_ST] 1564649279.63041 163 120
887 1558540118.272910 [T_ST] 1564649279.63068 162 120
887 1558540118.272910 [T_ST] 1564649279.63091 162 119
887 1558540118.272910 [T_ST] 1564649279.63116 162 120
888 1558540118.310110 [T_ST] 1564649279.64163 162 119
888 1558540118.310110 [T_ST] 1564649279.64195 162 120
888 1558540118.310110 [T_ST] 1564649279.6422 161 120
888 1558540118.310110 [T_ST] 1564649279.64234 161 119
888 1558540118.310110 [T_ST] 1564649279.6425 160 119
888 1558540118.310110 [T_ST] 1564649279.64274 158 120
888 1558540118.310110 [T_ST] 1564649279.64291 158 120
889 1558540118.346460 [T_ST] 1564649279.65255 159 120
889 1558540118.346460 [T_ST] 1564649279.65283 159 121
889 1558540118.346460 [T_ST] 1564649279.65299 159 122
889 1558540118.346460 [T_ST] 1564649279.65316 158 123
889 1558540118.346460 [T_ST] 1564649279.65409 159 124
889 1558540118.346460 [T_ST] 1564649279.65438 161 124
889 1558540118.346460 [T_ST] 1564649279.65451 161 124
890 1558540118.384960 [T_ST] 1564649279.66298 163 123
890 1558540118.384960 [T_ST] 1564649279.66317 163 123
890 1558540118.384960 [T_ST] 1564649279.66334 163 123
890 1558540118.384960 [T_ST] 1564649279.66351 163 122
890 1558540118.384960 [T_ST] 1564649279.66363 164 120
890 1558540118.384960 [T_ST] 1564649279.66378 165 119
890 1558540118.384960 [T_ST] 1564649279.66392 165 119
890 1558540118.384960 [T_ST] 1564649279.66407 165 119
890 1558540118.384960 [T_ST] 1564649279.66421 165 119
890 1558540118.384960 [T_ST] 1564649279.66436 165 119
891 1558540118.423060 [T_ST] 1564649279.67304 165 118
891 1558540118.423060 [T_ST] 1564649279.67344 164 116
891 1558540118.423060 [T_ST] 1564649279.6736 163 116
891 1558540118.423060 [T_ST] 1564649279.67375 162 116
892 1558540118.459940 [T_ST] 1564649279.68309 161 114
892 1558540118.459940 [T_ST] 1564649279.68329 159 114
892 1558540118.459940 [T_ST] 1564649279.68349 158 115
892 1558540118.459940 [T_ST] 1564649279.68368 159 114
892 1558540118.459940 [T_ST] 1564649279.68384 158 112
892 1558540118.459940 [T_ST] 1564649279.68397 159 111
892 1558540118.459940 [T_ST] 1564649279.6841 158 110
892 1558540118.459940 [T_ST] 1564649279.68424 160 108
893 1558540118.496690 [T_ST] 1564649279.69455 160 108
893 1558540118.496690 [T_ST] 1564649279.69478 159 106
893 1558540118.496690 [T_ST] 1564649279.69494 160 106
893 1558540118.496690 [T_ST] 1564649279.69506 160 105
893 1558540118.496690 [T_ST] 1564649279.69519 159 104
893 1558540118.496690 [T_ST] 1564649279.69531 158 104
893 1558540118.496690 [T_ST] 1564649279.69545 157 105
893 1558540118.496690 [T_ST] 1564649279.6956 158 105
894 1558540118.540120 [T_ST] 1564649279.70661 158 106
894 1558540118.540120 [T_ST] 1564649279.70693 158 108
894 1558540118.540120 [T_ST] 1564649279.70714 157 108
894 1558540118.540120 [T_ST] 1564649279.70732 157 108
894 1558540118.540120 [T_ST] 1564649279.70745 155 108
894 1558540118.540120 [T_ST] 1564649279.70763 155 108
894 1558540118.540120 [T_ST] 1564649279.70778 157 105
894 1558540118.540120 [T_ST] 1564649279.70794 158 107
895 1558540118.582270 [T_ST] 1564649279.71716 157 108
895 1558540118.582270 [T_ST] 1564649279.71769 159 110
895 1558540118.582270 [T_ST] 1564649279.71786 159 110
895 1558540118.582270 [T_ST] 1564649279.71799 158 110
895 1558540118.582270 [T_ST] 1564649279.71812 156 108
895 1558540118.582270 [T_ST] 1564649279.71824 155 105
895 1558540118.582270 [T_ST] 1564649279.71836 154 106
896 1558540118.624690 [T_ST] 1564649279.72911 154 105
896 1558540118.624690 [T_ST] 1564649279.72943 155 107
896 1558540118.624690 [T_ST] 1564649279.72968 156 105
896 1558540118.624690 [T_ST] 1564649279.72981 156 105
896 1558540118.624690 [T_ST] 1564649279.72995 155 107
897 1558540118.664630 [T_ST] 1564649279.74105 154 107
897 1558540118.664630 [T_ST] 1564649279.74154 153 106
897 1558540118.664630 [T_ST] 1564649279.74172 152 106
897 1558540118.664630 [T_ST] 1564649279.74187 153 106
897 1558540118.664630 [T_ST] 1564649279.74203 153 106
897 1558540118.664630 [T_ST] 1564649279.74218 152 106
897 1558540118.664630 [T_ST] 1564649279.74234 152 106
898 1558540118.700460 [T_ST] 1564649279.75297 152 106
898 1558540118.700460 [T_ST] 1564649279.75325 152 105
898 1558540118.700460 [T_ST] 1564649279.7534 152 103
898 1558540118.700460 [T_ST] 1564649279.75358 152 102
898 1558540118.700460 [T_ST] 1564649279.7537 152 102
899 1558540118.737310 [T_ST] 1564649279.76413 153 102
899 1558540118.737310 [T_ST] 1564649279.76443 152 103
899 1558540118.737310 [T_ST] 1564649279.76457 151 104
899 1558540118.737310 [T_ST] 1564649279.7647 151 104
900 1558540118.775370 [T_ST] 1564649279.77573 150 102
900 1558540118.775370 [T_ST] 1564649279.7759 149 102
900 1558540118.775370 [T_ST] 1564649279.77608 148 102
900 1558540118.775370 [T_ST] 1564649279.77625 148 102
900 1558540118.775370 [T_ST] 1564649279.77638 148 102
900 1558540118.775370 [T_ST] 1564649279.7765 147 102
901 1558540118.816120 [T_ST] 1564649279.78584 146 101
901 1558540118.816120 [T_ST] 1564649279.78623 145 100
901 1558540118.816120 [T_ST] 1564649279.78642 145 99
901 1558540118.816120 [T_ST] 1564649279.7866 146 99
901 1558540118.816120 [T_ST] 1564649279.78677 148 98
902 1558540118.851380 [T_ST] 1564649279.79769 148 98
902 1558540118.851380 [T_ST] 1564649279.798 150 97
903 1558540118.888850 [T_ST] 1564649279.81016 149 95
903 1558540118.888850 [T_ST] 1564649279.81043 149 97
903 1558540118.888850 [T_ST] 1564649279.81056 148 96
903 1558540118.888850 [T_ST] 1564649279.81068 150 99
904 1558540118.925520 [T_ST] 1564649279.82172 152 100
904 1558540118.925520 [T_ST] 1564649279.82202 155 101
904 1558540118.925520 [T_ST] 1564649279.82216 155 102
904 1558540118.925520 [T_ST] 1564649279.82229 154 99
904 1558540118.925520 [T_ST] 1564649279.82241 153 98
904 1558540118.925520 [T_ST] 1564649279.82254 155 101
905 1558540118.961380 [T_ST] 1564649279.83184 154 99
905 1558540118.961380 [T_ST] 1564649279.83211 153 98
905 1558540118.961380 [T_ST] 1564649279.83238 153 98
906 1558540119.001680 [T_ST] 1564649279.84651 155 98
906 1558540119.001680 [T_ST] 1564649279.84687 153 98
906 1558540119.001680 [T_ST] 1564649279.84709 154 99
906 1558540119.001680 [T_ST] 1564649279.84728 152 96
906 1558540119.001680 [T_ST] 1564649279.84752 152 97
907 1558540119.039790 [T_ST] 1564649279.8581 152 96
907 1558540119.039790 [T_ST] 1564649279.8584 151 96
907 1558540119.039790 [T_ST] 1564649279.85864 151 95
907 1558540119.039790 [T_ST] 1564649279.85881 151 94
908 1558540119.078170 [T_ST] 1564649279.86869 152 94
908 1558540119.078170 [T_ST] 1564649279.86893 154 95
908 1558540119.078170 [T_ST] 1564649279.86905 153 93
908 1558540119.078170 [T_ST] 1564649279.86917 152 92
908 1558540119.078170 [T_ST] 1564649279.86929 151 91
909 1558540119.116210 [T_ST] 1564649279.88599 152 93
909 1558540119.116210 [T_ST] 1564649279.88618 152 93
909 1558540119.116210 [T_ST] 1564649279.88631 152 94
909 1558540119.116210 [T_ST] 1564649279.88649 152 94
909 1558540119.116210 [T_ST] 1564649279.88661 152 93
949 1558540119.212230 [T_ST] 1564649280.01128 152 93
972 1558540119.244370 [T_ST] 1564649280.06232 152 93
987 1558540119.262380 [T_ST] 1564649280.09683 151 93
994 1558540119.276570 [T_ST] 1564649280.11191 151 92
1004 1558540119.290080 [T_ST] 1564649280.13217 149 91
1011 1558540119.301270 [T_ST] 1564649280.14709 149 91
1016 1558540119.312590 [T_ST] 1564649280.1578 148 91
1020 1558540119.323850 [T_ST] 1564649280.16661 147 90
1022 1558540119.330260 [T_ST] 1564649280.17143 147 91
1025 1558540119.338630 [T_ST] 1564649280.17671 147 91
1029 1558540119.346780 [T_ST] 1564649280.18769 147 91
1032 1558540119.356550 [T_ST] 1564649280.19921 147 92
1034 1558540119.364470 [T_ST] 1564649280.20993 148 92
1036 1558540119.377230 [T_ST] 1564649280.22651 147 92
1037 1558540119.386220 [T_ST] 1564649280.23717 147 92
1038 1558540119.394220 [T_ST] 1564649280.24444 146 92
1039 1558540119.402220 [T_ST] 1564649280.24931 146 91
1040 1558540119.410220 [T_ST] 1564649280.25343 145 89
1041 1558540119.418220 [T_ST] 1564649280.2575 145 89
1042 1558540119.427220 [T_ST] 1564649280.2615 146 89
1043 1558540119.436230 [T_ST] 1564649280.26497 147 89
1043 1558540119.436230 [T_ST] 1564649280.26521 147 90
1044 1558540119.446220 [T_ST] 1564649280.26865 147 90
1045 1558540119.457220 [T_ST] 1564649280.27246 148 91
1046 1558540119.468230 [T_ST] 1564649280.27574 148 92
1047 1558540119.481220 [T_ST] 1564649280.27964 148 89
1047 1558540119.481220 [T_ST] 1564649280.27981 148 87
1048 1558540119.494220 [T_ST] 1564649280.28329 147 87
1049 1558540119.508230 [T_ST] 1564649280.29562 148 87
1050 1558540119.525220 [T_ST] 1564649280.31267 148 86
1050 1558540119.525220 [T_ST] 1564649280.31301 147 85
1050 1558540119.525220 [T_ST] 1564649280.31324 147 86
1051 1558540119.541240 [T_ST] 1564649280.35203 147 86
1051 1558540119.541240 [T_ST] 1564649280.35325 149 85
1051 1558540119.541240 [T_ST] 1564649280.35441 149 83
1051 1558540119.541240 [T_ST] 1564649280.35556 149 82
1052 1558540119.559230 [T_ST] 1564649280.39505 149 81
1052 1558540119.559230 [T_ST] 1564649280.3974 149 81
1052 1558540119.559230 [T_ST] 1564649280.39848 149 81
1053 1558540119.579230 [T_ST] 1564649280.4231 150 81
1053 1558540119.579230 [T_ST] 1564649280.42365 150 81
1053 1558540119.579230 [T_ST] 1564649280.42391 151 81
1054 1558540119.600240 [T_ST] 1564649280.47373 151 81
1054 1558540119.600240 [T_ST] 1564649280.47509 153 82
1054 1558540119.600240 [T_ST] 1564649280.47603 154 83
1055 1558540119.626230 [T_ST] 1564649280.54214 154 83
1055 1558540119.626230 [T_ST] 1564649280.54401 155 84
1055 1558540119.626230 [T_ST] 1564649280.54567 156 85
1055 1558540119.626230 [T_ST] 1564649280.54647 156 85
1055 1558540119.626230 [T_ST] 1564649280.54721 156 85
1056 1558540119.655240 [T_ST] 1564649280.61537 156 84
1056 1558540119.655240 [T_ST] 1564649280.61683 157 84
1056 1558540119.655240 [T_ST] 1564649280.61797 156 86
1056 1558540119.655240 [T_ST] 1564649280.61879 156 84
1056 1558540119.655240 [T_ST] 1564649280.61948 155 84
1056 1558540119.655240 [T_ST] 1564649280.62027 156 83
1057 1558540119.692270 [T_ST] 1564649280.69455 156 84
1057 1558540119.692270 [T_ST] 1564649280.69528 156 84
1057 1558540119.692270 [T_ST] 1564649280.69592 156 85
1057 1558540119.692270 [T_ST] 1564649280.69651 156 85
1057 1558540119.692270 [T_ST] 1564649280.69963 156 84
1057 1558540119.692270 [T_ST] 1564649280.70074 157 87
1057 1558540119.692270 [T_ST] 1564649280.70146 156 87
1058 1558540119.730200 [T_ST] 1564649280.76552 154 87
1058 1558540119.730200 [T_ST] 1564649280.76583 154 87
1058 1558540119.730200 [T_ST] 1564649280.76627 154 88
1058 1558540119.730200 [T_ST] 1564649280.76671 155 87
1058 1558540119.730200 [T_ST] 1564649280.7671 154 86
1058 1558540119.730200 [T_ST] 1564649280.7674 155 84
1058 1558540119.730200 [T_ST] 1564649280.76763 156 85
1058 1558540119.730200 [T_ST] 1564649280.76791 156 85
1059 1558540119.766970 [T_ST] 1564649280.83736 156 86
1059 1558540119.766970 [T_ST] 1564649280.83781 155 85
1059 1558540119.766970 [T_ST] 1564649280.83818 153 85
1059 1558540119.766970 [T_ST] 1564649280.83855 153 85
1059 1558540119.766970 [T_ST] 1564649280.8391 152 85
1060 1558540119.802810 [T_ST] 1564649280.88074 152 84
1060 1558540119.802810 [T_ST] 1564649280.88098 151 84
1060 1558540119.802810 [T_ST] 1564649280.88126 150 85
1060 1558540119.802810 [T_ST] 1564649280.88154 149 85
1060 1558540119.802810 [T_ST] 1564649280.88188 148 85
1061 1558540119.841260 [T_ST] 1564649280.929 148 84
1061 1558540119.841260 [T_ST] 1564649280.92942 147 84
1061 1558540119.841260 [T_ST] 1564649280.92975 147 84
1061 1558540119.841260 [T_ST] 1564649280.93019 148 84
1061 1558540119.841260 [T_ST] 1564649280.93053 148 83
1061 1558540119.841260 [T_ST] 1564649280.93078 149 83
1061 1558540119.841260 [T_ST] 1564649280.93102 148 84
1062 1558540119.878620 [T_ST] 1564649280.97445 148 84
1062 1558540119.878620 [T_ST] 1564649280.97469 148 84
1062 1558540119.878620 [T_ST] 1564649280.97501 146 84
1062 1558540119.878620 [T_ST] 1564649280.97519 146 84
1062 1558540119.878620 [T_ST] 1564649280.97538 147 84
1062 1558540119.878620 [T_ST] 1564649280.97557 146 84
1063 1558540119.914230 [T_ST] 1564649281.03016 145 84
1063 1558540119.914230 [T_ST] 1564649281.03041 146 84
1063 1558540119.914230 [T_ST] 1564649281.03063 144 83
1063 1558540119.914230 [T_ST] 1564649281.03085 144 84
1063 1558540119.914230 [T_ST] 1564649281.03109 145 84
1063 1558540119.914230 [T_ST] 1564649281.03133 145 85
1063 1558540119.914230 [T_ST] 1564649281.03161 144 86
1064 1558540119.950500 [T_ST] 1564649281.07807 146 86
1064 1558540119.950500 [T_ST] 1564649281.07827 148 87
1064 1558540119.950500 [T_ST] 1564649281.07849 148 88
1064 1558540119.950500 [T_ST] 1564649281.07872 149 88
1064 1558540119.950500 [T_ST] 1564649281.07896 149 88
1064 1558540119.950500 [T_ST] 1564649281.07918 149 88
1064 1558540119.950500 [T_ST] 1564649281.0794 148 88
1064 1558540119.950500 [T_ST] 1564649281.07962 148 88
1065 1558540119.990650 [T_ST] 1564649281.12635 148 89
1065 1558540119.990650 [T_ST] 1564649281.12679 148 89
1065 1558540119.990650 [T_ST] 1564649281.12713 147 90
1065 1558540119.990650 [T_ST] 1564649281.12734 149 90
1065 1558540119.990650 [T_ST] 1564649281.12757 152 88
1065 1558540119.990650 [T_ST] 1564649281.12775 155 87
1065 1558540119.990650 [T_ST] 1564649281.12792 153 89
1065 1558540119.990650 [T_ST] 1564649281.12809 152 90
1066 1558540120.028230 [T_ST] 1564649281.17278 152 89
1066 1558540120.028230 [T_ST] 1564649281.17302 153 88
1066 1558540120.028230 [T_ST] 1564649281.17322 154 87
1066 1558540120.028230 [T_ST] 1564649281.1734 153 87
1066 1558540120.028230 [T_ST] 1564649281.17358 152 86
1066 1558540120.028230 [T_ST] 1564649281.17389 155 89
1066 1558540120.028230 [T_ST] 1564649281.17408 156 90
1066 1558540120.028230 [T_ST] 1564649281.17426 154 89
1067 1558540120.062810 [T_ST] 1564649281.21445 155 89
1067 1558540120.062810 [T_ST] 1564649281.21469 155 88
1067 1558540120.062810 [T_ST] 1564649281.21491 155 89
1067 1558540120.062810 [T_ST] 1564649281.21513 155 88
1067 1558540120.062810 [T_ST] 1564649281.2154 154 90
1067 1558540120.062810 [T_ST] 1564649281.21557 153 91
1067 1558540120.062810 [T_ST] 1564649281.21574 155 91
1067 1558540120.062810 [T_ST] 1564649281.21591 155 90
1067 1558540120.062810 [T_ST] 1564649281.21607 155 91
1068 1558540120.099950 [T_ST] 1564649281.26273 155 89
1068 1558540120.099950 [T_ST] 1564649281.26322 155 89
1068 1558540120.099950 [T_ST] 1564649281.26345 155 90
1068 1558540120.099950 [T_ST] 1564649281.26373 154 91
1068 1558540120.099950 [T_ST] 1564649281.26399 155 90
1068 1558540120.099950 [T_ST] 1564649281.26425 155 89
1068 1558540120.099950 [T_ST] 1564649281.26451 156 88
1068 1558540120.099950 [T_ST] 1564649281.26478 157 87
1068 1558540120.099950 [T_ST] 1564649281.26503 158 86
1069 1558540120.138070 [T_ST] 1564649281.31755 158 85
1069 1558540120.138070 [T_ST] 1564649281.31826 158 84
1069 1558540120.138070 [T_ST] 1564649281.31847 159 83
1069 1558540120.138070 [T_ST] 1564649281.31867 158 81
1069 1558540120.138070 [T_ST] 1564649281.31896 158 79
1069 1558540120.138070 [T_ST] 1564649281.31914 157 81
1069 1558540120.138070 [T_ST] 1564649281.31942 157 79
1070 1558540120.173940 [T_ST] 1564649281.36281 157 79
1070 1558540120.173940 [T_ST] 1564649281.36309 157 80
1070 1558540120.173940 [T_ST] 1564649281.36336 156 79
1070 1558540120.173940 [T_ST] 1564649281.36357 157 81
1070 1558540120.173940 [T_ST] 1564649281.36376 157 81
1070 1558540120.173940 [T_ST] 1564649281.36395 159 82
1070 1558540120.173940 [T_ST] 1564649281.36414 159 81
1070 1558540120.173940 [T_ST] 1564649281.36432 158 82
1070 1558540120.173940 [T_ST] 1564649281.36451 158 82
1071 1558540120.209580 [T_ST] 1564649281.40686 158 81
1071 1558540120.209580 [T_ST] 1564649281.40707 158 81
1071 1558540120.209580 [T_ST] 1564649281.4073 157 79
1071 1558540120.209580 [T_ST] 1564649281.40753 157 79
1071 1558540120.209580 [T_ST] 1564649281.40778 156 80
1071 1558540120.209580 [T_ST] 1564649281.40803 157 80
1071 1558540120.209580 [T_ST] 1564649281.40827 157 83
1071 1558540120.209580 [T_ST] 1564649281.40846 157 82
1071 1558540120.209580 [T_ST] 1564649281.40865 158 82
1072 1558540120.246360 [T_ST] 1564649281.45744 158 82
1072 1558540120.246360 [T_ST] 1564649281.45794 158 81
1072 1558540120.246360 [T_ST] 1564649281.45837 158 80
1072 1558540120.246360 [T_ST] 1564649281.45871 157 80
1072 1558540120.246360 [T_ST] 1564649281.45904 158 81
1073 1558540120.292730 [T_ST] 1564649281.53141 158 80
1073 1558540120.292730 [T_ST] 1564649281.53184 159 80
1073 1558540120.292730 [T_ST] 1564649281.53216 159 79
1073 1558540120.292730 [T_ST] 1564649281.53237 160 80
1073 1558540120.292730 [T_ST] 1564649281.53254 160 80
1073 1558540120.292730 [T_ST] 1564649281.53288 160 81
1073 1558540120.292730 [T_ST] 1564649281.53307 160 81
1073 1558540120.292730 [T_ST] 1564649281.53364 160 81
1074 1558540120.331310 [T_ST] 1564649281.57608 160 82
1074 1558540120.331310 [T_ST] 1564649281.57627 160 82
1074 1558540120.331310 [T_ST] 1564649281.57643 161 83
1074 1558540120.331310 [T_ST] 1564649281.57658 161 82
1074 1558540120.331310 [T_ST] 1564649281.57675 162 84
1074 1558540120.331310 [T_ST] 1564649281.57689 161 84
1074 1558540120.331310 [T_ST] 1564649281.57704 164 84
1075 1558540120.365870 [T_ST] 1564649281.61826 167 84
1075 1558540120.365870 [T_ST] 1564649281.61866 166 84
1075 1558540120.365870 [T_ST] 1564649281.61887 167 84
1075 1558540120.365870 [T_ST] 1564649281.61906 167 84
1075 1558540120.365870 [T_ST] 1564649281.61926 167 85
1075 1558540120.365870 [T_ST] 1564649281.61941 168 85
1075 1558540120.365870 [T_ST] 1564649281.61958 168 85
1075 1558540120.365870 [T_ST] 1564649281.61974 168 86
1076 1558540120.402950 [T_ST] 1564649281.65888 167 86
1076 1558540120.402950 [T_ST] 1564649281.65902 167 86
1076 1558540120.402950 [T_ST] 1564649281.6593 165 85
1076 1558540120.402950 [T_ST] 1564649281.65943 165 83
1076 1558540120.402950 [T_ST] 1564649281.65956 164 83
1076 1558540120.402950 [T_ST] 1564649281.65968 164 82
1077 1558540120.441290 [T_ST] 1564649281.70306 163 82
1077 1558540120.441290 [T_ST] 1564649281.7034 163 81
1077 1558540120.441290 [T_ST] 1564649281.70412 163 79
1077 1558540120.441290 [T_ST] 1564649281.70449 162 80
1077 1558540120.441290 [T_ST] 1564649281.70481 161 81
1077 1558540120.441290 [T_ST] 1564649281.70495 160 80
1077 1558540120.441290 [T_ST] 1564649281.70509 159 80
1078 1558540120.477920 [T_ST] 1564649281.75014 159 80
1078 1558540120.477920 [T_ST] 1564649281.75039 158 79
1078 1558540120.477920 [T_ST] 1564649281.75065 158 79
1078 1558540120.477920 [T_ST] 1564649281.75089 159 79
1078 1558540120.477920 [T_ST] 1564649281.75111 159 80
1078 1558540120.477920 [T_ST] 1564649281.75132 157 82
1078 1558540120.477920 [T_ST] 1564649281.75153 157 83
1078 1558540120.477920 [T_ST] 1564649281.75173 155 84
1079 1558540120.513310 [T_ST] 1564649281.80967 155 83
1079 1558540120.513310 [T_ST] 1564649281.80992 157 83
1079 1558540120.513310 [T_ST] 1564649281.81014 156 84
1079 1558540120.513310 [T_ST] 1564649281.8105 154 84
1079 1558540120.513310 [T_ST] 1564649281.81158 154 85
1079 1558540120.513310 [T_ST] 1564649281.812 154 84
1079 1558540120.513310 [T_ST] 1564649281.81233 154 84
1079 1558540120.513310 [T_ST] 1564649281.81257 152 83
1080 1558540120.549760 [T_ST] 1564649281.85338 152 84
1080 1558540120.549760 [T_ST] 1564649281.85372 153 85
1080 1558540120.549760 [T_ST] 1564649281.8544 157 88
1080 1558540120.549760 [T_ST] 1564649281.85479 157 90
1080 1558540120.549760 [T_ST] 1564649281.85496 158 91
1080 1558540120.549760 [T_ST] 1564649281.85512 159 91
1081 1558540120.587370 [T_ST] 1564649281.90279 159 92
1081 1558540120.587370 [T_ST] 1564649281.90333 160 93
1081 1558540120.587370 [T_ST] 1564649281.9038 160 93
1081 1558540120.587370 [T_ST] 1564649281.90402 161 94
1081 1558540120.587370 [T_ST] 1564649281.90487 161 94
1081 1558540120.587370 [T_ST] 1564649281.90534 162 93
1081 1558540120.587370 [T_ST] 1564649281.90606 161 93
1082 1558540120.623700 [T_ST] 1564649281.95438 162 93
1082 1558540120.623700 [T_ST] 1564649281.95472 161 93
1082 1558540120.623700 [T_ST] 1564649281.955 161 95
1082 1558540120.623700 [T_ST] 1564649281.95535 162 94
1082 1558540120.623700 [T_ST] 1564649281.9557 163 95
1082 1558540120.623700 [T_ST] 1564649281.95605 163 95
1082 1558540120.623700 [T_ST] 1564649281.95639 162 96
1082 1558540120.623700 [T_ST] 1564649281.95698 160 95
1083 1558540120.660870 [T_ST] 1564649282.00562 161 96
1083 1558540120.660870 [T_ST] 1564649282.00625 162 98
1083 1558540120.660870 [T_ST] 1564649282.00665 162 98
1083 1558540120.660870 [T_ST] 1564649282.00707 164 99
1083 1558540120.660870 [T_ST] 1564649282.00751 165 99
1083 1558540120.660870 [T_ST] 1564649282.00783 163 99
1083 1558540120.660870 [T_ST] 1564649282.00811 164 99
1083 1558540120.660870 [T_ST] 1564649282.00837 161 98
1084 1558540120.698680 [T_ST] 1564649282.06488 162 96
1084 1558540120.698680 [T_ST] 1564649282.06537 163 98
1084 1558540120.698680 [T_ST] 1564649282.06578 165 96
1084 1558540120.698680 [T_ST] 1564649282.06623 167 96
1084 1558540120.698680 [T_ST] 1564649282.06667 165 96
1084 1558540120.698680 [T_ST] 1564649282.06728 165 96
1084 1558540120.698680 [T_ST] 1564649282.06765 167 96
1085 1558540120.736850 [T_ST] 1564649282.12337 170 95
1085 1558540120.736850 [T_ST] 1564649282.12374 171 94
1085 1558540120.736850 [T_ST] 1564649282.12406 173 95
1085 1558540120.736850 [T_ST] 1564649282.12428 173 93
1085 1558540120.736850 [T_ST] 1564649282.12469 169 92
1085 1558540120.736850 [T_ST] 1564649282.12491 169 92
1086 1558540120.773310 [T_ST] 1564649282.1708 169 92
1086 1558540120.773310 [T_ST] 1564649282.17102 167 92
1086 1558540120.773310 [T_ST] 1564649282.17117 167 93
1086 1558540120.773310 [T_ST] 1564649282.1713 165 93
1086 1558540120.773310 [T_ST] 1564649282.17142 161 92
1086 1558540120.773310 [T_ST] 1564649282.17154 161 93
1086 1558540120.773310 [T_ST] 1564649282.17169 159 91
1087 1558540120.809400 [T_ST] 1564649282.21034 159 90
1087 1558540120.809400 [T_ST] 1564649282.21061 156 88
1087 1558540120.809400 [T_ST] 1564649282.21079 155 88
1087 1558540120.809400 [T_ST] 1564649282.2109 154 89
1087 1558540120.809400 [T_ST] 1564649282.21103 154 88
1087 1558540120.809400 [T_ST] 1564649282.21114 153 88
1088 1558540120.847290 [T_ST] 1564649282.25397 153 87
1088 1558540120.847290 [T_ST] 1564649282.25422 154 87
1088 1558540120.847290 [T_ST] 1564649282.25436 152 86
1088 1558540120.847290 [T_ST] 1564649282.25449 152 85
1088 1558540120.847290 [T_ST] 1564649282.25465 152 85
1088 1558540120.847290 [T_ST] 1564649282.25487 153 83
1089 1558540120.885610 [T_ST] 1564649282.30069 153 84
1089 1558540120.885610 [T_ST] 1564649282.30142 154 83
1089 1558540120.885610 [T_ST] 1564649282.30165 153 83
1089 1558540120.885610 [T_ST] 1564649282.30186 154 82
1089 1558540120.885610 [T_ST] 1564649282.30208 153 83
1090 1558540120.921930 [T_ST] 1564649282.36862 153 83
1090 1558540120.921930 [T_ST] 1564649282.36906 154 83
1090 1558540120.921930 [T_ST] 1564649282.36954 154 84
1090 1558540120.921930 [T_ST] 1564649282.36978 153 84
1090 1558540120.921930 [T_ST] 1564649282.37007 152 85
1091 1558540120.959050 [T_ST] 1564649282.41282 150 85
1091 1558540120.959050 [T_ST] 1564649282.41321 153 85
1091 1558540120.959050 [T_ST] 1564649282.41337 153 86
1091 1558540120.959050 [T_ST] 1564649282.41352 153 86
1091 1558540120.959050 [T_ST] 1564649282.41374 153 86
1092 1558540120.998310 [T_ST] 1564649282.45673 155 85
1092 1558540120.998310 [T_ST] 1564649282.45691 155 85
1092 1558540120.998310 [T_ST] 1564649282.45705 154 86
1092 1558540120.998310 [T_ST] 1564649282.45732 154 85
1092 1558540120.998310 [T_ST] 1564649282.45745 152 85
1092 1558540120.998310 [T_ST] 1564649282.45757 152 85
1093 1558540121.036110 [T_ST] 1564649282.50423 151 86
1093 1558540121.036110 [T_ST] 1564649282.50459 150 86
1093 1558540121.036110 [T_ST] 1564649282.50486 151 85
1093 1558540121.036110 [T_ST] 1564649282.50515 151 85
1093 1558540121.036110 [T_ST] 1564649282.50536 151 85
1093 1558540121.036110 [T_ST] 1564649282.50641 150 84
1094 1558540121.071060 [T_ST] 1564649282.54782 150 85
1094 1558540121.071060 [T_ST] 1564649282.54823 150 85
1094 1558540121.071060 [T_ST] 1564649282.54843 148 84
1094 1558540121.071060 [T_ST] 1564649282.54869 148 83
1094 1558540121.071060 [T_ST] 1564649282.54895 148 83
1095 1558540121.108810 [T_ST] 1564649282.59912 149 83
1095 1558540121.108810 [T_ST] 1564649282.59939 150 82
1095 1558540121.108810 [T_ST] 1564649282.59967 149 84
1095 1558540121.108810 [T_ST] 1564649282.59995 149 84
1095 1558540121.108810 [T_ST] 1564649282.6002 149 84
1095 1558540121.108810 [T_ST] 1564649282.60073 149 84
1095 1558540121.108810 [T_ST] 1564649282.60106 149 84
1096 1558540121.149540 [T_ST] 1564649282.65429 149 84
1096 1558540121.149540 [T_ST] 1564649282.65457 148 84
1096 1558540121.149540 [T_ST] 1564649282.65489 148 83
1096 1558540121.149540 [T_ST] 1564649282.65524 148 83
1096 1558540121.149540 [T_ST] 1564649282.65551 147 83
1096 1558540121.149540 [T_ST] 1564649282.65577 148 83
1097 1558540121.188550 [T_ST] 1564649282.72082 148 83
1097 1558540121.188550 [T_ST] 1564649282.72125 147 82
1097 1558540121.188550 [T_ST] 1564649282.72165 147 83
1097 1558540121.188550 [T_ST] 1564649282.7219 147 84
1097 1558540121.188550 [T_ST] 1564649282.72217 147 83
1097 1558540121.188550 [T_ST] 1564649282.72238 147 81
1098 1558540121.229960 [T_ST] 1564649282.76722 147 80
1098 1558540121.229960 [T_ST] 1564649282.76754 147 80
1098 1558540121.229960 [T_ST] 1564649282.7677 145 78
1098 1558540121.229960 [T_ST] 1564649282.76792 144 80
1098 1558540121.229960 [T_ST] 1564649282.76809 142 81
1099 1558540121.273890 [T_ST] 1564649282.84438 142 82
1099 1558540121.273890 [T_ST] 1564649282.84475 143 83
1099 1558540121.273890 [T_ST] 1564649282.84492 143 83
1099 1558540121.273890 [T_ST] 1564649282.8451 142 82
1099 1558540121.273890 [T_ST] 1564649282.84531 142 82
1100 1558540121.310790 [T_ST] 1564649282.89111 143 82
1100 1558540121.310790 [T_ST] 1564649282.89137 143 83
1100 1558540121.310790 [T_ST] 1564649282.89154 143 82
1100 1558540121.310790 [T_ST] 1564649282.8917 142 81
1100 1558540121.310790 [T_ST] 1564649282.89196 142 84
1101 1558540121.348040 [T_ST] 1564649282.93529 142 84
1101 1558540121.348040 [T_ST] 1564649282.93577 141 84
1101 1558540121.348040 [T_ST] 1564649282.93595 141 84
1101 1558540121.348040 [T_ST] 1564649282.93612 140 84
1101 1558540121.348040 [T_ST] 1564649282.93627 140 84
1102 1558540121.386060 [T_ST] 1564649282.97979 141 87
1102 1558540121.386060 [T_ST] 1564649282.97995 141 87
1102 1558540121.386060 [T_ST] 1564649282.98014 140 88
1102 1558540121.386060 [T_ST] 1564649282.98031 140 88
1102 1558540121.386060 [T_ST] 1564649282.98045 141 89
1103 1558540121.421800 [T_ST] 1564649283.04876 142 90
1103 1558540121.421800 [T_ST] 1564649283.04903 143 91
1103 1558540121.421800 [T_ST] 1564649283.04926 144 91
1103 1558540121.421800 [T_ST] 1564649283.04948 143 92
1103 1558540121.421800 [T_ST] 1564649283.04967 143 92
1104 1558540121.461060 [T_ST] 1564649283.09484 143 93
1104 1558540121.461060 [T_ST] 1564649283.09523 142 92
1104 1558540121.461060 [T_ST] 1564649283.09541 141 93
1104 1558540121.461060 [T_ST] 1564649283.09556 140 92
1105 1558540121.498940 [T_ST] 1564649283.14216 138 90
1105 1558540121.498940 [T_ST] 1564649283.14262 140 91
1105 1558540121.498940 [T_ST] 1564649283.14298 141 92
1105 1558540121.498940 [T_ST] 1564649283.14328 140 88
1106 1558540121.535840 [T_ST] 1564649283.18782 139 88
1106 1558540121.535840 [T_ST] 1564649283.18806 140 86
1106 1558540121.535840 [T_ST] 1564649283.18826 140 85
1106 1558540121.535840 [T_ST] 1564649283.18862 140 85
1107 1558540121.571030 [T_ST] 1564649283.23333 141 83
1107 1558540121.571030 [T_ST] 1564649283.2336 142 83
1107 1558540121.571030 [T_ST] 1564649283.23383 141 83
1108 1558540121.609260 [T_ST] 1564649283.27776 141 83
1108 1558540121.609260 [T_ST] 1564649283.27797 140 84
1108 1558540121.609260 [T_ST] 1564649283.27815 142 83
1108 1558540121.609260 [T_ST] 1564649283.27833 142 83
1109 1558540121.647500 [T_ST] 1564649283.32553 141 84
1109 1558540121.647500 [T_ST] 1564649283.32594 143 83
1109 1558540121.647500 [T_ST] 1564649283.32625 140 84
1110 1558540121.683920 [T_ST] 1564649283.37168 138 84
1110 1558540121.683920 [T_ST] 1564649283.37204 138 84
1111 1558540121.719280 [T_ST] 1564649283.4153 142 82
1111 1558540121.719280 [T_ST] 1564649283.41567 146 82
1112 1558540121.756710 [T_ST] 1564649283.46377 144 81
1113 1558540121.795220 [T_ST] 1564649283.51916 141 81
1113 1558540121.795220 [T_ST] 1564649283.51971 144 81
1114 1558540121.831730 [T_ST] 1564649283.58217 149 81
1114 1558540121.831730 [T_ST] 1564649283.58237 148 82
1114 1558540121.831730 [T_ST] 1564649283.58256 148 83
1115 1558540121.868450 [T_ST] 1564649283.62572 148 83
1115 1558540121.868450 [T_ST] 1564649283.62603 147 84
1115 1558540121.868450 [T_ST] 1564649283.6262 148 85
1116 1558540121.905480 [T_ST] 1564649283.66627 148 86
1117 1558540121.943910 [T_ST] 1564649283.71283 145 87
1117 1558540121.943910 [T_ST] 1564649283.71316 146 86
1117 1558540121.943910 [T_ST] 1564649283.71344 146 86
1118 1558540121.980110 [T_ST] 1564649283.7796 147 84
1118 1558540121.980110 [T_ST] 1564649283.78002 147 84
1119 1558540122.015810 [T_ST] 1564649283.82172 148 84
1119 1558540122.015810 [T_ST] 1564649283.82203 148 83
1119 1558540122.015810 [T_ST] 1564649283.82219 148 83
1120 1558540122.053190 [T_ST] 1564649283.87129 147 82
1120 1558540122.053190 [T_ST] 1564649283.87172 146 82
1121 1558540122.090520 [T_ST] 1564649283.92469 143 84
1121 1558540122.090520 [T_ST] 1564649283.92517 141 82
1121 1558540122.090520 [T_ST] 1564649283.92555 141 82
1121 1558540122.090520 [T_ST] 1564649283.92583 140 81
1121 1558540122.090520 [T_ST] 1564649283.9261 140 81
1122 1558540122.125240 [T_ST] 1564649283.97368 139 81
1122 1558540122.125240 [T_ST] 1564649283.97399 138 81
1122 1558540122.125240 [T_ST] 1564649283.9742 137 80
1122 1558540122.125240 [T_ST] 1564649283.97441 137 79
1123 1558540122.162750 [T_ST] 1564649284.03858 137 80
1123 1558540122.162750 [T_ST] 1564649284.03903 138 79
1123 1558540122.162750 [T_ST] 1564649284.03924 138 77
1123 1558540122.162750 [T_ST] 1564649284.03945 137 76
1123 1558540122.162750 [T_ST] 1564649284.03966 137 74
1124 1558540122.200740 [T_ST] 1564649284.08144 136 73
1124 1558540122.200740 [T_ST] 1564649284.08162 137 74
1124 1558540122.200740 [T_ST] 1564649284.08178 137 71
1124 1558540122.200740 [T_ST] 1564649284.08194 138 72
1124 1558540122.200740 [T_ST] 1564649284.08219 138 74
1125 1558540122.237120 [T_ST] 1564649284.12514 140 76
1125 1558540122.237120 [T_ST] 1564649284.12549 139 73
1125 1558540122.237120 [T_ST] 1564649284.12575 138 72
1125 1558540122.237120 [T_ST] 1564649284.12596 139 74
1125 1558540122.237120 [T_ST] 1564649284.12629 139 70
1126 1558540122.271760 [T_ST] 1564649284.17148 139 70
1126 1558540122.271760 [T_ST] 1564649284.17177 139 68
1126 1558540122.271760 [T_ST] 1564649284.17199 139 69
1126 1558540122.271760 [T_ST] 1564649284.17222 140 69
1126 1558540122.271760 [T_ST] 1564649284.1724 140 69
1126 1558540122.271760 [T_ST] 1564649284.17258 141 68
1127 1558540122.309190 [T_ST] 1564649284.23836 140 69
1127 1558540122.309190 [T_ST] 1564649284.23883 139 70
1127 1558540122.309190 [T_ST] 1564649284.23905 138 69
1127 1558540122.309190 [T_ST] 1564649284.23923 138 69
1127 1558540122.309190 [T_ST] 1564649284.23941 138 67
1128 1558540122.347350 [T_ST] 1564649284.28225 139 68
1128 1558540122.347350 [T_ST] 1564649284.28242 139 67
1128 1558540122.347350 [T_ST] 1564649284.28258 137 66
1128 1558540122.347350 [T_ST] 1564649284.28275 136 65
1128 1558540122.347350 [T_ST] 1564649284.2829 136 65
1128 1558540122.347350 [T_ST] 1564649284.28316 135 66
1128 1558540122.347350 [T_ST] 1564649284.28334 136 66
1129 1558540122.384060 [T_ST] 1564649284.32409 136 66
1129 1558540122.384060 [T_ST] 1564649284.32448 138 67
1129 1558540122.384060 [T_ST] 1564649284.32464 137 66
1129 1558540122.384060 [T_ST] 1564649284.32484 137 65
1129 1558540122.384060 [T_ST] 1564649284.32503 136 66
1129 1558540122.384060 [T_ST] 1564649284.32517 136 65
1129 1558540122.384060 [T_ST] 1564649284.32534 136 64
1130 1558540122.419790 [T_ST] 1564649284.36723 135 65
1130 1558540122.419790 [T_ST] 1564649284.36759 135 66
1130 1558540122.419790 [T_ST] 1564649284.36778 134 66
1130 1558540122.419790 [T_ST] 1564649284.36796 135 64
1130 1558540122.419790 [T_ST] 1564649284.36829 136 65
1131 1558540122.456720 [T_ST] 1564649284.4226 138 63
1131 1558540122.456720 [T_ST] 1564649284.42299 137 62
1131 1558540122.456720 [T_ST] 1564649284.42331 138 61
1131 1558540122.456720 [T_ST] 1564649284.42365 139 60
1131 1558540122.456720 [T_ST] 1564649284.42393 138 59
1131 1558540122.456720 [T_ST] 1564649284.4242 138 58
1131 1558540122.456720 [T_ST] 1564649284.42447 139 59
1132 1558540122.494010 [T_ST] 1564649284.47903 138 61
1132 1558540122.494010 [T_ST] 1564649284.47932 138 60
1132 1558540122.494010 [T_ST] 1564649284.47957 138 59
1132 1558540122.494010 [T_ST] 1564649284.47984 138 58
1132 1558540122.494010 [T_ST] 1564649284.48004 138 57
1132 1558540122.494010 [T_ST] 1564649284.48024 138 58
1132 1558540122.494010 [T_ST] 1564649284.48042 138 56
1133 1558540122.529380 [T_ST] 1564649284.52569 138 57
1133 1558540122.529380 [T_ST] 1564649284.52607 138 56
1133 1558540122.529380 [T_ST] 1564649284.5263 137 57
1133 1558540122.529380 [T_ST] 1564649284.52662 137 56
1133 1558540122.529380 [T_ST] 1564649284.52678 136 56
1133 1558540122.529380 [T_ST] 1564649284.52695 136 56
1134 1558540122.565070 [T_ST] 1564649284.56863 135 58
1134 1558540122.565070 [T_ST] 1564649284.56889 135 57
1134 1558540122.565070 [T_ST] 1564649284.56914 135 58
1134 1558540122.565070 [T_ST] 1564649284.56944 135 57
1134 1558540122.565070 [T_ST] 1564649284.57024 134 56
1134 1558540122.565070 [T_ST] 1564649284.57044 134 56
1134 1558540122.565070 [T_ST] 1564649284.5706 133 55
1135 1558540122.603150 [T_ST] 1564649284.61725 134 54
1135 1558540122.603150 [T_ST] 1564649284.61762 135 54
1135 1558540122.603150 [T_ST] 1564649284.6179 135 55
1136 1558540122.640220 [T_ST] 1564649284.69045 136 54
1136 1558540122.640220 [T_ST] 1564649284.69068 136 53
1136 1558540122.640220 [T_ST] 1564649284.69091 136 53
1136 1558540122.640220 [T_ST] 1564649284.6911 137 52
1136 1558540122.640220 [T_ST] 1564649284.69127 136 51
1136 1558540122.640220 [T_ST] 1564649284.69143 137 50
1136 1558540122.640220 [T_ST] 1564649284.6916 137 48
1137 1558540122.674890 [T_ST] 1564649284.7322 136 48
1137 1558540122.674890 [T_ST] 1564649284.73255 134 50
1137 1558540122.674890 [T_ST] 1564649284.7329 138 47
1137 1558540122.674890 [T_ST] 1564649284.73313 139 46
1137 1558540122.674890 [T_ST] 1564649284.73328 138 47
1137 1558540122.674890 [T_ST] 1564649284.73342 139 46
1138 1558540122.711990 [T_ST] 1564649284.77485 139 46
1138 1558540122.711990 [T_ST] 1564649284.77512 141 43
1138 1558540122.711990 [T_ST] 1564649284.77545 142 41
1139 1558540122.751140 [T_ST] 1564649284.82393 142 42
1139 1558540122.751140 [T_ST] 1564649284.82424 143 42
1139 1558540122.751140 [T_ST] 1564649284.82446 143 41
1139 1558540122.751140 [T_ST] 1564649284.82472 143 41
1139 1558540122.751140 [T_ST] 1564649284.82492 143 41
1139 1558540122.751140 [T_ST] 1564649284.82512 143 40
1140 1558540122.787040 [T_ST] 1564649284.87558 144 40
1140 1558540122.787040 [T_ST] 1564649284.87582 147 39
1140 1558540122.787040 [T_ST] 1564649284.87604 147 40
1140 1558540122.787040 [T_ST] 1564649284.8763 149 41
1140 1558540122.787040 [T_ST] 1564649284.87653 151 41
1140 1558540122.787040 [T_ST] 1564649284.87783 153 40
1140 1558540122.787040 [T_ST] 1564649284.87806 152 40
1141 1558540122.824810 [T_ST] 1564649284.94307 152 41
1141 1558540122.824810 [T_ST] 1564649284.94352 152 41
1141 1558540122.824810 [T_ST] 1564649284.94391 152 41
1141 1558540122.824810 [T_ST] 1564649284.94416 153 41
1141 1558540122.824810 [T_ST] 1564649284.94442 155 42
1141 1558540122.824810 [T_ST] 1564649284.94461 155 43
1141 1558540122.824810 [T_ST] 1564649284.94483 155 42
1142 1558540122.862040 [T_ST] 1564649284.98675 155 41
1142 1558540122.862040 [T_ST] 1564649284.98698 155 41
1142 1558540122.862040 [T_ST] 1564649284.98718 155 39
1142 1558540122.862040 [T_ST] 1564649284.98738 155 38
1142 1558540122.862040 [T_ST] 1564649284.98758 155 37
1142 1558540122.862040 [T_ST] 1564649284.98773 154 35
1142 1558540122.862040 [T_ST] 1564649284.98788 153 35
1143 1558540122.899960 [T_ST] 1564649285.02977 155 35
1143 1558540122.899960 [T_ST] 1564649285.02995 155 36
1143 1558540122.899960 [T_ST] 1564649285.03011 155 36
1143 1558540122.899960 [T_ST] 1564649285.03031 155 36
1143 1558540122.899960 [T_ST] 1564649285.03047 155 36
1143 1558540122.899960 [T_ST] 1564649285.03062 156 36
1144 1558540122.937630 [T_ST] 1564649285.07676 155 35
1144 1558540122.937630 [T_ST] 1564649285.07712 156 34
1144 1558540122.937630 [T_ST] 1564649285.07731 157 33
1144 1558540122.937630 [T_ST] 1564649285.0775 158 33
1144 1558540122.937630 [T_ST] 1564649285.07767 157 32
1144 1558540122.937630 [T_ST] 1564649285.0779 157 31
1145 1558540122.973980 [T_ST] 1564649285.12456 157 31
1145 1558540122.973980 [T_ST] 1564649285.12511 157 30
1145 1558540122.973980 [T_ST] 1564649285.12543 158 30
1145 1558540122.973980 [T_ST] 1564649285.12572 158 30
1145 1558540122.973980 [T_ST] 1564649285.12598 157 31
1145 1558540122.973980 [T_ST] 1564649285.12624 157 30
1146 1558540123.014740 [T_ST] 1564649285.17629 157 29
1146 1558540123.014740 [T_ST] 1564649285.1766 157 30
1146 1558540123.014740 [T_ST] 1564649285.17682 156 31
1146 1558540123.014740 [T_ST] 1564649285.17698 156 31
1146 1558540123.014740 [T_ST] 1564649285.17718 156 29
1146 1558540123.014740 [T_ST] 1564649285.1774 157 28
1146 1558540123.014740 [T_ST] 1564649285.17761 158 29
1147 1558540123.053240 [T_ST] 1564649285.24286 158 29
1147 1558540123.053240 [T_ST] 1564649285.24314 157 29
1147 1558540123.053240 [T_ST] 1564649285.24346 156 30
1147 1558540123.053240 [T_ST] 1564649285.24374 156 30
1147 1558540123.053240 [T_ST] 1564649285.24403 154 30
1147 1558540123.053240 [T_ST] 1564649285.24427 154 30
1147 1558540123.053240 [T_ST] 1564649285.24452 155 31
1148 1558540123.088800 [T_ST] 1564649285.2847 155 32
1148 1558540123.088800 [T_ST] 1564649285.28504 153 33
1148 1558540123.088800 [T_ST] 1564649285.28521 153 35
1148 1558540123.088800 [T_ST] 1564649285.2854 153 35
1148 1558540123.088800 [T_ST] 1564649285.28561 153 35
1148 1558540123.088800 [T_ST] 1564649285.2858 154 34
1149 1558540123.126990 [T_ST] 1564649285.3481 155 36
1149 1558540123.126990 [T_ST] 1564649285.34882 156 36
1149 1558540123.126990 [T_ST] 1564649285.34913 157 36
1149 1558540123.126990 [T_ST] 1564649285.34942 157 35
1149 1558540123.126990 [T_ST] 1564649285.34993 156 34
1149 1558540123.126990 [T_ST] 1564649285.35031 158 33
1149 1558540123.126990 [T_ST] 1564649285.35058 159 31
1150 1558540123.166490 [T_ST] 1564649285.3927 160 32
1150 1558540123.166490 [T_ST] 1564649285.39297 159 33
1150 1558540123.166490 [T_ST] 1564649285.39329 158 34
1150 1558540123.166490 [T_ST] 1564649285.39356 157 35
1150 1558540123.166490 [T_ST] 1564649285.39372 156 36
1150 1558540123.166490 [T_ST] 1564649285.39388 156 38
1151 1558540123.204180 [T_ST] 1564649285.43746 155 38
1151 1558540123.204180 [T_ST] 1564649285.43784 156 38
1151 1558540123.204180 [T_ST] 1564649285.43803 156 39
1151 1558540123.204180 [T_ST] 1564649285.43821 155 39
1151 1558540123.204180 [T_ST] 1564649285.43839 155 39
1151 1558540123.204180 [T_ST] 1564649285.43856 155 40
1152 1558540123.239290 [T_ST] 1564649285.48138 155 40
1152 1558540123.239290 [T_ST] 1564649285.48156 155 39
1152 1558540123.239290 [T_ST] 1564649285.48192 156 41
1152 1558540123.239290 [T_ST] 1564649285.48213 156 41
1152 1558540123.239290 [T_ST] 1564649285.4823 156 41
1152 1558540123.239290 [T_ST] 1564649285.48247 156 43
1153 1558540123.275200 [T_ST] 1564649285.52583 156 43
1153 1558540123.275200 [T_ST] 1564649285.52631 156 43
1153 1558540123.275200 [T_ST] 1564649285.52655 156 44
1153 1558540123.275200 [T_ST] 1564649285.52671 156 43
1153 1558540123.275200 [T_ST] 1564649285.52702 157 43
1153 1558540123.275200 [T_ST] 1564649285.52717 159 44
1154 1558540123.313090 [T_ST] 1564649285.57303 158 44
1154 1558540123.313090 [T_ST] 1564649285.57332 159 43
1154 1558540123.313090 [T_ST] 1564649285.57351 158 43
1154 1558540123.313090 [T_ST] 1564649285.57383 157 43
1154 1558540123.313090 [T_ST] 1564649285.57413 157 43
1155 1558540123.351890 [T_ST] 1564649285.64207 157 42
1155 1558540123.351890 [T_ST] 1564649285.64232 156 41
1155 1558540123.351890 [T_ST] 1564649285.64252 156 41
1155 1558540123.351890 [T_ST] 1564649285.64275 157 40
1155 1558540123.351890 [T_ST] 1564649285.64297 155 42
1155 1558540123.351890 [T_ST] 1564649285.64318 156 43
1155 1558540123.351890 [T_ST] 1564649285.64339 155 45
1156 1558540123.389310 [T_ST] 1564649285.68161 155 45
1156 1558540123.389310 [T_ST] 1564649285.68178 155 45
1156 1558540123.389310 [T_ST] 1564649285.6819 154 44
1156 1558540123.389310 [T_ST] 1564649285.68204 153 44
1156 1558540123.389310 [T_ST] 1564649285.68216 153 44
1156 1558540123.389310 [T_ST] 1564649285.68228 152 45
1156 1558540123.389310 [T_ST] 1564649285.6824 151 45
1157 1558540123.426210 [T_ST] 1564649285.72402 149 45
1157 1558540123.426210 [T_ST] 1564649285.7243 149 45
1157 1558540123.426210 [T_ST] 1564649285.72446 148 46
1157 1558540123.426210 [T_ST] 1564649285.72458 149 46
1157 1558540123.426210 [T_ST] 1564649285.7247 148 46
1157 1558540123.426210 [T_ST] 1564649285.72483 148 46
1158 1558540123.464000 [T_ST] 1564649285.76927 147 47
1158 1558540123.464000 [T_ST] 1564649285.7697 146 47
1158 1558540123.464000 [T_ST] 1564649285.77054 146 48
1158 1558540123.464000 [T_ST] 1564649285.77083 146 48
1159 1558540123.502000 [T_ST] 1564649285.83367 146 47
1159 1558540123.502000 [T_ST] 1564649285.834 148 47
1159 1558540123.502000 [T_ST] 1564649285.8342 149 47
1159 1558540123.502000 [T_ST] 1564649285.83462 150 45
1159 1558540123.502000 [T_ST] 1564649285.83484 149 44
1160 1558540123.538670 [T_ST] 1564649285.88256 148 44
1160 1558540123.538670 [T_ST] 1564649285.88278 148 45
1160 1558540123.538670 [T_ST] 1564649285.88343 148 44
1160 1558540123.538670 [T_ST] 1564649285.88367 148 46
1160 1558540123.538670 [T_ST] 1564649285.88384 149 46
1161 1558540123.576290 [T_ST] 1564649285.92378 149 46
1161 1558540123.576290 [T_ST] 1564649285.92411 148 46
1161 1558540123.576290 [T_ST] 1564649285.92442 148 48
1161 1558540123.576290 [T_ST] 1564649285.92456 147 48
1161 1558540123.576290 [T_ST] 1564649285.92468 146 48
1162 1558540123.616010 [T_ST] 1564649285.9707 146 48
1162 1558540123.616010 [T_ST] 1564649285.97101 145 47
1162 1558540123.616010 [T_ST] 1564649285.97115 144 46
1163 1558540123.653020 [T_ST] 1564649286.01905 145 44
1163 1558540123.653020 [T_ST] 1564649286.01939 144 43
1163 1558540123.653020 [T_ST] 1564649286.01958 144 43
1163 1558540123.653020 [T_ST] 1564649286.01978 144 42
1163 1558540123.653020 [T_ST] 1564649286.01999 144 41
1164 1558540123.689150 [T_ST] 1564649286.06879 144 41
1164 1558540123.689150 [T_ST] 1564649286.06928 142 40
1164 1558540123.689150 [T_ST] 1564649286.06951 142 39
1164 1558540123.689150 [T_ST] 1564649286.06975 141 39
1165 1558540123.725970 [T_ST] 1564649286.1295 142 39
1165 1558540123.725970 [T_ST] 1564649286.12994 142 39
1165 1558540123.725970 [T_ST] 1564649286.1303 143 39
1165 1558540123.725970 [T_ST] 1564649286.13061 143 38
1165 1558540123.725970 [T_ST] 1564649286.1309 142 37
1166 1558540123.762670 [T_ST] 1564649286.18434 141 37
1166 1558540123.762670 [T_ST] 1564649286.18463 141 37
1166 1558540123.762670 [T_ST] 1564649286.18481 141 37
1166 1558540123.762670 [T_ST] 1564649286.18502 140 37
1167 1558540123.799530 [T_ST] 1564649286.22576 142 36
1167 1558540123.799530 [T_ST] 1564649286.22596 144 36
1167 1558540123.799530 [T_ST] 1564649286.22617 144 37
1167 1558540123.799530 [T_ST] 1564649286.22634 144 36
1167 1558540123.799530 [T_ST] 1564649286.2265 143 37
1168 1558540123.837870 [T_ST] 1564649286.27299 143 37
1168 1558540123.837870 [T_ST] 1564649286.27336 144 36
1168 1558540123.837870 [T_ST] 1564649286.27353 144 35
1169 1558540123.875140 [T_ST] 1564649286.34851 143 34
1169 1558540123.875140 [T_ST] 1564649286.34903 143 35
1169 1558540123.875140 [T_ST] 1564649286.34955 143 35
1170 1558540123.913550 [T_ST] 1564649286.39045 143 35
1170 1558540123.913550 [T_ST] 1564649286.39072 141 35
1170 1558540123.913550 [T_ST] 1564649286.3909 142 34
1171 1558540123.952040 [T_ST] 1564649286.43317 140 35
1171 1558540123.952040 [T_ST] 1564649286.43336 141 35
1171 1558540123.952040 [T_ST] 1564649286.43349 140 34
1171 1558540123.952040 [T_ST] 1564649286.43363 142 36
1172 1558540123.987610 [T_ST] 1564649286.47946 141 38
1172 1558540123.987610 [T_ST] 1564649286.47974 140 37
1172 1558540123.987610 [T_ST] 1564649286.47998 140 37
1173 1558540124.025970 [T_ST] 1564649286.53086 140 37
1174 1558540124.065620 [T_ST] 1564649286.59697 140 36
1174 1558540124.065620 [T_ST] 1564649286.59734 142 35
1174 1558540124.065620 [T_ST] 1564649286.59752 142 36
1175 1558540124.104110 [T_ST] 1564649286.63921 142 37
1175 1558540124.104110 [T_ST] 1564649286.63941 142 34
1175 1558540124.104110 [T_ST] 1564649286.63958 141 34
1175 1558540124.104110 [T_ST] 1564649286.63978 142 33
1175 1558540124.104110 [T_ST] 1564649286.6399 142 33
1176 1558540124.140070 [T_ST] 1564649286.67958 141 32
1176 1558540124.140070 [T_ST] 1564649286.67976 142 32
1176 1558540124.140070 [T_ST] 1564649286.6799 142 32
1176 1558540124.140070 [T_ST] 1564649286.68015 142 33
1177 1558540124.176600 [T_ST] 1564649286.72559 142 33
1177 1558540124.176600 [T_ST] 1564649286.7261 142 34
1177 1558540124.176600 [T_ST] 1564649286.72643 142 33
1177 1558540124.176600 [T_ST] 1564649286.72672 141 33
1178 1558540124.215580 [T_ST] 1564649286.78103 142 34
1178 1558540124.215580 [T_ST] 1564649286.78148 142 34
1178 1558540124.215580 [T_ST] 1564649286.78182 141 34
1178 1558540124.215580 [T_ST] 1564649286.78211 140 34
1178 1558540124.215580 [T_ST] 1564649286.78238 139 33
1179 1558540124.253240 [T_ST] 1564649286.83122 139 34
1179 1558540124.253240 [T_ST] 1564649286.83151 138 34
1179 1558540124.253240 [T_ST] 1564649286.83173 138 35
1179 1558540124.253240 [T_ST] 1564649286.832 138 35
1180 1558540124.288670 [T_ST] 1564649286.88353 138 34
1180 1558540124.288670 [T_ST] 1564649286.88415 140 35
1180 1558540124.288670 [T_ST] 1564649286.88545 142 34
1181 1558540124.325380 [T_ST] 1564649286.94796 144 34
1181 1558540124.325380 [T_ST] 1564649286.9486 146 33
1181 1558540124.325380 [T_ST] 1564649286.94895 145 35
1181 1558540124.325380 [T_ST] 1564649286.94926 145 35
1182 1558540124.364140 [T_ST] 1564649287.01605 142 40
1182 1558540124.364140 [T_ST] 1564649287.01647 140 41
1182 1558540124.364140 [T_ST] 1564649287.01686 140 42
1182 1558540124.364140 [T_ST] 1564649287.01703 140 41
1183 1558540124.401710 [T_ST] 1564649287.05826 139 41
1183 1558540124.401710 [T_ST] 1564649287.05877 138 40
1183 1558540124.401710 [T_ST] 1564649287.05901 139 40
1183 1558540124.401710 [T_ST] 1564649287.0592 138 39
1184 1558540124.437100 [T_ST] 1564649287.10194 137 38
1184 1558540124.437100 [T_ST] 1564649287.10238 137 38
1184 1558540124.437100 [T_ST] 1564649287.10513 137 36
1184 1558540124.437100 [T_ST] 1564649287.10532 138 35
1185 1558540124.475070 [T_ST] 1564649287.14692 138 35
1185 1558540124.475070 [T_ST] 1564649287.14718 137 36
1185 1558540124.475070 [T_ST] 1564649287.14737 138 37
1185 1558540124.475070 [T_ST] 1564649287.14772 138 36
1186 1558540124.513940 [T_ST] 1564649287.21562 138 36
1186 1558540124.513940 [T_ST] 1564649287.21596 139 39
1186 1558540124.513940 [T_ST] 1564649287.21628 139 41
1187 1558540124.549680 [T_ST] 1564649287.27972 139 41
1187 1558540124.549680 [T_ST] 1564649287.28012 137 44
1187 1558540124.549680 [T_ST] 1564649287.28031 137 44
1187 1558540124.549680 [T_ST] 1564649287.28047 137 44
1188 1558540124.586580 [T_ST] 1564649287.32256 137 44
1188 1558540124.586580 [T_ST] 1564649287.32296 136 44
1188 1558540124.586580 [T_ST] 1564649287.32316 135 43
1188 1558540124.586580 [T_ST] 1564649287.32333 136 44
1188 1558540124.586580 [T_ST] 1564649287.32364 136 42
1189 1558540124.623830 [T_ST] 1564649287.39177 136 41
1189 1558540124.623830 [T_ST] 1564649287.39211 136 41
1189 1558540124.623830 [T_ST] 1564649287.39233 138 41
1189 1558540124.623830 [T_ST] 1564649287.39252 136 40
1190 1558540124.662020 [T_ST] 1564649287.43552 135 41
1190 1558540124.662020 [T_ST] 1564649287.4357 135 41
1190 1558540124.662020 [T_ST] 1564649287.43586 136 41
1190 1558540124.662020 [T_ST] 1564649287.43602 137 40
1190 1558540124.662020 [T_ST] 1564649287.43617 138 40
1191 1558540124.699310 [T_ST] 1564649287.47993 139 39
1191 1558540124.699310 [T_ST] 1564649287.48028 139 40
1191 1558540124.699310 [T_ST] 1564649287.48046 140 39
1191 1558540124.699310 [T_ST] 1564649287.48062 139 39
1191 1558540124.699310 [T_ST] 1564649287.48079 140 39
1192 1558540124.734850 [T_ST] 1564649287.52867 140 39
1192 1558540124.734850 [T_ST] 1564649287.52934 143 39
1192 1558540124.734850 [T_ST] 1564649287.52966 143 39
1192 1558540124.734850 [T_ST] 1564649287.52992 143 39
1192 1558540124.734850 [T_ST] 1564649287.53018 143 39
1192 1558540124.734850 [T_ST] 1564649287.53053 143 41
1193 1558540124.771900 [T_ST] 1564649287.58929 144 42
1193 1558540124.771900 [T_ST] 1564649287.58965 144 42
1193 1558540124.771900 [T_ST] 1564649287.58985 144 43
1193 1558540124.771900 [T_ST] 1564649287.59 143 43
1193 1558540124.771900 [T_ST] 1564649287.59015 144 42
1194 1558540124.808910 [T_ST] 1564649287.63051 145 43
1194 1558540124.808910 [T_ST] 1564649287.63071 145 44
1194 1558540124.808910 [T_ST] 1564649287.63094 144 44
1194 1558540124.808910 [T_ST] 1564649287.63107 144 45
1194 1558540124.808910 [T_ST] 1564649287.6312 145 44
1194 1558540124.808910 [T_ST] 1564649287.63132 147 44
1195 1558540124.843970 [T_ST] 1564649287.66969 146 43
1195 1558540124.843970 [T_ST] 1564649287.66995 146 42
1195 1558540124.843970 [T_ST] 1564649287.67096 144 43
1196 1558540124.880700 [T_ST] 1564649287.7144 142 43
1196 1558540124.880700 [T_ST] 1564649287.71468 144 43
1196 1558540124.880700 [T_ST] 1564649287.71485 146 45
1196 1558540124.880700 [T_ST] 1564649287.715 147 45
1196 1558540124.880700 [T_ST] 1564649287.71513 148 46
1196 1558540124.880700 [T_ST] 1564649287.71527 148 46
1196 1558540124.880700 [T_ST] 1564649287.71542 150 46
1197 1558540124.921330 [T_ST] 1564649287.76153 151 46
1197 1558540124.921330 [T_ST] 1564649287.76179 151 45
1197 1558540124.921330 [T_ST] 1564649287.76212 152 45
1197 1558540124.921330 [T_ST] 1564649287.76229 152 44
1197 1558540124.921330 [T_ST] 1564649287.76246 152 43
1197 1558540124.921330 [T_ST] 1564649287.76263 151 44
1197 1558540124.921330 [T_ST] 1564649287.76285 151 44
1198 1558540124.958780 [T_ST] 1564649287.81458 152 45
1198 1558540124.958780 [T_ST] 1564649287.8149 151 45
1198 1558540124.958780 [T_ST] 1564649287.81513 151 46
1198 1558540124.958780 [T_ST] 1564649287.81539 150 47
1198 1558540124.958780 [T_ST] 1564649287.81566 149 46
1198 1558540124.958780 [T_ST] 1564649287.81587 149 47
1198 1558540124.958780 [T_ST] 1564649287.81609 148 47
1199 1558540124.999000 [T_ST] 1564649287.87017 148 46
1199 1558540124.999000 [T_ST] 1564649287.87127 148 45
1199 1558540124.999000 [T_ST] 1564649287.87167 149 44
1199 1558540124.999000 [T_ST] 1564649287.87193 149 43
1199 1558540124.999000 [T_ST] 1564649287.87226 148 43
1200 1558540125.037340 [T_ST] 1564649287.92052 148 43
1200 1558540125.037340 [T_ST] 1564649287.92165 149 45
1200 1558540125.037340 [T_ST] 1564649287.92289 148 44
1201 1558540125.067340 [T_ST] 1564649287.95784 148 45
1201 1558540125.067340 [T_ST] 1564649287.95822 148 45
1202 1558540125.090350 [T_ST] 1564649287.98343 147 45
1203 1558540125.105350 [T_ST] 1564649287.9983 145 45
1204 1558540125.114530 [T_ST] 1564649288.00775 145 45
1208 1558540125.126440 [T_ST] 1564649288.01873 145 45
1224 1558540125.142690 [T_ST] 1564649288.05245 144 47
1242 1558540125.164090 [T_ST] 1564649288.08943 146 48
1266 1558540125.190080 [T_ST] 1564649288.14327 144 47
1318 1558540125.246340 [T_ST] 1564649288.24895 147 48
1483 1558540125.418350 [T_ST] 1564649288.60163 146 49
1531 1558540125.476240 [T_ST] 1564649288.70451 144 49
1561 1558540125.507350 [T_ST] 1564649288.76583 144 50
1597 1558540125.545490 [T_ST] 1564649288.84118 141 49
1633 1558540125.585360 [T_ST] 1564649288.9186 141 50
1705 1558540125.666660 [T_ST] 1564649289.0714 140 49
1799 1558540125.769720 [T_ST] 1564649289.28936 138 50
1876 1558540125.851770 [T_ST] 1564649289.44975 137 50
1896 1558540125.886480 [T_ST] 1564649289.49227 137 50
1914 1558540125.911750 [T_ST] 1564649289.53241 135 51
1928 1558540125.932100 [T_ST] 1564649289.56307 134 51
1948 1558540125.951710 [T_ST] 1564649289.60523 134 49
1961 1558540125.969460 [T_ST] 1564649289.63476 134 49
1976 1558540125.987950 [T_ST] 1564649289.6659 131 49
1993 1558540126.006790 [T_ST] 1564649289.70223 130 49
2005 1558540126.025390 [T_ST] 1564649289.72881 130 48
2022 1558540126.047950 [T_ST] 1564649289.7639 129 50
2033 1558540126.070380 [T_ST] 1564649289.79055 127 51
2040 1558540126.091500 [T_ST] 1564649289.80668 128 51
2058 1558540126.123390 [T_ST] 1564649289.84846 127 50
2081 1558540126.156470 [T_ST] 1564649289.90292 127 49
2106 1558540126.193150 [T_ST] 1564649289.95585 126 49
2141 1558540126.237930 [T_ST] 1564649290.03071 127 49
2189 1558540126.292480 [T_ST] 1564649290.13539 126 50
2248 1558540126.355890 [T_ST] 1564649290.26099 125 49
2346 1558540126.469840 [T_ST] 1564649290.46834 124 49
2591 1558540126.734560 [T_ST] 1564649291.00222 123 48
2707 1558540126.863580 [T_ST] 1564649291.2555 124 50
2728 1558540126.898380 [T_ST] 1564649291.3012 124 50
2743 1558540126.927620 [T_ST] 1564649291.33715 123 49
2767 1558540126.954380 [T_ST] 1564649291.38647 124 49
2792 1558540126.984480 [T_ST] 1564649291.43963 122 50
2833 1558540127.030390 [T_ST] 1564649291.52838 122 50
2969 1558540127.186480 [T_ST] 1564649291.81538 123 51
3182 1558540127.424380 [T_ST] 1564649292.28541 123 50
3269 1558540127.515510 [T_ST] 1564649292.47152 124 50
3333 1558540127.587390 [T_ST] 1564649292.6284 125 49
3400 1558540127.657520 [T_ST] 1564649292.76795 125 49
3454 1558540127.744910 [T_ST] 1564649292.88631 127 49
