165 1558540260.672520 [T_ST] 1564649075.74686 151 119
233 1558540260.746600 [T_ST] 1564649075.89155 151 119
268 1558540260.799500 [T_ST] 1564649075.96584 151 119
306 1558540260.842540 [T_ST] 1564649076.06131 151 119
336 1558540260.879960 [T_ST] 1564649076.12954 151 119
353 1558540260.906610 [T_ST] 1564649076.16977 151 119
372 1558540260.934260 [T_ST] 1564649076.20928 151 118
381 1558540260.956150 [T_ST] 1564649076.22985 150 117
390 1558540260.980540 [T_ST] 1564649076.24703 150 119
396 1558540261.000830 [T_ST] 1564649076.26032 150 119
404 1558540261.016980 [T_ST] 1564649076.27836 151 119
410 1558540261.033460 [T_ST] 1564649076.2897 151 119
415 1558540261.047540 [T_ST] 1564649076.30155 150 118
418 1558540261.060290 [T_ST] 1564649076.30907 150 118
421 1558540261.074540 [T_ST] 1564649076.31999 150 117
422 1558540261.084550 [T_ST] 1564649076.32868 150 117
423 1558540261.099550 [T_ST] 1564649076.33782 151 117
423 1558540261.099550 [T_ST] 1564649076.33865 151 117
424 1558540261.120550 [T_ST] 1564649076.34433 152 117
424 1558540261.120550 [T_ST] 1564649076.34462 151 117
425 1558540261.143550 [T_ST] 1564649076.3532 151 117
425 1558540261.143550 [T_ST] 1564649076.35371 151 116
425 1558540261.143550 [T_ST] 1564649076.35389 150 116
426 1558540261.172560 [T_ST] 1564649076.36214 149 116
426 1558540261.172560 [T_ST] 1564649076.36235 149 117
426 1558540261.172560 [T_ST] 1564649076.36255 150 118
426 1558540261.172560 [T_ST] 1564649076.36276 150 118
427 1558540261.209020 [T_ST] 1564649076.37382 149 118
427 1558540261.209020 [T_ST] 1564649076.37434 149 119
428 1558540261.246590 [T_ST] 1564649076.38581 150 120
428 1558540261.246590 [T_ST] 1564649076.38615 149 119
428 1558540261.246590 [T_ST] 1564649076.38629 149 119
429 1558540261.282800 [T_ST] 1564649076.39596 150 118
429 1558540261.282800 [T_ST] 1564649076.39614 152 118
429 1558540261.282800 [T_ST] 1564649076.39628 151 118
429 1558540261.282800 [T_ST] 1564649076.39645 152 118
429 1558540261.282800 [T_ST] 1564649076.39659 153 119
430 1558540261.323280 [T_ST] 1564649076.40678 152 118
430 1558540261.323280 [T_ST] 1564649076.40719 153 118
430 1558540261.323280 [T_ST] 1564649076.40732 151 118
431 1558540261.361930 [T_ST] 1564649076.41762 151 117
431 1558540261.361930 [T_ST] 1564649076.41785 152 116
431 1558540261.361930 [T_ST] 1564649076.418 152 117
431 1558540261.361930 [T_ST] 1564649076.41813 152 118
431 1558540261.361930 [T_ST] 1564649076.4183 153 117
432 1558540261.398480 [T_ST] 1564649076.42894 153 117
432 1558540261.398480 [T_ST] 1564649076.42913 153 118
432 1558540261.398480 [T_ST] 1564649076.42925 151 116
432 1558540261.398480 [T_ST] 1564649076.42936 150 115
432 1558540261.398480 [T_ST] 1564649076.42948 151 115
433 1558540261.439730 [T_ST] 1564649076.43969 152 117
433 1558540261.439730 [T_ST] 1564649076.43983 153 116
433 1558540261.439730 [T_ST] 1564649076.43997 153 116
433 1558540261.439730 [T_ST] 1564649076.44016 152 115
433 1558540261.439730 [T_ST] 1564649076.44035 150 114
434 1558540261.486460 [T_ST] 1564649076.44946 151 114
434 1558540261.486460 [T_ST] 1564649076.44962 150 116
434 1558540261.486460 [T_ST] 1564649076.44977 149 115
434 1558540261.486460 [T_ST] 1564649076.44993 149 115
434 1558540261.486460 [T_ST] 1564649076.45005 148 115
435 1558540261.525940 [T_ST] 1564649076.4653 149 116
435 1558540261.525940 [T_ST] 1564649076.46551 149 115
435 1558540261.525940 [T_ST] 1564649076.46568 149 115
435 1558540261.525940 [T_ST] 1564649076.4658 149 116
435 1558540261.525940 [T_ST] 1564649076.46591 150 117
436 1558540261.565840 [T_ST] 1564649076.50899 149 115
436 1558540261.565840 [T_ST] 1564649076.50919 148 114
436 1558540261.565840 [T_ST] 1564649076.50931 148 115
437 1558540261.604480 [T_ST] 1564649076.55446 144 113
437 1558540261.604480 [T_ST] 1564649076.55486 144 112
437 1558540261.604480 [T_ST] 1564649076.55522 143 111
437 1558540261.604480 [T_ST] 1564649076.5554 141 109
437 1558540261.604480 [T_ST] 1564649076.55558 140 109
438 1558540261.642300 [T_ST] 1564649076.62002 142 111
438 1558540261.642300 [T_ST] 1564649076.6204 140 109
438 1558540261.642300 [T_ST] 1564649076.62067 142 110
438 1558540261.642300 [T_ST] 1564649076.62098 140 109
439 1558540261.684580 [T_ST] 1564649076.66432 140 108
439 1558540261.684580 [T_ST] 1564649076.66448 140 108
439 1558540261.684580 [T_ST] 1564649076.6646 140 109
439 1558540261.684580 [T_ST] 1564649076.66474 140 109
440 1558540261.732140 [T_ST] 1564649076.71572 139 109
440 1558540261.732140 [T_ST] 1564649076.71592 140 110
440 1558540261.732140 [T_ST] 1564649076.71614 140 110
440 1558540261.732140 [T_ST] 1564649076.71632 141 111
441 1558540261.779800 [T_ST] 1564649076.77127 143 112
441 1558540261.779800 [T_ST] 1564649076.77174 143 111
441 1558540261.779800 [T_ST] 1564649076.77213 142 112
441 1558540261.779800 [T_ST] 1564649076.77233 141 111
442 1558540261.821860 [T_ST] 1564649076.82051 139 111
442 1558540261.821860 [T_ST] 1564649076.82076 140 110
442 1558540261.821860 [T_ST] 1564649076.82101 139 110
442 1558540261.821860 [T_ST] 1564649076.82126 139 109
442 1558540261.821860 [T_ST] 1564649076.8215 135 109
443 1558540261.860280 [T_ST] 1564649076.86842 135 109
443 1558540261.860280 [T_ST] 1564649076.86885 132 109
443 1558540261.860280 [T_ST] 1564649076.8691 131 108
443 1558540261.860280 [T_ST] 1564649076.86936 130 108
444 1558540261.896970 [T_ST] 1564649076.93315 129 108
444 1558540261.896970 [T_ST] 1564649076.93352 128 108
444 1558540261.896970 [T_ST] 1564649076.93383 127 109
445 1558540261.935200 [T_ST] 1564649076.98175 126 109
445 1558540261.935200 [T_ST] 1564649076.9821 125 109
445 1558540261.935200 [T_ST] 1564649076.98233 125 108
445 1558540261.935200 [T_ST] 1564649076.98248 122 107
446 1558540261.973670 [T_ST] 1564649077.0261 122 108
446 1558540261.973670 [T_ST] 1564649077.02643 119 107
446 1558540261.973670 [T_ST] 1564649077.0266 120 107
447 1558540262.013240 [T_ST] 1564649077.07136 119 107
447 1558540262.013240 [T_ST] 1564649077.07173 119 106
447 1558540262.013240 [T_ST] 1564649077.07193 119 106
447 1558540262.013240 [T_ST] 1564649077.07213 118 105
448 1558540262.048850 [T_ST] 1564649077.11209 118 105
448 1558540262.048850 [T_ST] 1564649077.11224 118 104
448 1558540262.048850 [T_ST] 1564649077.1124 117 104
448 1558540262.048850 [T_ST] 1564649077.11255 116 104
449 1558540262.086220 [T_ST] 1564649077.15496 117 102
449 1558540262.086220 [T_ST] 1564649077.15526 117 101
449 1558540262.086220 [T_ST] 1564649077.15551 116 102
449 1558540262.086220 [T_ST] 1564649077.1557 116 101
450 1558540262.124300 [T_ST] 1564649077.19811 115 100
450 1558540262.124300 [T_ST] 1564649077.19826 115 100
450 1558540262.124300 [T_ST] 1564649077.19846 115 99
450 1558540262.124300 [T_ST] 1564649077.1986 115 99
451 1558540262.161900 [T_ST] 1564649077.24127 114 99
451 1558540262.161900 [T_ST] 1564649077.24145 115 99
451 1558540262.161900 [T_ST] 1564649077.24159 114 98
451 1558540262.161900 [T_ST] 1564649077.24173 114 98
451 1558540262.161900 [T_ST] 1564649077.24187 113 98
452 1558540262.198320 [T_ST] 1564649077.28404 113 96
452 1558540262.198320 [T_ST] 1564649077.28429 113 95
452 1558540262.198320 [T_ST] 1564649077.28442 113 95
453 1558540262.236250 [T_ST] 1564649077.32802 113 97
453 1558540262.236250 [T_ST] 1564649077.32841 111 96
454 1558540262.275180 [T_ST] 1564649077.37164 110 95
454 1558540262.275180 [T_ST] 1564649077.37198 109 93
454 1558540262.275180 [T_ST] 1564649077.3725 109 94
454 1558540262.275180 [T_ST] 1564649077.37267 109 92
454 1558540262.275180 [T_ST] 1564649077.37282 109 91
455 1558540262.317480 [T_ST] 1564649077.41909 109 89
455 1558540262.317480 [T_ST] 1564649077.41924 109 89
455 1558540262.317480 [T_ST] 1564649077.41938 108 89
455 1558540262.317480 [T_ST] 1564649077.41954 107 89
456 1558540262.359060 [T_ST] 1564649077.47108 106 89
456 1558540262.359060 [T_ST] 1564649077.47135 106 90
456 1558540262.359060 [T_ST] 1564649077.47159 106 89
456 1558540262.359060 [T_ST] 1564649077.47183 105 89
456 1558540262.359060 [T_ST] 1564649077.47204 106 90
457 1558540262.405250 [T_ST] 1564649077.52761 104 91
457 1558540262.405250 [T_ST] 1564649077.52789 105 92
457 1558540262.405250 [T_ST] 1564649077.52815 105 92
457 1558540262.405250 [T_ST] 1564649077.52842 105 92
458 1558540262.444970 [T_ST] 1564649077.58523 104 93
458 1558540262.444970 [T_ST] 1564649077.58586 103 94
458 1558540262.444970 [T_ST] 1564649077.58638 103 94
458 1558540262.444970 [T_ST] 1564649077.58667 103 96
459 1558540262.487980 [T_ST] 1564649077.6394 103 96
459 1558540262.487980 [T_ST] 1564649077.63987 103 97
459 1558540262.487980 [T_ST] 1564649077.64029 104 98
459 1558540262.487980 [T_ST] 1564649077.64106 104 97
460 1558540262.527010 [T_ST] 1564649077.69419 104 97
460 1558540262.527010 [T_ST] 1564649077.69459 104 98
460 1558540262.527010 [T_ST] 1564649077.69504 105 98
461 1558540262.565150 [T_ST] 1564649077.75504 106 97
461 1558540262.565150 [T_ST] 1564649077.75559 105 96
461 1558540262.565150 [T_ST] 1564649077.75582 105 95
462 1558540262.601610 [T_ST] 1564649077.79494 105 96
462 1558540262.601610 [T_ST] 1564649077.79509 106 96
462 1558540262.601610 [T_ST] 1564649077.79523 105 96
462 1558540262.601610 [T_ST] 1564649077.79537 104 95
463 1558540262.640460 [T_ST] 1564649077.84186 105 95
463 1558540262.640460 [T_ST] 1564649077.84203 104 95
463 1558540262.640460 [T_ST] 1564649077.84231 105 96
464 1558540262.679980 [T_ST] 1564649077.92581 105 96
464 1558540262.679980 [T_ST] 1564649077.92605 104 96
464 1558540262.679980 [T_ST] 1564649077.92639 104 95
465 1558540262.720790 [T_ST] 1564649077.97047 104 95
465 1558540262.720790 [T_ST] 1564649077.97086 104 94
465 1558540262.720790 [T_ST] 1564649077.97105 105 94
466 1558540262.758080 [T_ST] 1564649078.01398 106 93
466 1558540262.758080 [T_ST] 1564649078.01418 106 93
466 1558540262.758080 [T_ST] 1564649078.01436 104 94
466 1558540262.758080 [T_ST] 1564649078.0145 105 93
467 1558540262.796010 [T_ST] 1564649078.06002 104 93
467 1558540262.796010 [T_ST] 1564649078.06042 105 95
467 1558540262.796010 [T_ST] 1564649078.06073 107 95
468 1558540262.836010 [T_ST] 1564649078.10958 107 95
468 1558540262.836010 [T_ST] 1564649078.10989 107 94
468 1558540262.836010 [T_ST] 1564649078.11012 108 95
468 1558540262.836010 [T_ST] 1564649078.11035 109 94
469 1558540262.874000 [T_ST] 1564649078.15741 108 94
469 1558540262.874000 [T_ST] 1564649078.15793 109 93
469 1558540262.874000 [T_ST] 1564649078.15818 110 93
469 1558540262.874000 [T_ST] 1564649078.15835 109 92
470 1558540262.913700 [T_ST] 1564649078.20326 110 93
470 1558540262.913700 [T_ST] 1564649078.20354 110 92
470 1558540262.913700 [T_ST] 1564649078.20375 110 92
470 1558540262.913700 [T_ST] 1564649078.20398 110 92
471 1558540262.950860 [T_ST] 1564649078.24803 109 92
471 1558540262.950860 [T_ST] 1564649078.2483 109 92
471 1558540262.950860 [T_ST] 1564649078.2486 108 92
471 1558540262.950860 [T_ST] 1564649078.24894 107 91
472 1558540262.989450 [T_ST] 1564649078.2931 106 92
472 1558540262.989450 [T_ST] 1564649078.29328 107 92
472 1558540262.989450 [T_ST] 1564649078.29347 107 93
472 1558540262.989450 [T_ST] 1564649078.2936 106 92
478 1558540263.043830 [T_ST] 1564649078.33954 106 92
499 1558540263.080990 [T_ST] 1564649078.38669 106 93
504 1558540263.094680 [T_ST] 1564649078.39759 107 93
506 1558540263.105520 [T_ST] 1564649078.40567 107 94
507 1558540263.113520 [T_ST] 1564649078.40836 107 93
508 1558540263.124520 [T_ST] 1564649078.41866 106 95
509 1558540263.136520 [T_ST] 1564649078.45003 107 95
513 1558540263.164240 [T_ST] 1564649078.47815 107 93
595 1558540263.255870 [T_ST] 1564649078.65036 106 92
623 1558540263.292360 [T_ST] 1564649078.71469 106 91
639 1558540263.320400 [T_ST] 1564649078.74843 106 90
645 1558540263.335240 [T_ST] 1564649078.76081 108 90
652 1558540263.349590 [T_ST] 1564649078.77535 108 91
657 1558540263.362590 [T_ST] 1564649078.78606 108 89
667 1558540263.380970 [T_ST] 1564649078.80672 108 91
687 1558540263.407880 [T_ST] 1564649078.84899 108 89
694 1558540263.422810 [T_ST] 1564649078.87011 109 89
695 1558540263.428520 [T_ST] 1564649078.87894 109 90
696 1558540263.438530 [T_ST] 1564649078.88922 110 89
696 1558540263.438530 [T_ST] 1564649078.88962 110 91
697 1558540263.450530 [T_ST] 1564649078.8947 111 89
698 1558540263.467520 [T_ST] 1564649078.90122 109 89
698 1558540263.467520 [T_ST] 1564649078.90146 111 89
699 1558540263.485530 [T_ST] 1564649078.90574 112 90
700 1558540263.499520 [T_ST] 1564649078.90867 111 90
701 1558540263.509530 [T_ST] 1564649078.91081 110 90
702 1558540263.520530 [T_ST] 1564649078.9142 111 92
702 1558540263.520530 [T_ST] 1564649078.91442 110 93
702 1558540263.520530 [T_ST] 1564649078.91458 111 93
703 1558540263.535540 [T_ST] 1564649078.92053 110 93
703 1558540263.535540 [T_ST] 1564649078.92076 110 92
703 1558540263.535540 [T_ST] 1564649078.92093 110 92
704 1558540263.564810 [T_ST] 1564649078.93015 109 92
704 1558540263.564810 [T_ST] 1564649078.9304 109 93
704 1558540263.564810 [T_ST] 1564649078.93059 108 91
704 1558540263.564810 [T_ST] 1564649078.93078 108 91
704 1558540263.564810 [T_ST] 1564649078.93097 108 91
705 1558540263.604360 [T_ST] 1564649078.94178 109 90
705 1558540263.604360 [T_ST] 1564649078.94197 110 90
706 1558540263.643140 [T_ST] 1564649078.96397 109 89
706 1558540263.643140 [T_ST] 1564649078.96446 108 89
706 1558540263.643140 [T_ST] 1564649078.96464 108 90
706 1558540263.643140 [T_ST] 1564649078.96477 109 90
706 1558540263.643140 [T_ST] 1564649078.96488 110 90
707 1558540263.681920 [T_ST] 1564649079.01879 111 90
707 1558540263.681920 [T_ST] 1564649079.01903 110 92
707 1558540263.681920 [T_ST] 1564649079.01923 110 92
707 1558540263.681920 [T_ST] 1564649079.01945 111 95
707 1558540263.681920 [T_ST] 1564649079.01964 110 97
708 1558540263.719520 [T_ST] 1564649079.06574 112 97
708 1558540263.719520 [T_ST] 1564649079.06603 109 97
709 1558540263.755370 [T_ST] 1564649079.12652 107 96
709 1558540263.755370 [T_ST] 1564649079.12689 107 96
709 1558540263.755370 [T_ST] 1564649079.12713 107 97
709 1558540263.755370 [T_ST] 1564649079.12734 107 97
709 1558540263.755370 [T_ST] 1564649079.12757 108 97
710 1558540263.793990 [T_ST] 1564649079.17196 107 98
710 1558540263.793990 [T_ST] 1564649079.17238 108 98
710 1558540263.793990 [T_ST] 1564649079.17269 107 98
710 1558540263.793990 [T_ST] 1564649079.17294 107 99
710 1558540263.793990 [T_ST] 1564649079.17317 107 99
711 1558540263.833840 [T_ST] 1564649079.21937 106 99
711 1558540263.833840 [T_ST] 1564649079.21955 106 99
711 1558540263.833840 [T_ST] 1564649079.21974 107 98
711 1558540263.833840 [T_ST] 1564649079.21996 108 99
712 1558540263.877010 [T_ST] 1564649079.26881 108 99
712 1558540263.877010 [T_ST] 1564649079.26902 109 100
712 1558540263.877010 [T_ST] 1564649079.26925 109 100
712 1558540263.877010 [T_ST] 1564649079.26944 109 101
713 1558540263.914680 [T_ST] 1564649079.31484 109 100
713 1558540263.914680 [T_ST] 1564649079.31523 109 101
713 1558540263.914680 [T_ST] 1564649079.31543 109 102
713 1558540263.914680 [T_ST] 1564649079.31567 109 101
714 1558540263.951540 [T_ST] 1564649079.36447 109 102
714 1558540263.951540 [T_ST] 1564649079.36544 109 101
714 1558540263.951540 [T_ST] 1564649079.36574 110 102
714 1558540263.951540 [T_ST] 1564649079.36628 107 101
715 1558540263.993240 [T_ST] 1564649079.41698 107 100
715 1558540263.993240 [T_ST] 1564649079.41729 106 101
715 1558540263.993240 [T_ST] 1564649079.41746 106 100
715 1558540263.993240 [T_ST] 1564649079.41762 108 99
715 1558540263.993240 [T_ST] 1564649079.41778 107 99
716 1558540264.032220 [T_ST] 1564649079.46948 105 98
716 1558540264.032220 [T_ST] 1564649079.46994 104 99
716 1558540264.032220 [T_ST] 1564649079.47022 104 99
717 1558540264.069930 [T_ST] 1564649079.51218 104 98
717 1558540264.069930 [T_ST] 1564649079.51244 106 96
717 1558540264.069930 [T_ST] 1564649079.51257 107 94
718 1558540264.106870 [T_ST] 1564649079.56465 107 95
718 1558540264.106870 [T_ST] 1564649079.56524 108 95
718 1558540264.106870 [T_ST] 1564649079.56568 108 95
718 1558540264.106870 [T_ST] 1564649079.56596 107 96
718 1558540264.106870 [T_ST] 1564649079.56623 108 95
719 1558540264.144510 [T_ST] 1564649079.61997 108 94
719 1558540264.144510 [T_ST] 1564649079.62029 111 97
719 1558540264.144510 [T_ST] 1564649079.62046 111 97
720 1558540264.184390 [T_ST] 1564649079.66425 112 96
720 1558540264.184390 [T_ST] 1564649079.66446 111 96
720 1558540264.184390 [T_ST] 1564649079.66463 111 95
720 1558540264.184390 [T_ST] 1564649079.66476 110 95
720 1558540264.184390 [T_ST] 1564649079.66488 110 95
721 1558540264.221980 [T_ST] 1564649079.7103 110 95
721 1558540264.221980 [T_ST] 1564649079.71069 109 95
722 1558540264.258010 [T_ST] 1564649079.7546 110 97
722 1558540264.258010 [T_ST] 1564649079.75512 108 97
722 1558540264.258010 [T_ST] 1564649079.7553 109 96
722 1558540264.258010 [T_ST] 1564649079.75551 108 98
723 1558540264.296280 [T_ST] 1564649079.81391 108 96
723 1558540264.296280 [T_ST] 1564649079.81422 108 95
723 1558540264.296280 [T_ST] 1564649079.81447 108 94
723 1558540264.296280 [T_ST] 1564649079.81465 108 93
724 1558540264.335570 [T_ST] 1564649079.85666 107 92
724 1558540264.335570 [T_ST] 1564649079.85686 106 89
724 1558540264.335570 [T_ST] 1564649079.85705 105 90
724 1558540264.335570 [T_ST] 1564649079.85719 105 90
724 1558540264.335570 [T_ST] 1564649079.85734 104 90
725 1558540264.372550 [T_ST] 1564649079.91759 104 89
725 1558540264.372550 [T_ST] 1564649079.91784 103 89
725 1558540264.372550 [T_ST] 1564649079.91801 104 89
726 1558540264.408140 [T_ST] 1564649079.95787 106 89
726 1558540264.408140 [T_ST] 1564649079.95819 107 89
726 1558540264.408140 [T_ST] 1564649079.95836 107 90
726 1558540264.408140 [T_ST] 1564649079.9585 107 90
727 1558540264.446850 [T_ST] 1564649080.00238 108 90
727 1558540264.446850 [T_ST] 1564649080.00264 109 89
727 1558540264.446850 [T_ST] 1564649080.00289 111 89
727 1558540264.446850 [T_ST] 1564649080.00307 111 88
728 1558540264.485280 [T_ST] 1564649080.0551 112 89
728 1558540264.485280 [T_ST] 1564649080.05541 112 89
728 1558540264.485280 [T_ST] 1564649080.05566 111 89
728 1558540264.485280 [T_ST] 1564649080.05591 110 90
729 1558540264.525970 [T_ST] 1564649080.11827 112 89
729 1558540264.525970 [T_ST] 1564649080.11856 112 89
729 1558540264.525970 [T_ST] 1564649080.11888 113 89
730 1558540264.561680 [T_ST] 1564649080.16244 113 89
730 1558540264.561680 [T_ST] 1564649080.16277 113 88
730 1558540264.561680 [T_ST] 1564649080.1632 115 88
730 1558540264.561680 [T_ST] 1564649080.16338 116 88
730 1558540264.561680 [T_ST] 1564649080.16356 117 87
731 1558540264.599460 [T_ST] 1564649080.20936 118 88
731 1558540264.599460 [T_ST] 1564649080.20959 119 87
731 1558540264.599460 [T_ST] 1564649080.20981 119 87
731 1558540264.599460 [T_ST] 1564649080.21003 119 87
731 1558540264.599460 [T_ST] 1564649080.21025 119 87
732 1558540264.637300 [T_ST] 1564649080.25909 120 88
732 1558540264.637300 [T_ST] 1564649080.25931 120 89
732 1558540264.637300 [T_ST] 1564649080.25957 122 90
732 1558540264.637300 [T_ST] 1564649080.25997 121 90
733 1558540264.673730 [T_ST] 1564649080.32481 121 90
733 1558540264.673730 [T_ST] 1564649080.32521 121 92
733 1558540264.673730 [T_ST] 1564649080.32537 120 92
734 1558540264.709870 [T_ST] 1564649080.38664 121 92
734 1558540264.709870 [T_ST] 1564649080.387 121 92
734 1558540264.709870 [T_ST] 1564649080.38749 121 92
735 1558540264.748610 [T_ST] 1564649080.43007 122 93
735 1558540264.748610 [T_ST] 1564649080.43024 122 91
735 1558540264.748610 [T_ST] 1564649080.43038 122 92
735 1558540264.748610 [T_ST] 1564649080.43054 122 91
735 1558540264.748610 [T_ST] 1564649080.43069 122 91
736 1558540264.786920 [T_ST] 1564649080.49575 122 92
736 1558540264.786920 [T_ST] 1564649080.49615 123 93
736 1558540264.786920 [T_ST] 1564649080.49634 123 94
737 1558540264.825290 [T_ST] 1564649080.56987 123 92
737 1558540264.825290 [T_ST] 1564649080.57089 122 92
737 1558540264.825290 [T_ST] 1564649080.57142 121 92
737 1558540264.825290 [T_ST] 1564649080.57164 121 93
738 1558540264.862060 [T_ST] 1564649080.60996 122 93
738 1558540264.862060 [T_ST] 1564649080.61019 121 93
738 1558540264.862060 [T_ST] 1564649080.61034 121 93
738 1558540264.862060 [T_ST] 1564649080.6105 121 94
739 1558540264.900000 [T_ST] 1564649080.65236 121 94
739 1558540264.900000 [T_ST] 1564649080.65266 122 94
739 1558540264.900000 [T_ST] 1564649080.65281 122 93
740 1558540264.938330 [T_ST] 1564649080.70383 124 93
740 1558540264.938330 [T_ST] 1564649080.7044 124 93
740 1558540264.938330 [T_ST] 1564649080.70464 125 93
741 1558540265.009040 [T_ST] 1564649080.78652 125 93
741 1558540265.009040 [T_ST] 1564649080.78703 126 94
741 1558540265.009040 [T_ST] 1564649080.78749 127 94
741 1558540265.009040 [T_ST] 1564649080.78775 126 94
742 1558540265.049330 [T_ST] 1564649080.83867 127 93
742 1558540265.049330 [T_ST] 1564649080.83906 126 92
742 1558540265.049330 [T_ST] 1564649080.83939 126 93
742 1558540265.049330 [T_ST] 1564649080.83969 126 92
743 1558540265.087040 [T_ST] 1564649080.8909 125 91
743 1558540265.087040 [T_ST] 1564649080.89122 124 91
743 1558540265.087040 [T_ST] 1564649080.89152 124 91
743 1558540265.087040 [T_ST] 1564649080.89214 123 91
743 1558540265.087040 [T_ST] 1564649080.8924 125 92
744 1558540265.124220 [T_ST] 1564649080.93933 125 91
744 1558540265.124220 [T_ST] 1564649080.93962 124 92
744 1558540265.124220 [T_ST] 1564649080.93995 123 90
744 1558540265.124220 [T_ST] 1564649080.94024 122 91
745 1558540265.162150 [T_ST] 1564649080.98987 121 90
745 1558540265.162150 [T_ST] 1564649080.99043 119 90
745 1558540265.162150 [T_ST] 1564649080.99113 119 89
746 1558540265.201560 [T_ST] 1564649081.05403 118 89
746 1558540265.201560 [T_ST] 1564649081.05429 118 89
746 1558540265.201560 [T_ST] 1564649081.05461 117 88
746 1558540265.201560 [T_ST] 1564649081.05482 117 87
747 1558540265.240650 [T_ST] 1564649081.1221 116 87
747 1558540265.240650 [T_ST] 1564649081.12233 116 87
747 1558540265.240650 [T_ST] 1564649081.12251 117 87
747 1558540265.240650 [T_ST] 1564649081.12272 117 88
748 1558540265.276930 [T_ST] 1564649081.16419 117 87
748 1558540265.276930 [T_ST] 1564649081.16452 116 85
748 1558540265.276930 [T_ST] 1564649081.16487 116 84
749 1558540265.314770 [T_ST] 1564649081.20952 115 83
749 1558540265.314770 [T_ST] 1564649081.20979 114 81
749 1558540265.314770 [T_ST] 1564649081.20999 115 80
749 1558540265.314770 [T_ST] 1564649081.21018 115 78
749 1558540265.314770 [T_ST] 1564649081.21037 115 80
750 1558540265.354030 [T_ST] 1564649081.28128 116 81
750 1558540265.354030 [T_ST] 1564649081.28178 116 81
750 1558540265.354030 [T_ST] 1564649081.28208 117 81
750 1558540265.354030 [T_ST] 1564649081.28228 118 81
751 1558540265.393340 [T_ST] 1564649081.32647 118 81
751 1558540265.393340 [T_ST] 1564649081.3268 118 80
752 1558540265.432570 [T_ST] 1564649081.37102 118 80
752 1558540265.432570 [T_ST] 1564649081.37139 118 81
752 1558540265.432570 [T_ST] 1564649081.37166 118 81
752 1558540265.432570 [T_ST] 1564649081.37186 119 81
753 1558540265.469040 [T_ST] 1564649081.4134 119 81
753 1558540265.469040 [T_ST] 1564649081.41357 119 81
753 1558540265.469040 [T_ST] 1564649081.41372 119 81
754 1558540265.507900 [T_ST] 1564649081.46317 119 82
754 1558540265.507900 [T_ST] 1564649081.46339 119 82
754 1558540265.507900 [T_ST] 1564649081.46362 119 81
754 1558540265.507900 [T_ST] 1564649081.46382 118 82
755 1558540265.546050 [T_ST] 1564649081.51518 117 81
755 1558540265.546050 [T_ST] 1564649081.51548 117 80
755 1558540265.546050 [T_ST] 1564649081.5158 117 81
755 1558540265.546050 [T_ST] 1564649081.51605 117 80
756 1558540265.584260 [T_ST] 1564649081.58149 118 80
756 1558540265.584260 [T_ST] 1564649081.582 117 79
756 1558540265.584260 [T_ST] 1564649081.58239 116 78
756 1558540265.584260 [T_ST] 1564649081.58267 116 78
757 1558540265.621810 [T_ST] 1564649081.64976 116 77
757 1558540265.621810 [T_ST] 1564649081.64998 117 77
757 1558540265.621810 [T_ST] 1564649081.6503 115 73
757 1558540265.621810 [T_ST] 1564649081.65048 115 73
758 1558540265.660220 [T_ST] 1564649081.69837 116 74
758 1558540265.660220 [T_ST] 1564649081.69896 117 75
758 1558540265.660220 [T_ST] 1564649081.69947 118 76
759 1558540265.699070 [T_ST] 1564649081.75337 120 78
759 1558540265.699070 [T_ST] 1564649081.75395 119 78
759 1558540265.699070 [T_ST] 1564649081.75489 120 78
759 1558540265.699070 [T_ST] 1564649081.75514 120 78
760 1558540265.736990 [T_ST] 1564649081.80176 118 76
760 1558540265.736990 [T_ST] 1564649081.80217 119 75
760 1558540265.736990 [T_ST] 1564649081.80243 119 76
761 1558540265.773910 [T_ST] 1564649081.85384 119 75
761 1558540265.773910 [T_ST] 1564649081.85421 119 75
761 1558540265.773910 [T_ST] 1564649081.85456 119 75
761 1558540265.773910 [T_ST] 1564649081.85489 119 74
762 1558540265.811770 [T_ST] 1564649081.92652 120 73
762 1558540265.811770 [T_ST] 1564649081.92682 120 74
762 1558540265.811770 [T_ST] 1564649081.92705 120 75
762 1558540265.811770 [T_ST] 1564649081.92727 120 76
763 1558540265.851340 [T_ST] 1564649081.97172 120 76
763 1558540265.851340 [T_ST] 1564649081.97215 119 77
763 1558540265.851340 [T_ST] 1564649081.97255 119 75
764 1558540265.888370 [T_ST] 1564649082.01762 119 76
764 1558540265.888370 [T_ST] 1564649082.01782 120 76
764 1558540265.888370 [T_ST] 1564649082.01802 120 76
765 1558540265.924870 [T_ST] 1564649082.08382 119 77
765 1558540265.924870 [T_ST] 1564649082.08406 119 77
765 1558540265.924870 [T_ST] 1564649082.08434 118 78
765 1558540265.924870 [T_ST] 1564649082.08462 119 79
766 1558540265.962930 [T_ST] 1564649082.12721 119 80
766 1558540265.962930 [T_ST] 1564649082.12741 119 79
766 1558540265.962930 [T_ST] 1564649082.12757 118 80
766 1558540265.962930 [T_ST] 1564649082.12773 119 80
767 1558540266.002500 [T_ST] 1564649082.17044 118 82
767 1558540266.002500 [T_ST] 1564649082.17074 118 82
767 1558540266.002500 [T_ST] 1564649082.1709 118 81
767 1558540266.002500 [T_ST] 1564649082.17111 117 81
768 1558540266.040970 [T_ST] 1564649082.21576 115 80
768 1558540266.040970 [T_ST] 1564649082.21596 115 80
768 1558540266.040970 [T_ST] 1564649082.21613 115 79
768 1558540266.040970 [T_ST] 1564649082.21628 115 79
769 1558540266.077190 [T_ST] 1564649082.28009 116 80
769 1558540266.077190 [T_ST] 1564649082.28041 115 79
769 1558540266.077190 [T_ST] 1564649082.28068 115 79
769 1558540266.077190 [T_ST] 1564649082.28093 115 80
770 1558540266.114240 [T_ST] 1564649082.3225 115 81
770 1558540266.114240 [T_ST] 1564649082.32288 114 81
770 1558540266.114240 [T_ST] 1564649082.32309 114 82
771 1558540266.152060 [T_ST] 1564649082.3853 114 83
771 1558540266.152060 [T_ST] 1564649082.38582 114 82
771 1558540266.152060 [T_ST] 1564649082.38641 114 83
771 1558540266.152060 [T_ST] 1564649082.38693 111 82
772 1558540266.190080 [T_ST] 1564649082.42726 111 81
772 1558540266.190080 [T_ST] 1564649082.42744 112 81
772 1558540266.190080 [T_ST] 1564649082.4277 111 80
773 1558540266.227740 [T_ST] 1564649082.46745 111 80
773 1558540266.227740 [T_ST] 1564649082.46772 110 81
773 1558540266.227740 [T_ST] 1564649082.46787 111 80
774 1558540266.266170 [T_ST] 1564649082.53602 110 80
774 1558540266.266170 [T_ST] 1564649082.5363 110 80
774 1558540266.266170 [T_ST] 1564649082.53655 112 80
774 1558540266.266170 [T_ST] 1564649082.53684 113 80
775 1558540266.305630 [T_ST] 1564649082.58633 113 80
775 1558540266.305630 [T_ST] 1564649082.58696 115 81
776 1558540266.342990 [T_ST] 1564649082.63362 117 82
776 1558540266.342990 [T_ST] 1564649082.63388 118 83
776 1558540266.342990 [T_ST] 1564649082.6341 117 83
776 1558540266.342990 [T_ST] 1564649082.63436 118 83
777 1558540266.380230 [T_ST] 1564649082.69458 118 83
777 1558540266.380230 [T_ST] 1564649082.69485 118 83
777 1558540266.380230 [T_ST] 1564649082.69511 119 83
777 1558540266.380230 [T_ST] 1564649082.6953 119 82
778 1558540266.423320 [T_ST] 1564649082.7538 120 83
778 1558540266.423320 [T_ST] 1564649082.7551 120 83
778 1558540266.423320 [T_ST] 1564649082.75548 120 82
778 1558540266.423320 [T_ST] 1564649082.75576 120 82
779 1558540266.465600 [T_ST] 1564649082.81886 119 82
779 1558540266.465600 [T_ST] 1564649082.81931 120 81
779 1558540266.465600 [T_ST] 1564649082.81956 119 81
780 1558540266.509710 [T_ST] 1564649082.88367 118 81
780 1558540266.509710 [T_ST] 1564649082.88386 119 81
780 1558540266.509710 [T_ST] 1564649082.88406 118 80
780 1558540266.509710 [T_ST] 1564649082.88428 117 79
879 1558540266.671650 [T_ST] 1564649083.1439 117 79
893 1558540266.697160 [T_ST] 1564649083.17607 117 78
899 1558540266.712680 [T_ST] 1564649083.19248 117 79
902 1558540266.725510 [T_ST] 1564649083.20425 118 80
903 1558540266.734530 [T_ST] 1564649083.21057 118 79
904 1558540266.749530 [T_ST] 1564649083.21895 119 79
904 1558540266.749530 [T_ST] 1564649083.21939 119 79
905 1558540266.774520 [T_ST] 1564649083.22912 119 79
905 1558540266.774520 [T_ST] 1564649083.22939 118 79
906 1558540266.807920 [T_ST] 1564649083.24141 118 79
906 1558540266.807920 [T_ST] 1564649083.24234 118 79
906 1558540266.807920 [T_ST] 1564649083.24282 118 79
907 1558540266.853610 [T_ST] 1564649083.25282 118 80
907 1558540266.853610 [T_ST] 1564649083.25311 120 80
907 1558540266.853610 [T_ST] 1564649083.25401 119 79
908 1558540266.897000 [T_ST] 1564649083.28616 119 77
908 1558540266.897000 [T_ST] 1564649083.28636 119 77
908 1558540266.897000 [T_ST] 1564649083.28648 119 77
908 1558540266.897000 [T_ST] 1564649083.28661 119 77
908 1558540266.897000 [T_ST] 1564649083.28674 119 78
909 1558540266.938790 [T_ST] 1564649083.33347 119 78
909 1558540266.938790 [T_ST] 1564649083.33362 120 78
909 1558540266.938790 [T_ST] 1564649083.33391 120 78
910 1558540266.975560 [T_ST] 1564649083.37656 120 77
910 1558540266.975560 [T_ST] 1564649083.37698 121 77
910 1558540266.975560 [T_ST] 1564649083.37724 121 78
910 1558540266.975560 [T_ST] 1564649083.37743 123 78
911 1558540267.016830 [T_ST] 1564649083.4241 123 79
911 1558540267.016830 [T_ST] 1564649083.42448 121 78
911 1558540267.016830 [T_ST] 1564649083.42466 119 79
912 1558540267.055170 [T_ST] 1564649083.49466 119 78
912 1558540267.055170 [T_ST] 1564649083.49518 122 79
912 1558540267.055170 [T_ST] 1564649083.49543 125 81
913 1558540267.092600 [T_ST] 1564649083.53829 126 80
913 1558540267.092600 [T_ST] 1564649083.53863 127 78
913 1558540267.092600 [T_ST] 1564649083.53881 126 79
914 1558540267.129120 [T_ST] 1564649083.58588 127 80
914 1558540267.129120 [T_ST] 1564649083.5863 127 81
914 1558540267.129120 [T_ST] 1564649083.58652 128 80
914 1558540267.129120 [T_ST] 1564649083.58671 128 80
914 1558540267.129120 [T_ST] 1564649083.58687 128 80
915 1558540267.166920 [T_ST] 1564649083.63201 127 81
915 1558540267.166920 [T_ST] 1564649083.63246 128 80
916 1558540267.205680 [T_ST] 1564649083.68159 130 78
916 1558540267.205680 [T_ST] 1564649083.6819 131 78
916 1558540267.205680 [T_ST] 1564649083.68233 131 79
917 1558540267.242030 [T_ST] 1564649083.73059 131 79
917 1558540267.242030 [T_ST] 1564649083.7309 131 79
917 1558540267.242030 [T_ST] 1564649083.73113 131 78
917 1558540267.242030 [T_ST] 1564649083.73139 132 79
917 1558540267.242030 [T_ST] 1564649083.73166 133 79
918 1558540267.277970 [T_ST] 1564649083.77926 133 80
918 1558540267.277970 [T_ST] 1564649083.77974 133 80
918 1558540267.277970 [T_ST] 1564649083.7802 134 81
918 1558540267.277970 [T_ST] 1564649083.78053 134 82
919 1558540267.320720 [T_ST] 1564649083.82922 135 81
919 1558540267.320720 [T_ST] 1564649083.82947 135 81
919 1558540267.320720 [T_ST] 1564649083.82966 136 83
919 1558540267.320720 [T_ST] 1564649083.82986 136 82
920 1558540267.359260 [T_ST] 1564649083.87793 136 85
920 1558540267.359260 [T_ST] 1564649083.87818 136 85
920 1558540267.359260 [T_ST] 1564649083.87841 137 85
920 1558540267.359260 [T_ST] 1564649083.87873 137 86
921 1558540267.396010 [T_ST] 1564649083.92591 136 89
921 1558540267.396010 [T_ST] 1564649083.92633 137 88
921 1558540267.396010 [T_ST] 1564649083.92658 139 86
921 1558540267.396010 [T_ST] 1564649083.92698 139 86
922 1558540267.432010 [T_ST] 1564649083.97354 140 86
922 1558540267.432010 [T_ST] 1564649083.97409 141 85
922 1558540267.432010 [T_ST] 1564649083.97433 142 85
922 1558540267.432010 [T_ST] 1564649083.97462 143 85
923 1558540267.468890 [T_ST] 1564649084.01745 142 86
923 1558540267.468890 [T_ST] 1564649084.01784 143 85
923 1558540267.468890 [T_ST] 1564649084.01813 142 84
923 1558540267.468890 [T_ST] 1564649084.01878 141 84
924 1558540267.509500 [T_ST] 1564649084.06521 140 85
924 1558540267.509500 [T_ST] 1564649084.06545 140 85
924 1558540267.509500 [T_ST] 1564649084.06568 140 85
924 1558540267.509500 [T_ST] 1564649084.06585 139 85
925 1558540267.546250 [T_ST] 1564649084.1111 141 85
925 1558540267.546250 [T_ST] 1564649084.11134 141 84
925 1558540267.546250 [T_ST] 1564649084.11151 141 83
925 1558540267.546250 [T_ST] 1564649084.11174 140 82
925 1558540267.546250 [T_ST] 1564649084.11193 141 82
926 1558540267.581100 [T_ST] 1564649084.15593 141 82
926 1558540267.581100 [T_ST] 1564649084.1564 141 82
926 1558540267.581100 [T_ST] 1564649084.15679 141 82
926 1558540267.581100 [T_ST] 1564649084.15707 142 82
926 1558540267.581100 [T_ST] 1564649084.1573 142 82
927 1558540267.618580 [T_ST] 1564649084.22918 142 81
927 1558540267.618580 [T_ST] 1564649084.22943 142 81
927 1558540267.618580 [T_ST] 1564649084.22974 143 80
927 1558540267.618580 [T_ST] 1564649084.23004 142 81
927 1558540267.618580 [T_ST] 1564649084.23025 141 82
928 1558540267.656320 [T_ST] 1564649084.27343 140 82
928 1558540267.656320 [T_ST] 1564649084.27365 140 82
928 1558540267.656320 [T_ST] 1564649084.27384 138 82
928 1558540267.656320 [T_ST] 1564649084.27404 139 82
928 1558540267.656320 [T_ST] 1564649084.27422 138 82
929 1558540267.693190 [T_ST] 1564649084.31429 135 84
929 1558540267.693190 [T_ST] 1564649084.31449 135 84
929 1558540267.693190 [T_ST] 1564649084.31466 135 85
929 1558540267.693190 [T_ST] 1564649084.31485 135 85
930 1558540267.729900 [T_ST] 1564649084.38088 135 85
930 1558540267.729900 [T_ST] 1564649084.38126 136 84
930 1558540267.729900 [T_ST] 1564649084.3815 136 85
930 1558540267.729900 [T_ST] 1564649084.38173 137 85
930 1558540267.729900 [T_ST] 1564649084.38197 137 84
931 1558540267.767690 [T_ST] 1564649084.42405 137 85
931 1558540267.767690 [T_ST] 1564649084.42429 136 84
931 1558540267.767690 [T_ST] 1564649084.42448 136 84
931 1558540267.767690 [T_ST] 1564649084.42461 135 83
931 1558540267.767690 [T_ST] 1564649084.42478 135 83
932 1558540267.806100 [T_ST] 1564649084.48957 135 82
932 1558540267.806100 [T_ST] 1564649084.48981 136 82
932 1558540267.806100 [T_ST] 1564649084.4901 136 81
932 1558540267.806100 [T_ST] 1564649084.49037 136 81
933 1558540267.844610 [T_ST] 1564649084.53053 137 81
933 1558540267.844610 [T_ST] 1564649084.53079 138 81
933 1558540267.844610 [T_ST] 1564649084.53093 137 82
933 1558540267.844610 [T_ST] 1564649084.53106 138 81
934 1558540267.881820 [T_ST] 1564649084.57676 139 80
934 1558540267.881820 [T_ST] 1564649084.57716 139 80
934 1558540267.881820 [T_ST] 1564649084.57742 138 79
934 1558540267.881820 [T_ST] 1564649084.57765 138 77
935 1558540267.920640 [T_ST] 1564649084.62383 138 78
935 1558540267.920640 [T_ST] 1564649084.62421 138 83
935 1558540267.920640 [T_ST] 1564649084.62446 138 82
935 1558540267.920640 [T_ST] 1564649084.62463 136 80
936 1558540267.958870 [T_ST] 1564649084.69716 136 81
936 1558540267.958870 [T_ST] 1564649084.69739 137 83
936 1558540267.958870 [T_ST] 1564649084.69761 137 85
936 1558540267.958870 [T_ST] 1564649084.69785 135 84
936 1558540267.958870 [T_ST] 1564649084.69808 135 83
937 1558540267.994960 [T_ST] 1564649084.74222 135 82
937 1558540267.994960 [T_ST] 1564649084.74248 134 82
937 1558540267.994960 [T_ST] 1564649084.74273 134 84
937 1558540267.994960 [T_ST] 1564649084.74296 134 84
937 1558540267.994960 [T_ST] 1564649084.74318 134 85
938 1558540268.032230 [T_ST] 1564649084.78493 135 86
938 1558540268.032230 [T_ST] 1564649084.78569 134 87
938 1558540268.032230 [T_ST] 1564649084.78588 135 85
939 1558540268.071010 [T_ST] 1564649084.84405 135 85
939 1558540268.071010 [T_ST] 1564649084.84439 135 85
939 1558540268.071010 [T_ST] 1564649084.84456 136 85
939 1558540268.071010 [T_ST] 1564649084.84479 135 84
939 1558540268.071010 [T_ST] 1564649084.84497 135 84
940 1558540268.109900 [T_ST] 1564649084.88841 136 84
940 1558540268.109900 [T_ST] 1564649084.88858 136 84
940 1558540268.109900 [T_ST] 1564649084.88872 135 83
940 1558540268.109900 [T_ST] 1564649084.88884 135 83
940 1558540268.109900 [T_ST] 1564649084.88899 135 83
941 1558540268.146690 [T_ST] 1564649084.93134 134 84
941 1558540268.146690 [T_ST] 1564649084.93171 136 81
941 1558540268.146690 [T_ST] 1564649084.9319 137 80
941 1558540268.146690 [T_ST] 1564649084.93213 137 79
942 1558540268.183000 [T_ST] 1564649084.97636 137 79
942 1558540268.183000 [T_ST] 1564649084.9768 140 78
942 1558540268.183000 [T_ST] 1564649084.97711 141 79
942 1558540268.183000 [T_ST] 1564649084.97729 141 78
942 1558540268.183000 [T_ST] 1564649084.97747 141 78
942 1558540268.183000 [T_ST] 1564649084.97772 141 78
943 1558540268.221540 [T_ST] 1564649085.02374 141 79
943 1558540268.221540 [T_ST] 1564649085.02417 142 79
943 1558540268.221540 [T_ST] 1564649085.02436 141 78
943 1558540268.221540 [T_ST] 1564649085.02454 141 77
944 1558540268.259600 [T_ST] 1564649085.09398 141 77
944 1558540268.259600 [T_ST] 1564649085.09428 142 78
944 1558540268.259600 [T_ST] 1564649085.09458 144 77
944 1558540268.259600 [T_ST] 1564649085.09486 144 76
944 1558540268.259600 [T_ST] 1564649085.0951 143 74
945 1558540268.296060 [T_ST] 1564649085.13248 143 74
945 1558540268.296060 [T_ST] 1564649085.13275 144 75
945 1558540268.296060 [T_ST] 1564649085.13292 144 74
945 1558540268.296060 [T_ST] 1564649085.13304 144 74
946 1558540268.333220 [T_ST] 1564649085.17547 144 73
946 1558540268.333220 [T_ST] 1564649085.17574 145 73
946 1558540268.333220 [T_ST] 1564649085.17594 146 72
946 1558540268.333220 [T_ST] 1564649085.17612 145 72
946 1558540268.333220 [T_ST] 1564649085.17626 144 73
946 1558540268.333220 [T_ST] 1564649085.17641 144 72
947 1558540268.371590 [T_ST] 1564649085.21773 144 72
947 1558540268.371590 [T_ST] 1564649085.21792 144 71
947 1558540268.371590 [T_ST] 1564649085.21815 144 72
947 1558540268.371590 [T_ST] 1564649085.21839 143 74
947 1558540268.371590 [T_ST] 1564649085.21862 143 76
948 1558540268.410890 [T_ST] 1564649085.26113 143 77
948 1558540268.410890 [T_ST] 1564649085.26133 143 77
948 1558540268.410890 [T_ST] 1564649085.26148 143 76
948 1558540268.410890 [T_ST] 1564649085.26165 143 77
948 1558540268.410890 [T_ST] 1564649085.26181 143 76
949 1558540268.447270 [T_ST] 1564649085.31199 143 75
949 1558540268.447270 [T_ST] 1564649085.31231 144 76
949 1558540268.447270 [T_ST] 1564649085.31262 142 75
949 1558540268.447270 [T_ST] 1564649085.31289 145 75
950 1558540268.483840 [T_ST] 1564649085.37704 145 75
950 1558540268.483840 [T_ST] 1564649085.37749 144 76
950 1558540268.483840 [T_ST] 1564649085.37778 142 75
950 1558540268.483840 [T_ST] 1564649085.37797 141 74
950 1558540268.483840 [T_ST] 1564649085.37824 141 74
951 1558540268.523710 [T_ST] 1564649085.43362 142 73
951 1558540268.523710 [T_ST] 1564649085.43389 141 74
951 1558540268.523710 [T_ST] 1564649085.43409 141 75
951 1558540268.523710 [T_ST] 1564649085.43429 141 74
951 1558540268.523710 [T_ST] 1564649085.43448 142 74
952 1558540268.561570 [T_ST] 1564649085.47849 143 75
952 1558540268.561570 [T_ST] 1564649085.47867 142 74
952 1558540268.561570 [T_ST] 1564649085.47888 144 75
952 1558540268.561570 [T_ST] 1564649085.47905 146 77
952 1558540268.561570 [T_ST] 1564649085.4792 146 78
953 1558540268.599970 [T_ST] 1564649085.5253 145 77
953 1558540268.599970 [T_ST] 1564649085.52567 143 76
953 1558540268.599970 [T_ST] 1564649085.52591 144 75
953 1558540268.599970 [T_ST] 1564649085.52609 144 75
953 1558540268.599970 [T_ST] 1564649085.52627 143 75
954 1558540268.636280 [T_ST] 1564649085.57778 143 75
954 1558540268.636280 [T_ST] 1564649085.57823 145 76
954 1558540268.636280 [T_ST] 1564649085.57862 146 75
954 1558540268.636280 [T_ST] 1564649085.5789 146 75
954 1558540268.636280 [T_ST] 1564649085.57916 146 75
955 1558540268.675720 [T_ST] 1564649085.62629 147 74
955 1558540268.675720 [T_ST] 1564649085.62664 148 75
955 1558540268.675720 [T_ST] 1564649085.62684 150 74
955 1558540268.675720 [T_ST] 1564649085.62705 150 75
956 1558540268.714810 [T_ST] 1564649085.67483 151 73
956 1558540268.714810 [T_ST] 1564649085.67521 151 72
956 1558540268.714810 [T_ST] 1564649085.67552 152 72
956 1558540268.714810 [T_ST] 1564649085.67569 151 71
957 1558540268.751570 [T_ST] 1564649085.73198 151 70
957 1558540268.751570 [T_ST] 1564649085.73213 151 69
957 1558540268.751570 [T_ST] 1564649085.7323 150 68
957 1558540268.751570 [T_ST] 1564649085.73244 150 68
957 1558540268.751570 [T_ST] 1564649085.73259 150 68
957 1558540268.751570 [T_ST] 1564649085.73275 150 69
958 1558540268.789150 [T_ST] 1564649085.77527 150 69
958 1558540268.789150 [T_ST] 1564649085.7756 149 68
958 1558540268.789150 [T_ST] 1564649085.7758 149 68
958 1558540268.789150 [T_ST] 1564649085.77597 149 68
958 1558540268.789150 [T_ST] 1564649085.77611 148 69
959 1558540268.827510 [T_ST] 1564649085.81863 148 68
959 1558540268.827510 [T_ST] 1564649085.81998 148 69
959 1558540268.827510 [T_ST] 1564649085.82032 148 70
959 1558540268.827510 [T_ST] 1564649085.82059 147 71
960 1558540268.866660 [T_ST] 1564649085.8693 147 72
960 1558540268.866660 [T_ST] 1564649085.86966 146 72
960 1558540268.866660 [T_ST] 1564649085.87 146 72
960 1558540268.866660 [T_ST] 1564649085.87115 146 73
961 1558540268.904740 [T_ST] 1564649085.91839 146 73
961 1558540268.904740 [T_ST] 1564649085.91885 146 74
961 1558540268.904740 [T_ST] 1564649085.91914 146 73
962 1558540268.941210 [T_ST] 1564649085.96173 145 74
962 1558540268.941210 [T_ST] 1564649085.96208 144 73
962 1558540268.941210 [T_ST] 1564649085.9623 143 73
962 1558540268.941210 [T_ST] 1564649085.96246 143 74
962 1558540268.941210 [T_ST] 1564649085.9626 143 73
963 1558540268.978960 [T_ST] 1564649086.00889 143 74
963 1558540268.978960 [T_ST] 1564649086.00909 143 73
963 1558540268.978960 [T_ST] 1564649086.00924 144 74
963 1558540268.978960 [T_ST] 1564649086.00955 143 73
964 1558540269.017210 [T_ST] 1564649086.05937 143 74
964 1558540269.017210 [T_ST] 1564649086.06014 144 73
964 1558540269.017210 [T_ST] 1564649086.06057 145 73
965 1558540269.054090 [T_ST] 1564649086.1127 144 74
965 1558540269.054090 [T_ST] 1564649086.11306 144 74
965 1558540269.054090 [T_ST] 1564649086.11344 145 74
968 1558540269.112390 [T_ST] 1564649086.16253 146 74
985 1558540269.136850 [T_ST] 1564649086.19754 145 74
996 1558540269.160280 [T_ST] 1564649086.22068 145 74
999 1558540269.180520 [T_ST] 1564649086.2282 146 74
1000 1558540269.192510 [T_ST] 1564649086.23532 148 74
1000 1558540269.192510 [T_ST] 1564649086.23549 148 75
1001 1558540269.206500 [T_ST] 1564649086.26445 148 76
1002 1558540269.221510 [T_ST] 1564649086.28389 149 75
1002 1558540269.221510 [T_ST] 1564649086.28421 148 76
1003 1558540269.235520 [T_ST] 1564649086.29872 147 77
1003 1558540269.235520 [T_ST] 1564649086.29901 148 78
1004 1558540269.251520 [T_ST] 1564649086.3156 148 79
1004 1558540269.251520 [T_ST] 1564649086.31583 148 79
1004 1558540269.251520 [T_ST] 1564649086.31605 149 79
1005 1558540269.276840 [T_ST] 1564649086.35091 149 80
1005 1558540269.276840 [T_ST] 1564649086.35123 149 80
1005 1558540269.276840 [T_ST] 1564649086.35155 147 79
1005 1558540269.276840 [T_ST] 1564649086.35183 148 79
1005 1558540269.276840 [T_ST] 1564649086.35205 148 78
1006 1558540269.317800 [T_ST] 1564649086.40298 148 78
1006 1558540269.317800 [T_ST] 1564649086.40359 149 76
1006 1558540269.317800 [T_ST] 1564649086.40396 150 75
1006 1558540269.317800 [T_ST] 1564649086.40421 150 75
1006 1558540269.317800 [T_ST] 1564649086.40448 150 73
1007 1558540269.361920 [T_ST] 1564649086.47547 152 71
1007 1558540269.361920 [T_ST] 1564649086.47566 153 71
1007 1558540269.361920 [T_ST] 1564649086.47586 154 71
1007 1558540269.361920 [T_ST] 1564649086.47604 153 70
1007 1558540269.361920 [T_ST] 1564649086.47622 153 69
1008 1558540269.406690 [T_ST] 1564649086.52812 153 68
1008 1558540269.406690 [T_ST] 1564649086.52847 153 68
1008 1558540269.406690 [T_ST] 1564649086.52869 153 68
1009 1558540269.444680 [T_ST] 1564649086.59291 154 67
1009 1558540269.444680 [T_ST] 1564649086.59331 154 67
1009 1558540269.444680 [T_ST] 1564649086.59354 153 69
1009 1558540269.444680 [T_ST] 1564649086.59374 152 69
1009 1558540269.444680 [T_ST] 1564649086.59394 153 71
1010 1558540269.482960 [T_ST] 1564649086.63382 151 73
1010 1558540269.482960 [T_ST] 1564649086.63398 151 73
1010 1558540269.482960 [T_ST] 1564649086.63416 152 72
1011 1558540269.522560 [T_ST] 1564649086.67707 152 70
1011 1558540269.522560 [T_ST] 1564649086.67723 152 68
1011 1558540269.522560 [T_ST] 1564649086.67741 153 69
1011 1558540269.522560 [T_ST] 1564649086.67766 154 70
1011 1558540269.522560 [T_ST] 1564649086.67781 154 70
1012 1558540269.560100 [T_ST] 1564649086.73234 153 70
1012 1558540269.560100 [T_ST] 1564649086.73274 154 70
1012 1558540269.560100 [T_ST] 1564649086.73314 153 70
1012 1558540269.560100 [T_ST] 1564649086.73354 153 70
1012 1558540269.560100 [T_ST] 1564649086.7339 153 69
1013 1558540269.596520 [T_ST] 1564649086.79288 153 67
1013 1558540269.596520 [T_ST] 1564649086.79333 154 67
1013 1558540269.596520 [T_ST] 1564649086.79373 156 69
1013 1558540269.596520 [T_ST] 1564649086.79393 156 69
1014 1558540269.633520 [T_ST] 1564649086.8321 155 69
1014 1558540269.633520 [T_ST] 1564649086.8323 155 69
1014 1558540269.633520 [T_ST] 1564649086.83245 156 70
1014 1558540269.633520 [T_ST] 1564649086.83259 155 70
1014 1558540269.633520 [T_ST] 1564649086.83275 155 70
1015 1558540269.671930 [T_ST] 1564649086.87796 155 69
1015 1558540269.671930 [T_ST] 1564649086.87819 155 70
1015 1558540269.671930 [T_ST] 1564649086.87842 156 70
1015 1558540269.671930 [T_ST] 1564649086.87861 156 71
1015 1558540269.671930 [T_ST] 1564649086.87879 156 72
1016 1558540269.709250 [T_ST] 1564649086.92421 156 71
1016 1558540269.709250 [T_ST] 1564649086.92443 157 70
1016 1558540269.709250 [T_ST] 1564649086.92462 157 70
1016 1558540269.709250 [T_ST] 1564649086.92493 156 69
1017 1558540269.746150 [T_ST] 1564649086.97789 157 69
1017 1558540269.746150 [T_ST] 1564649086.97854 156 69
1017 1558540269.746150 [T_ST] 1564649086.97915 156 69
1017 1558540269.746150 [T_ST] 1564649086.97945 156 68
1018 1558540269.784140 [T_ST] 1564649087.02755 157 69
1018 1558540269.784140 [T_ST] 1564649087.02785 156 69
1018 1558540269.784140 [T_ST] 1564649087.02827 155 71
1018 1558540269.784140 [T_ST] 1564649087.02854 156 70
1019 1558540269.823970 [T_ST] 1564649087.09854 155 70
1019 1558540269.823970 [T_ST] 1564649087.09901 155 71
1019 1558540269.823970 [T_ST] 1564649087.09925 155 70
1019 1558540269.823970 [T_ST] 1564649087.09953 154 69
1020 1558540269.860780 [T_ST] 1564649087.1431 155 70
1020 1558540269.860780 [T_ST] 1564649087.14353 156 72
1020 1558540269.860780 [T_ST] 1564649087.14393 158 68
1021 1558540269.897570 [T_ST] 1564649087.1879 157 67
1021 1558540269.897570 [T_ST] 1564649087.18838 159 69
1021 1558540269.897570 [T_ST] 1564649087.18863 159 68
1021 1558540269.897570 [T_ST] 1564649087.1889 158 66
1021 1558540269.897570 [T_ST] 1564649087.1891 159 67
1022 1558540269.935250 [T_ST] 1564649087.23531 159 67
1022 1558540269.935250 [T_ST] 1564649087.23559 161 70
1022 1558540269.935250 [T_ST] 1564649087.23583 160 68
1022 1558540269.935250 [T_ST] 1564649087.23603 163 72
1023 1558540269.974210 [T_ST] 1564649087.30124 166 75
1023 1558540269.974210 [T_ST] 1564649087.30145 167 76
1023 1558540269.974210 [T_ST] 1564649087.30173 167 78
1023 1558540269.974210 [T_ST] 1564649087.30196 168 81
1023 1558540269.974210 [T_ST] 1564649087.30221 168 84
1024 1558540270.013470 [T_ST] 1564649087.36989 168 82
1024 1558540270.013470 [T_ST] 1564649087.3703 168 82
1024 1558540270.013470 [T_ST] 1564649087.37055 168 83
1024 1558540270.013470 [T_ST] 1564649087.37078 168 85
1024 1558540270.013470 [T_ST] 1564649087.37098 169 85
1024 1558540270.013470 [T_ST] 1564649087.3712 168 85
1025 1558540270.049600 [T_ST] 1564649087.41253 169 86
1025 1558540270.049600 [T_ST] 1564649087.41284 171 90
1025 1558540270.049600 [T_ST] 1564649087.413 169 90
1025 1558540270.049600 [T_ST] 1564649087.41315 169 89
1026 1558540270.087770 [T_ST] 1564649087.47573 170 89
1026 1558540270.087770 [T_ST] 1564649087.47622 171 88
1026 1558540270.087770 [T_ST] 1564649087.47651 170 90
1026 1558540270.087770 [T_ST] 1564649087.47675 170 92
1026 1558540270.087770 [T_ST] 1564649087.47697 170 91
1027 1558540270.127730 [T_ST] 1564649087.52601 170 90
1027 1558540270.127730 [T_ST] 1564649087.52624 170 91
1027 1558540270.127730 [T_ST] 1564649087.52646 171 89
1027 1558540270.127730 [T_ST] 1564649087.52667 171 91
1027 1558540270.127730 [T_ST] 1564649087.52685 173 90
1027 1558540270.127730 [T_ST] 1564649087.52704 172 88
1028 1558540270.165960 [T_ST] 1564649087.59425 172 88
1028 1558540270.165960 [T_ST] 1564649087.59481 172 89
1028 1558540270.165960 [T_ST] 1564649087.59524 172 87
1028 1558540270.165960 [T_ST] 1564649087.59558 173 87
1029 1558540270.202490 [T_ST] 1564649087.6369 175 87
1029 1558540270.202490 [T_ST] 1564649087.63716 175 89
1029 1558540270.202490 [T_ST] 1564649087.63743 175 89
1030 1558540270.239910 [T_ST] 1564649087.67979 174 89
1030 1558540270.239910 [T_ST] 1564649087.67998 174 88
1030 1558540270.239910 [T_ST] 1564649087.68024 172 90
1030 1558540270.239910 [T_ST] 1564649087.68058 172 89
1030 1558540270.239910 [T_ST] 1564649087.6808 172 89
1031 1558540270.286740 [T_ST] 1564649087.754 172 88
1031 1558540270.286740 [T_ST] 1564649087.75449 172 88
1031 1558540270.286740 [T_ST] 1564649087.75514 172 88
1031 1558540270.286740 [T_ST] 1564649087.75534 172 88
1031 1558540270.286740 [T_ST] 1564649087.75553 173 88
1032 1558540270.330450 [T_ST] 1564649087.80469 172 88
1032 1558540270.330450 [T_ST] 1564649087.80497 172 88
1032 1558540270.330450 [T_ST] 1564649087.80538 173 87
1032 1558540270.330450 [T_ST] 1564649087.80559 172 87
1032 1558540270.330450 [T_ST] 1564649087.8058 172 87
1033 1558540270.369720 [T_ST] 1564649087.85536 172 87
1033 1558540270.369720 [T_ST] 1564649087.85596 171 88
1033 1558540270.369720 [T_ST] 1564649087.85626 172 88
1033 1558540270.369720 [T_ST] 1564649087.85656 172 87
1034 1558540270.406220 [T_ST] 1564649087.90165 172 87
1034 1558540270.406220 [T_ST] 1564649087.90219 174 87
1034 1558540270.406220 [T_ST] 1564649087.90248 173 88
1034 1558540270.406220 [T_ST] 1564649087.90273 173 89
1035 1558540270.445190 [T_ST] 1564649087.96277 172 90
1035 1558540270.445190 [T_ST] 1564649087.96332 171 90
1035 1558540270.445190 [T_ST] 1564649087.96361 171 90
1035 1558540270.445190 [T_ST] 1564649087.96391 172 91
1035 1558540270.445190 [T_ST] 1564649087.96442 172 91
1036 1558540270.486930 [T_ST] 1564649088.03617 172 91
1036 1558540270.486930 [T_ST] 1564649088.03709 171 91
1036 1558540270.486930 [T_ST] 1564649088.03749 171 90
1037 1558540270.534470 [T_ST] 1564649088.09818 171 90
1037 1558540270.534470 [T_ST] 1564649088.09844 171 90
1037 1558540270.534470 [T_ST] 1564649088.09872 172 89
1037 1558540270.534470 [T_ST] 1564649088.09897 172 88
1037 1558540270.534470 [T_ST] 1564649088.09927 172 87
1038 1558540270.573510 [T_ST] 1564649088.16316 171 86
1038 1558540270.573510 [T_ST] 1564649088.16384 173 85
1038 1558540270.573510 [T_ST] 1564649088.16405 172 85
1038 1558540270.573510 [T_ST] 1564649088.16425 172 85
1038 1558540270.573510 [T_ST] 1564649088.16444 174 82
1038 1558540270.573510 [T_ST] 1564649088.16463 174 81
1039 1558540270.612510 [T_ST] 1564649088.20825 174 82
1039 1558540270.612510 [T_ST] 1564649088.20843 174 82
1039 1558540270.612510 [T_ST] 1564649088.20857 174 82
1039 1558540270.612510 [T_ST] 1564649088.20872 175 82
1039 1558540270.612510 [T_ST] 1564649088.20889 175 83
1040 1558540270.649040 [T_ST] 1564649088.25864 175 83
1040 1558540270.649040 [T_ST] 1564649088.25891 174 84
1040 1558540270.649040 [T_ST] 1564649088.25916 173 85
1040 1558540270.649040 [T_ST] 1564649088.25942 174 86
1040 1558540270.649040 [T_ST] 1564649088.25964 174 87
1041 1558540270.688870 [T_ST] 1564649088.3123 175 87
1041 1558540270.688870 [T_ST] 1564649088.3127 175 87
1041 1558540270.688870 [T_ST] 1564649088.31298 175 87
1041 1558540270.688870 [T_ST] 1564649088.31338 175 87
1041 1558540270.688870 [T_ST] 1564649088.31369 177 87
1042 1558540270.726120 [T_ST] 1564649088.36967 177 87
1042 1558540270.726120 [T_ST] 1564649088.3703 176 87
1042 1558540270.726120 [T_ST] 1564649088.3705 175 87
1042 1558540270.726120 [T_ST] 1564649088.37068 176 87
1042 1558540270.726120 [T_ST] 1564649088.37092 176 87
1043 1558540270.765700 [T_ST] 1564649088.43688 176 87
1043 1558540270.765700 [T_ST] 1564649088.4374 175 87
1043 1558540270.765700 [T_ST] 1564649088.4378 176 88
1044 1558540270.803910 [T_ST] 1564649088.48046 176 87
1044 1558540270.803910 [T_ST] 1564649088.48073 178 87
1044 1558540270.803910 [T_ST] 1564649088.48088 178 87
1045 1558540270.843240 [T_ST] 1564649088.5339 176 86
1045 1558540270.843240 [T_ST] 1564649088.5342 174 86
1045 1558540270.843240 [T_ST] 1564649088.53459 173 86
1046 1558540270.882340 [T_ST] 1564649088.58857 171 85
1046 1558540270.882340 [T_ST] 1564649088.58924 172 86
1046 1558540270.882340 [T_ST] 1564649088.58972 171 85
1047 1558540270.922570 [T_ST] 1564649088.63937 171 85
1047 1558540270.922570 [T_ST] 1564649088.63964 171 84
1049 1558540271.005700 [T_ST] 1564649088.74555 173 84
1050 1558540271.047130 [T_ST] 1564649088.81286 173 85
1050 1558540271.047130 [T_ST] 1564649088.81334 174 84
1050 1558540271.047130 [T_ST] 1564649088.81371 173 83
1051 1558540271.094120 [T_ST] 1564649088.87215 173 84
1052 1558540271.137890 [T_ST] 1564649088.94945 173 86
1052 1558540271.137890 [T_ST] 1564649088.94989 171 86
1052 1558540271.137890 [T_ST] 1564649088.95016 172 86
1053 1558540271.185560 [T_ST] 1564649089.00509 171 87
1053 1558540271.185560 [T_ST] 1564649089.00569 170 88
1053 1558540271.185560 [T_ST] 1564649089.00637 169 90
1053 1558540271.185560 [T_ST] 1564649089.00702 169 91
1053 1558540271.185560 [T_ST] 1564649089.00742 168 90
1053 1558540271.185560 [T_ST] 1564649089.00778 169 91
1054 1558540271.231550 [T_ST] 1564649089.06655 170 91
1054 1558540271.231550 [T_ST] 1564649089.06708 172 91
1054 1558540271.231550 [T_ST] 1564649089.06795 172 91
1055 1558540271.269530 [T_ST] 1564649089.12117 173 91
1057 1558540271.292190 [T_ST] 1564649089.14583 172 91
1068 1558540271.310270 [T_ST] 1564649089.16677 171 91
1101 1558540271.348550 [T_ST] 1564649089.23693 172 92
1173 1558540271.431790 [T_ST] 1564649089.39678 172 92
1251 1558540271.520040 [T_ST] 1564649089.562 171 93
1298 1558540271.596870 [T_ST] 1564649089.6605 169 93
1339 1558540271.648880 [T_ST] 1564649089.74572 168 94
1366 1558540271.692950 [T_ST] 1564649089.80272 168 92
1391 1558540271.749000 [T_ST] 1564649089.85532 167 92
1406 1558540271.826570 [T_ST] 1564649089.88766 168 93
1414 1558540271.863870 [T_ST] 1564649089.9046 169 94
1417 1558540271.890060 [T_ST] 1564649089.91023 169 94
1439 1558540271.938540 [T_ST] 1564649089.95749 170 94
1465 1558540271.990720 [T_ST] 1564649090.01042 170 94
1479 1558540272.052040 [T_ST] 1564649090.05182 171 94
1547 1558540272.184550 [T_ST] 1564649090.19736 170 95
2066 1558540272.725560 [T_ST] 1564649091.31198 168 95
2554 1558540273.260160 [T_ST] 1564649092.36817 167 94
